#
# A fatal error has been detected by the Java Runtime Environment:
#
#  EXCEPTION_ACCESS_VIOLATION (0xc0000005) at pc=0x00007ff9bb63829a, pid=12108, tid=17636
#
# JRE version: OpenJDK Runtime Environment Microsoft-7626293 (17.0.7+7) (build 17.0.7+7-LTS)
# Java VM: OpenJDK 64-Bit Server VM Microsoft-7626293 (17.0.7+7-LTS, mixed mode, sharing, tiered, compressed oops, compressed class ptrs, g1 gc, windows-amd64)
# Problematic frame:
# C  [opengl32.dll+0x2829a]
#
# No core dump will be written. Minidumps are not enabled by default on client versions of Windows
#
# If you would like to submit a bug report, please visit:
#   https://github.com/microsoft/openjdk/issues
# The crash happened outside the Java Virtual Machine in native code.
# See problematic frame for where to report the bug.
#

---------------  S U M M A R Y ------------

Command Line: -Duser.dir=C:\Users\weicl\Desktop\kepler\compose -agentlib:jdwp=transport=dt_socket,server=y,suspend=y,quiet=n -Duser.dir=C:\Users\weicl\Desktop\kepler\compose main

Host: 12th Gen Intel(R) Core(TM) i5-1240P, 16 cores, 31G,  Windows 11 , 64 bit Build 22621 (10.0.22621.1635)
Time: Sun May 21 23:18:38 2023  Windows 11 , 64 bit Build 22621 (10.0.22621.1635) elapsed time: 6.603673 seconds (0d 0h 0m 6s)

---------------  T H R E A D  ---------------

Current thread (0x000001a5c87c8920):  JavaThread "Thread-0" [_thread_in_native, id=17636, stack(0x000000802ea00000,0x000000802eb00000)]

Stack: [0x000000802ea00000,0x000000802eb00000],  sp=0x000000802eaf9350,  free space=996k
Native frames: (J=compiled Java code, j=interpreted, Vv=VM code, C=native code)
C  [opengl32.dll+0x2829a]

Java frames: (J=compiled Java code, j=interpreted, Vv=VM code)
j  org.lwjgl.system.JNI.callI(J)I+0
j  org.lwjgl.opengl.GL.createCapabilities(ZLjava/util/function/IntFunction;)Lorg/lwjgl/opengl/GLCapabilities;+78
j  org.lwjgl.opengl.GL.createCapabilities(Ljava/util/function/IntFunction;)Lorg/lwjgl/opengl/GLCapabilities;+2
j  org.lwjgl.opengl.GL.createCapabilities()Lorg/lwjgl/opengl/GLCapabilities;+1
j  com.github.yjgbg.compose.OpenGLRuntime$.apply$$anonfun$3$$anonfun$2(Lscala/Tuple2;)V+21
j  com.github.yjgbg.compose.OpenGLRuntime$$$Lambda$129+0x00000008010fd000.applyVoid(Ljava/lang/Object;)V+8
j  scala.runtime.function.JProcedure1.apply(Ljava/lang/Object;)Lscala/runtime/BoxedUnit;+2
j  scala.runtime.function.JProcedure1.apply(Ljava/lang/Object;)Ljava/lang/Object;+2
j  scala.collection.IterableOnceOps.foreach(Lscala/Function1;)V+26
j  scala.collection.IterableOnceOps.foreach$(Lscala/collection/IterableOnceOps;Lscala/Function1;)V+2
j  scala.collection.AbstractIterable.foreach(Lscala/Function1;)V+2
j  scala.collection.IterableOps$WithFilter.foreach(Lscala/Function1;)V+5
j  com.github.yjgbg.compose.OpenGLRuntime$.apply$$anonfun$3(Lscala/collection/immutable/HashMap;Lscala/collection/immutable/HashMap;)V+30
j  com.github.yjgbg.compose.OpenGLRuntime$$$Lambda$127+0x00000008010ff528.applyVoid(Ljava/lang/Object;Ljava/lang/Object;)V+12
j  scala.runtime.function.JProcedure2.apply(Ljava/lang/Object;Ljava/lang/Object;)Lscala/runtime/BoxedUnit;+3
j  scala.runtime.function.JProcedure2.apply(Ljava/lang/Object;Ljava/lang/Object;)Ljava/lang/Object;+3
j  com.github.yjgbg.compose.Rx$.useState$$anonfun$1$$anonfun$1(Ljava/lang/Object;Ljava/lang/Object;Lcom/github/yjgbg/compose/Rx$WeakEntry;)V+16
j  com.github.yjgbg.compose.Rx$$$Lambda$112+0x00000008010eadd0.accept(Ljava/lang/Object;)V+16
j  java.util.concurrent.CopyOnWriteArrayList.forEach(Ljava/util/function/Consumer;)V+35 java.base@17.0.7
j  com.github.yjgbg.compose.Rx$.useState$$anonfun$1(Lcom/github/yjgbg/compose/Rx;Ljava/lang/Object;)V+33
j  com.github.yjgbg.compose.Rx$$$Lambda$1+0x000000080100e8d8.applyVoid(Ljava/lang/Object;)V+9
j  scala.runtime.function.JProcedure1.apply(Ljava/lang/Object;)Lscala/runtime/BoxedUnit;+2
j  scala.runtime.function.JProcedure1.apply(Ljava/lang/Object;)Ljava/lang/Object;+2
j  com.github.yjgbg.compose.Rx$.map$$anonfun$1(Lscala/Function1;Lscala/Function1;Ljava/lang/Object;Ljava/lang/Object;)V+9
j  com.github.yjgbg.compose.Rx$$$Lambda$16+0x00000008010bf1f0.applyVoid(Ljava/lang/Object;Ljava/lang/Object;)V+14
j  scala.runtime.function.JProcedure2.apply(Ljava/lang/Object;Ljava/lang/Object;)Lscala/runtime/BoxedUnit;+3
j  scala.runtime.function.JProcedure2.apply(Ljava/lang/Object;Ljava/lang/Object;)Ljava/lang/Object;+3
j  com.github.yjgbg.compose.Rx$.useState$$anonfun$1$$anonfun$1(Ljava/lang/Object;Ljava/lang/Object;Lcom/github/yjgbg/compose/Rx$WeakEntry;)V+16
j  com.github.yjgbg.compose.Rx$$$Lambda$112+0x00000008010eadd0.accept(Ljava/lang/Object;)V+16
j  java.util.concurrent.CopyOnWriteArrayList.forEach(Ljava/util/function/Consumer;)V+35 java.base@17.0.7
j  com.github.yjgbg.compose.Rx$.useState$$anonfun$1(Lcom/github/yjgbg/compose/Rx;Ljava/lang/Object;)V+33
j  com.github.yjgbg.compose.Rx$$$Lambda$1+0x000000080100e8d8.applyVoid(Ljava/lang/Object;)V+9
j  scala.runtime.function.JProcedure1.apply(Ljava/lang/Object;)Lscala/runtime/BoxedUnit;+2
j  scala.runtime.function.JProcedure1.apply(Ljava/lang/Object;)Ljava/lang/Object;+2
j  com.github.yjgbg.compose.Rx$.zip$$anonfun$1(Lcom/github/yjgbg/compose/Rx;Lscala/Function1;Ljava/lang/Object;Ljava/lang/Object;)V+14
j  com.github.yjgbg.compose.Rx$$$Lambda$58+0x00000008010d6660.applyVoid(Ljava/lang/Object;Ljava/lang/Object;)V+14
j  scala.runtime.function.JProcedure2.apply(Ljava/lang/Object;Ljava/lang/Object;)Lscala/runtime/BoxedUnit;+3
j  scala.runtime.function.JProcedure2.apply(Ljava/lang/Object;Ljava/lang/Object;)Ljava/lang/Object;+3
j  com.github.yjgbg.compose.Rx$.useState$$anonfun$1$$anonfun$1(Ljava/lang/Object;Ljava/lang/Object;Lcom/github/yjgbg/compose/Rx$WeakEntry;)V+16
j  com.github.yjgbg.compose.Rx$$$Lambda$112+0x00000008010eadd0.accept(Ljava/lang/Object;)V+16
j  java.util.concurrent.CopyOnWriteArrayList.forEach(Ljava/util/function/Consumer;)V+35 java.base@17.0.7
j  com.github.yjgbg.compose.Rx$.useState$$anonfun$1(Lcom/github/yjgbg/compose/Rx;Ljava/lang/Object;)V+33
j  com.github.yjgbg.compose.Rx$$$Lambda$1+0x000000080100e8d8.applyVoid(Ljava/lang/Object;)V+9
j  scala.runtime.function.JProcedure1.apply(Ljava/lang/Object;)Lscala/runtime/BoxedUnit;+2
j  scala.runtime.function.JProcedure1.apply(Ljava/lang/Object;)Ljava/lang/Object;+2
j  com.github.yjgbg.compose.Rx$.map$$anonfun$1(Lscala/Function1;Lscala/Function1;Ljava/lang/Object;Ljava/lang/Object;)V+9
j  com.github.yjgbg.compose.Rx$$$Lambda$16+0x00000008010bf1f0.applyVoid(Ljava/lang/Object;Ljava/lang/Object;)V+14
j  scala.runtime.function.JProcedure2.apply(Ljava/lang/Object;Ljava/lang/Object;)Lscala/runtime/BoxedUnit;+3
j  scala.runtime.function.JProcedure2.apply(Ljava/lang/Object;Ljava/lang/Object;)Ljava/lang/Object;+3
j  com.github.yjgbg.compose.Rx$.useState$$anonfun$1$$anonfun$1(Ljava/lang/Object;Ljava/lang/Object;Lcom/github/yjgbg/compose/Rx$WeakEntry;)V+16
j  com.github.yjgbg.compose.Rx$$$Lambda$112+0x00000008010eadd0.accept(Ljava/lang/Object;)V+16
j  java.util.concurrent.CopyOnWriteArrayList.forEach(Ljava/util/function/Consumer;)V+35 java.base@17.0.7
j  com.github.yjgbg.compose.Rx$.useState$$anonfun$1(Lcom/github/yjgbg/compose/Rx;Ljava/lang/Object;)V+33
j  com.github.yjgbg.compose.Rx$$$Lambda$1+0x000000080100e8d8.applyVoid(Ljava/lang/Object;)V+9
j  scala.runtime.function.JProcedure1.apply(Ljava/lang/Object;)Lscala/runtime/BoxedUnit;+2
j  scala.runtime.function.JProcedure1.apply(Ljava/lang/Object;)Ljava/lang/Object;+2
j  com.github.yjgbg.compose.Rx$.zip$$anonfun$2(Lcom/github/yjgbg/compose/Rx;Lscala/Function1;Ljava/lang/Object;Ljava/lang/Object;)V+13
j  com.github.yjgbg.compose.Rx$$$Lambda$59+0x00000008010d6c40.applyVoid(Ljava/lang/Object;Ljava/lang/Object;)V+14
j  scala.runtime.function.JProcedure2.apply(Ljava/lang/Object;Ljava/lang/Object;)Lscala/runtime/BoxedUnit;+3
j  scala.runtime.function.JProcedure2.apply(Ljava/lang/Object;Ljava/lang/Object;)Ljava/lang/Object;+3
j  com.github.yjgbg.compose.Rx$.useState$$anonfun$1$$anonfun$1(Ljava/lang/Object;Ljava/lang/Object;Lcom/github/yjgbg/compose/Rx$WeakEntry;)V+16
j  com.github.yjgbg.compose.Rx$$$Lambda$112+0x00000008010eadd0.accept(Ljava/lang/Object;)V+16
j  java.util.concurrent.CopyOnWriteArrayList.forEach(Ljava/util/function/Consumer;)V+35 java.base@17.0.7
j  com.github.yjgbg.compose.Rx$.useState$$anonfun$1(Lcom/github/yjgbg/compose/Rx;Ljava/lang/Object;)V+33
j  com.github.yjgbg.compose.Rx$$$Lambda$1+0x000000080100e8d8.applyVoid(Ljava/lang/Object;)V+9
j  scala.runtime.function.JProcedure1.apply(Ljava/lang/Object;)Lscala/runtime/BoxedUnit;+2
j  scala.runtime.function.JProcedure1.apply(Ljava/lang/Object;)Ljava/lang/Object;+2
j  com.github.yjgbg.compose.Rx$.map$$anonfun$1(Lscala/Function1;Lscala/Function1;Ljava/lang/Object;Ljava/lang/Object;)V+9
j  com.github.yjgbg.compose.Rx$$$Lambda$16+0x00000008010bf1f0.applyVoid(Ljava/lang/Object;Ljava/lang/Object;)V+14
j  scala.runtime.function.JProcedure2.apply(Ljava/lang/Object;Ljava/lang/Object;)Lscala/runtime/BoxedUnit;+3
j  scala.runtime.function.JProcedure2.apply(Ljava/lang/Object;Ljava/lang/Object;)Ljava/lang/Object;+3
j  com.github.yjgbg.compose.Rx$.useState$$anonfun$1$$anonfun$1(Ljava/lang/Object;Ljava/lang/Object;Lcom/github/yjgbg/compose/Rx$WeakEntry;)V+16
j  com.github.yjgbg.compose.Rx$$$Lambda$112+0x00000008010eadd0.accept(Ljava/lang/Object;)V+16
j  java.util.concurrent.CopyOnWriteArrayList.forEach(Ljava/util/function/Consumer;)V+35 java.base@17.0.7
j  com.github.yjgbg.compose.Rx$.useState$$anonfun$1(Lcom/github/yjgbg/compose/Rx;Ljava/lang/Object;)V+33
j  com.github.yjgbg.compose.Rx$$$Lambda$1+0x000000080100e8d8.applyVoid(Ljava/lang/Object;)V+9
j  scala.runtime.function.JProcedure1.apply(Ljava/lang/Object;)Lscala/runtime/BoxedUnit;+2
j  scala.runtime.function.JProcedure1.apply(Ljava/lang/Object;)Ljava/lang/Object;+2
j  com.github.yjgbg.compose.Rx$.zip$$anonfun$1(Lcom/github/yjgbg/compose/Rx;Lscala/Function1;Ljava/lang/Object;Ljava/lang/Object;)V+14
j  com.github.yjgbg.compose.Rx$$$Lambda$58+0x00000008010d6660.applyVoid(Ljava/lang/Object;Ljava/lang/Object;)V+14
j  scala.runtime.function.JProcedure2.apply(Ljava/lang/Object;Ljava/lang/Object;)Lscala/runtime/BoxedUnit;+3
j  scala.runtime.function.JProcedure2.apply(Ljava/lang/Object;Ljava/lang/Object;)Ljava/lang/Object;+3
j  com.github.yjgbg.compose.Rx$.useState$$anonfun$1$$anonfun$1(Ljava/lang/Object;Ljava/lang/Object;Lcom/github/yjgbg/compose/Rx$WeakEntry;)V+16
j  com.github.yjgbg.compose.Rx$$$Lambda$112+0x00000008010eadd0.accept(Ljava/lang/Object;)V+16
j  java.util.concurrent.CopyOnWriteArrayList.forEach(Ljava/util/function/Consumer;)V+35 java.base@17.0.7
j  com.github.yjgbg.compose.Rx$.useState$$anonfun$1(Lcom/github/yjgbg/compose/Rx;Ljava/lang/Object;)V+33
j  com.github.yjgbg.compose.Rx$$$Lambda$1+0x000000080100e8d8.applyVoid(Ljava/lang/Object;)V+9
j  scala.runtime.function.JProcedure1.apply(Ljava/lang/Object;)Lscala/runtime/BoxedUnit;+2
j  scala.runtime.function.JProcedure1.apply(Ljava/lang/Object;)Ljava/lang/Object;+2
j  com.github.yjgbg.compose.Rx$.map$$anonfun$1(Lscala/Function1;Lscala/Function1;Ljava/lang/Object;Ljava/lang/Object;)V+9
j  com.github.yjgbg.compose.Rx$$$Lambda$16+0x00000008010bf1f0.applyVoid(Ljava/lang/Object;Ljava/lang/Object;)V+14
j  scala.runtime.function.JProcedure2.apply(Ljava/lang/Object;Ljava/lang/Object;)Lscala/runtime/BoxedUnit;+3
j  scala.runtime.function.JProcedure2.apply(Ljava/lang/Object;Ljava/lang/Object;)Ljava/lang/Object;+3
j  com.github.yjgbg.compose.Rx$.useState$$anonfun$1$$anonfun$1(Ljava/lang/Object;Ljava/lang/Object;Lcom/github/yjgbg/compose/Rx$WeakEntry;)V+16
j  com.github.yjgbg.compose.Rx$$$Lambda$112+0x00000008010eadd0.accept(Ljava/lang/Object;)V+16
j  java.util.concurrent.CopyOnWriteArrayList.forEach(Ljava/util/function/Consumer;)V+35 java.base@17.0.7
j  com.github.yjgbg.compose.Rx$.useState$$anonfun$1(Lcom/github/yjgbg/compose/Rx;Ljava/lang/Object;)V+33
j  com.github.yjgbg.compose.Rx$$$Lambda$1+0x000000080100e8d8.applyVoid(Ljava/lang/Object;)V+9
j  scala.runtime.function.JProcedure1.apply(Ljava/lang/Object;)Lscala/runtime/BoxedUnit;+2
j  scala.runtime.function.JProcedure1.apply(Ljava/lang/Object;)Ljava/lang/Object;+2
j  com.github.yjgbg.compose.Rx$.zip$$anonfun$1(Lcom/github/yjgbg/compose/Rx;Lscala/Function1;Ljava/lang/Object;Ljava/lang/Object;)V+14
j  com.github.yjgbg.compose.Rx$$$Lambda$58+0x00000008010d6660.applyVoid(Ljava/lang/Object;Ljava/lang/Object;)V+14
j  scala.runtime.function.JProcedure2.apply(Ljava/lang/Object;Ljava/lang/Object;)Lscala/runtime/BoxedUnit;+3
j  scala.runtime.function.JProcedure2.apply(Ljava/lang/Object;Ljava/lang/Object;)Ljava/lang/Object;+3
j  com.github.yjgbg.compose.Rx$.useState$$anonfun$1$$anonfun$1(Ljava/lang/Object;Ljava/lang/Object;Lcom/github/yjgbg/compose/Rx$WeakEntry;)V+16
j  com.github.yjgbg.compose.Rx$$$Lambda$112+0x00000008010eadd0.accept(Ljava/lang/Object;)V+16
j  java.util.concurrent.CopyOnWriteArrayList.forEach(Ljava/util/function/Consumer;)V+35 java.base@17.0.7
j  com.github.yjgbg.compose.Rx$.useState$$anonfun$1(Lcom/github/yjgbg/compose/Rx;Ljava/lang/Object;)V+33
j  com.github.yjgbg.compose.Rx$$$Lambda$1+0x000000080100e8d8.applyVoid(Ljava/lang/Object;)V+9
j  scala.runtime.function.JProcedure1.apply(Ljava/lang/Object;)Lscala/runtime/BoxedUnit;+2
j  scala.runtime.function.JProcedure1.apply(Ljava/lang/Object;)Ljava/lang/Object;+2
j  com.github.yjgbg.compose.Rx$.map$$anonfun$1(Lscala/Function1;Lscala/Function1;Ljava/lang/Object;Ljava/lang/Object;)V+9
j  com.github.yjgbg.compose.Rx$$$Lambda$16+0x00000008010bf1f0.applyVoid(Ljava/lang/Object;Ljava/lang/Object;)V+14
j  scala.runtime.function.JProcedure2.apply(Ljava/lang/Object;Ljava/lang/Object;)Lscala/runtime/BoxedUnit;+3
j  scala.runtime.function.JProcedure2.apply(Ljava/lang/Object;Ljava/lang/Object;)Ljava/lang/Object;+3
j  com.github.yjgbg.compose.Rx$.useState$$anonfun$1$$anonfun$1(Ljava/lang/Object;Ljava/lang/Object;Lcom/github/yjgbg/compose/Rx$WeakEntry;)V+16
j  com.github.yjgbg.compose.Rx$$$Lambda$112+0x00000008010eadd0.accept(Ljava/lang/Object;)V+16
j  java.util.concurrent.CopyOnWriteArrayList.forEach(Ljava/util/function/Consumer;)V+35 java.base@17.0.7
j  com.github.yjgbg.compose.Rx$.useState$$anonfun$1(Lcom/github/yjgbg/compose/Rx;Ljava/lang/Object;)V+33
j  com.github.yjgbg.compose.Rx$$$Lambda$1+0x000000080100e8d8.applyVoid(Ljava/lang/Object;)V+9
j  scala.runtime.function.JProcedure1.apply(Ljava/lang/Object;)Lscala/runtime/BoxedUnit;+2
j  scala.runtime.function.JProcedure1.apply(Ljava/lang/Object;)Ljava/lang/Object;+2
j  com.github.yjgbg.compose.Rx$.map$$anonfun$1(Lscala/Function1;Lscala/Function1;Ljava/lang/Object;Ljava/lang/Object;)V+9
j  com.github.yjgbg.compose.Rx$$$Lambda$16+0x00000008010bf1f0.applyVoid(Ljava/lang/Object;Ljava/lang/Object;)V+14
j  scala.runtime.function.JProcedure2.apply(Ljava/lang/Object;Ljava/lang/Object;)Lscala/runtime/BoxedUnit;+3
j  scala.runtime.function.JProcedure2.apply(Ljava/lang/Object;Ljava/lang/Object;)Ljava/lang/Object;+3
j  com.github.yjgbg.compose.Rx$.useState$$anonfun$1$$anonfun$1(Ljava/lang/Object;Ljava/lang/Object;Lcom/github/yjgbg/compose/Rx$WeakEntry;)V+16
j  com.github.yjgbg.compose.Rx$$$Lambda$112+0x00000008010eadd0.accept(Ljava/lang/Object;)V+16
j  java.util.concurrent.CopyOnWriteArrayList.forEach(Ljava/util/function/Consumer;)V+35 java.base@17.0.7
j  com.github.yjgbg.compose.Rx$.useState$$anonfun$1(Lcom/github/yjgbg/compose/Rx;Ljava/lang/Object;)V+33
j  com.github.yjgbg.compose.Rx$$$Lambda$1+0x000000080100e8d8.applyVoid(Ljava/lang/Object;)V+9
j  scala.runtime.function.JProcedure1.apply(Ljava/lang/Object;)Lscala/runtime/BoxedUnit;+2
j  scala.runtime.function.JProcedure1.apply(Ljava/lang/Object;)Ljava/lang/Object;+2
j  com.github.yjgbg.compose.Rx$.map$$anonfun$1(Lscala/Function1;Lscala/Function1;Ljava/lang/Object;Ljava/lang/Object;)V+9
j  com.github.yjgbg.compose.Rx$$$Lambda$16+0x00000008010bf1f0.applyVoid(Ljava/lang/Object;Ljava/lang/Object;)V+14
j  scala.runtime.function.JProcedure2.apply(Ljava/lang/Object;Ljava/lang/Object;)Lscala/runtime/BoxedUnit;+3
j  scala.runtime.function.JProcedure2.apply(Ljava/lang/Object;Ljava/lang/Object;)Ljava/lang/Object;+3
j  com.github.yjgbg.compose.Rx$.useState$$anonfun$1$$anonfun$1(Ljava/lang/Object;Ljava/lang/Object;Lcom/github/yjgbg/compose/Rx$WeakEntry;)V+16
j  com.github.yjgbg.compose.Rx$$$Lambda$112+0x00000008010eadd0.accept(Ljava/lang/Object;)V+16
j  java.util.concurrent.CopyOnWriteArrayList.forEach(Ljava/util/function/Consumer;)V+35 java.base@17.0.7
j  com.github.yjgbg.compose.Rx$.useState$$anonfun$1(Lcom/github/yjgbg/compose/Rx;Ljava/lang/Object;)V+33
j  com.github.yjgbg.compose.Rx$$$Lambda$1+0x000000080100e8d8.applyVoid(Ljava/lang/Object;)V+9
j  scala.runtime.function.JProcedure1.apply(Ljava/lang/Object;)Lscala/runtime/BoxedUnit;+2
j  scala.runtime.function.JProcedure1.apply(Ljava/lang/Object;)Ljava/lang/Object;+2
j  com.github.yjgbg.compose.Rx$.zip$$anonfun$1(Lcom/github/yjgbg/compose/Rx;Lscala/Function1;Ljava/lang/Object;Ljava/lang/Object;)V+14
j  com.github.yjgbg.compose.Rx$$$Lambda$58+0x00000008010d6660.applyVoid(Ljava/lang/Object;Ljava/lang/Object;)V+14
j  scala.runtime.function.JProcedure2.apply(Ljava/lang/Object;Ljava/lang/Object;)Lscala/runtime/BoxedUnit;+3
j  scala.runtime.function.JProcedure2.apply(Ljava/lang/Object;Ljava/lang/Object;)Ljava/lang/Object;+3
j  com.github.yjgbg.compose.Rx$.useState$$anonfun$1$$anonfun$1(Ljava/lang/Object;Ljava/lang/Object;Lcom/github/yjgbg/compose/Rx$WeakEntry;)V+16
j  com.github.yjgbg.compose.Rx$$$Lambda$112+0x00000008010eadd0.accept(Ljava/lang/Object;)V+16
j  java.util.concurrent.CopyOnWriteArrayList.forEach(Ljava/util/function/Consumer;)V+35 java.base@17.0.7
j  com.github.yjgbg.compose.Rx$.useState$$anonfun$1(Lcom/github/yjgbg/compose/Rx;Ljava/lang/Object;)V+33
j  com.github.yjgbg.compose.Rx$$$Lambda$1+0x000000080100e8d8.applyVoid(Ljava/lang/Object;)V+9
j  scala.runtime.function.JProcedure1.apply(Ljava/lang/Object;)Lscala/runtime/BoxedUnit;+2
j  scala.runtime.function.JProcedure1.apply(Ljava/lang/Object;)Ljava/lang/Object;+2
j  com.github.yjgbg.compose.Rx$.map$$anonfun$1(Lscala/Function1;Lscala/Function1;Ljava/lang/Object;Ljava/lang/Object;)V+9
j  com.github.yjgbg.compose.Rx$$$Lambda$16+0x00000008010bf1f0.applyVoid(Ljava/lang/Object;Ljava/lang/Object;)V+14
j  scala.runtime.function.JProcedure2.apply(Ljava/lang/Object;Ljava/lang/Object;)Lscala/runtime/BoxedUnit;+3
j  scala.runtime.function.JProcedure2.apply(Ljava/lang/Object;Ljava/lang/Object;)Ljava/lang/Object;+3
j  com.github.yjgbg.compose.Rx$.useState$$anonfun$1$$anonfun$1(Ljava/lang/Object;Ljava/lang/Object;Lcom/github/yjgbg/compose/Rx$WeakEntry;)V+16
j  com.github.yjgbg.compose.Rx$$$Lambda$112+0x00000008010eadd0.accept(Ljava/lang/Object;)V+16
j  java.util.concurrent.CopyOnWriteArrayList.forEach(Ljava/util/function/Consumer;)V+35 java.base@17.0.7
j  com.github.yjgbg.compose.Rx$.useState$$anonfun$1(Lcom/github/yjgbg/compose/Rx;Ljava/lang/Object;)V+33
j  com.github.yjgbg.compose.Rx$$$Lambda$1+0x000000080100e8d8.applyVoid(Ljava/lang/Object;)V+9
j  scala.runtime.function.JProcedure1.apply(Ljava/lang/Object;)Lscala/runtime/BoxedUnit;+2
j  scala.runtime.function.JProcedure1.apply(Ljava/lang/Object;)Ljava/lang/Object;+2
j  com.github.yjgbg.compose.Rx$.zip$$anonfun$1(Lcom/github/yjgbg/compose/Rx;Lscala/Function1;Ljava/lang/Object;Ljava/lang/Object;)V+14
j  com.github.yjgbg.compose.Rx$$$Lambda$58+0x00000008010d6660.applyVoid(Ljava/lang/Object;Ljava/lang/Object;)V+14
j  scala.runtime.function.JProcedure2.apply(Ljava/lang/Object;Ljava/lang/Object;)Lscala/runtime/BoxedUnit;+3
j  scala.runtime.function.JProcedure2.apply(Ljava/lang/Object;Ljava/lang/Object;)Ljava/lang/Object;+3
j  com.github.yjgbg.compose.Rx$.useState$$anonfun$1$$anonfun$1(Ljava/lang/Object;Ljava/lang/Object;Lcom/github/yjgbg/compose/Rx$WeakEntry;)V+16
j  com.github.yjgbg.compose.Rx$$$Lambda$112+0x00000008010eadd0.accept(Ljava/lang/Object;)V+16
j  java.util.concurrent.CopyOnWriteArrayList.forEach(Ljava/util/function/Consumer;)V+35 java.base@17.0.7
j  com.github.yjgbg.compose.Rx$.useState$$anonfun$1(Lcom/github/yjgbg/compose/Rx;Ljava/lang/Object;)V+33
j  com.github.yjgbg.compose.Rx$$$Lambda$1+0x000000080100e8d8.applyVoid(Ljava/lang/Object;)V+9
j  scala.runtime.function.JProcedure1.apply(Ljava/lang/Object;)Lscala/runtime/BoxedUnit;+2
j  scala.runtime.function.JProcedure1.apply(Ljava/lang/Object;)Ljava/lang/Object;+2
j  com.github.yjgbg.compose.Rx$.map$$anonfun$1(Lscala/Function1;Lscala/Function1;Ljava/lang/Object;Ljava/lang/Object;)V+9
j  com.github.yjgbg.compose.Rx$$$Lambda$16+0x00000008010bf1f0.applyVoid(Ljava/lang/Object;Ljava/lang/Object;)V+14
j  scala.runtime.function.JProcedure2.apply(Ljava/lang/Object;Ljava/lang/Object;)Lscala/runtime/BoxedUnit;+3
j  scala.runtime.function.JProcedure2.apply(Ljava/lang/Object;Ljava/lang/Object;)Ljava/lang/Object;+3
j  com.github.yjgbg.compose.Rx$.useState$$anonfun$1$$anonfun$1(Ljava/lang/Object;Ljava/lang/Object;Lcom/github/yjgbg/compose/Rx$WeakEntry;)V+16
j  com.github.yjgbg.compose.Rx$$$Lambda$112+0x00000008010eadd0.accept(Ljava/lang/Object;)V+16
j  java.util.concurrent.CopyOnWriteArrayList.forEach(Ljava/util/function/Consumer;)V+35 java.base@17.0.7
j  com.github.yjgbg.compose.Rx$.useState$$anonfun$1(Lcom/github/yjgbg/compose/Rx;Ljava/lang/Object;)V+33
j  com.github.yjgbg.compose.Rx$$$Lambda$1+0x000000080100e8d8.applyVoid(Ljava/lang/Object;)V+9
j  scala.runtime.function.JProcedure1.apply(Ljava/lang/Object;)Lscala/runtime/BoxedUnit;+2
j  scala.runtime.function.JProcedure1.apply(Ljava/lang/Object;)Ljava/lang/Object;+2
j  com.github.yjgbg.compose.Rx$.zip$$anonfun$2(Lcom/github/yjgbg/compose/Rx;Lscala/Function1;Ljava/lang/Object;Ljava/lang/Object;)V+13
j  com.github.yjgbg.compose.Rx$$$Lambda$59+0x00000008010d6c40.applyVoid(Ljava/lang/Object;Ljava/lang/Object;)V+14
j  scala.runtime.function.JProcedure2.apply(Ljava/lang/Object;Ljava/lang/Object;)Lscala/runtime/BoxedUnit;+3
j  scala.runtime.function.JProcedure2.apply(Ljava/lang/Object;Ljava/lang/Object;)Ljava/lang/Object;+3
j  com.github.yjgbg.compose.Rx$.useState$$anonfun$1$$anonfun$1(Ljava/lang/Object;Ljava/lang/Object;Lcom/github/yjgbg/compose/Rx$WeakEntry;)V+16
j  com.github.yjgbg.compose.Rx$$$Lambda$112+0x00000008010eadd0.accept(Ljava/lang/Object;)V+16
j  java.util.concurrent.CopyOnWriteArrayList.forEach(Ljava/util/function/Consumer;)V+35 java.base@17.0.7
j  com.github.yjgbg.compose.Rx$.useState$$anonfun$1(Lcom/github/yjgbg/compose/Rx;Ljava/lang/Object;)V+33
j  com.github.yjgbg.compose.Rx$$$Lambda$1+0x000000080100e8d8.applyVoid(Ljava/lang/Object;)V+9
j  scala.runtime.function.JProcedure1.apply(Ljava/lang/Object;)Lscala/runtime/BoxedUnit;+2
j  scala.runtime.function.JProcedure1.apply(Ljava/lang/Object;)Ljava/lang/Object;+2
j  com.github.yjgbg.compose.Rx$.map$$anonfun$1(Lscala/Function1;Lscala/Function1;Ljava/lang/Object;Ljava/lang/Object;)V+9
j  com.github.yjgbg.compose.Rx$$$Lambda$16+0x00000008010bf1f0.applyVoid(Ljava/lang/Object;Ljava/lang/Object;)V+14
j  scala.runtime.function.JProcedure2.apply(Ljava/lang/Object;Ljava/lang/Object;)Lscala/runtime/BoxedUnit;+3
j  scala.runtime.function.JProcedure2.apply(Ljava/lang/Object;Ljava/lang/Object;)Ljava/lang/Object;+3
j  com.github.yjgbg.compose.Rx$.useState$$anonfun$1$$anonfun$1(Ljava/lang/Object;Ljava/lang/Object;Lcom/github/yjgbg/compose/Rx$WeakEntry;)V+16
j  com.github.yjgbg.compose.Rx$$$Lambda$112+0x00000008010eadd0.accept(Ljava/lang/Object;)V+16
j  java.util.concurrent.CopyOnWriteArrayList.forEach(Ljava/util/function/Consumer;)V+35 java.base@17.0.7
j  com.github.yjgbg.compose.Rx$.useState$$anonfun$1(Lcom/github/yjgbg/compose/Rx;Ljava/lang/Object;)V+33
j  com.github.yjgbg.compose.Rx$$$Lambda$1+0x000000080100e8d8.applyVoid(Ljava/lang/Object;)V+9
j  scala.runtime.function.JProcedure1.apply(Ljava/lang/Object;)Lscala/runtime/BoxedUnit;+2
j  scala.runtime.function.JProcedure1.apply(Ljava/lang/Object;)Ljava/lang/Object;+2
j  com.github.yjgbg.compose.Rx$.usePeriod$$anonfun$1(JLscala/Function1;Lcom/github/yjgbg/compose/Rx;Lscala/Function1;)V+22
j  com.github.yjgbg.compose.Rx$$$Lambda$30+0x00000008010c2c78.run()V+20
j  java.lang.Thread.run()V+11 java.base@17.0.7
v  ~StubRoutines::call_stub

siginfo: EXCEPTION_ACCESS_VIOLATION (0xc0000005), reading address 0x0000000000000828


Register to memory mapping:

RIP=0x00007ff9bb63829a opengl32.dll
RAX=0x0 is NULL
RBX={method} {0x000001a5c9860eb0} 'callI' '(J)I' in 'org/lwjgl/system/JNI'
RCX=0x000000802cc75000 points into unknown readable memory: 0x0000000000000000 | 00 00 00 00 00 00 00 00
RDX=0x000000802eaf9410 is pointing into the stack for thread: 0x000001a5c87c8920
RSP=0x000000802eaf9350 is pointing into the stack for thread: 0x000001a5c87c8920
RBP=0x000000802eaf9400 is pointing into the stack for thread: 0x000001a5c87c8920
RSI=0x00000000000076e8 is an unknown value
RDI=0x000001a5a976a218 is at code_begin+4280 in an Interpreter codelet
return entry points  [0x000001a5a9769160, 0x000001a5a976b380]  8736 bytes
R8 =0x00007ff9bb638260 opengl32.dll
R9 =0x0000000000000004 is an unknown value
R10=0x8ec9970f7ad74070 is an unknown value
R11=0x0000000621cf5408 is an oop: java.lang.Class 
{0x0000000621cf5408} - klass: 'java/lang/Class'
 - ---- fields (total size 14 words):
 - private volatile transient 'classRedefinedCount' 'I' @12  0
 - private volatile transient 'cachedConstructor' 'Ljava/lang/reflect/Constructor;' @40  NULL (0)
 - private transient 'name' 'Ljava/lang/String;' @44  "org.lwjgl.system.JNI"{0x0000000621cf5550} (c439eaaa)
 - private transient 'module' 'Ljava/lang/Module;' @48  a 'java/lang/Module'{0x0000000621c9dc28} (c4393b85)
 - private final 'classLoader' 'Ljava/lang/ClassLoader;' @52  a 'jdk/internal/loader/ClassLoaders$AppClassLoader'{0x0000000621c08da0} (c43811b4)
 - private transient 'classData' 'Ljava/lang/Object;' @56  NULL (0)
 - private transient 'packageName' 'Ljava/lang/String;' @60  "org.lwjgl.system"{0x0000000621c21f70} (c43843ee)
 - private final 'componentType' 'Ljava/lang/Class;' @64  NULL (0)
 - private volatile transient 'reflectionData' 'Ljava/lang/ref/SoftReference;' @68  NULL (0)
 - private volatile transient 'genericInfo' 'Lsun/reflect/generics/repository/ClassRepository;' @72  NULL (0)
 - private volatile transient 'enumConstants' '[Ljava/lang/Object;' @76  NULL (0)
 - private volatile transient 'enumConstantDirectory' 'Ljava/util/Map;' @80  NULL (0)
 - private volatile transient 'annotationData' 'Ljava/lang/Class$AnnotationData;' @84  NULL (0)
 - private volatile transient 'annotationType' 'Lsun/reflect/annotation/AnnotationType;' @88  NULL (0)
 - transient 'classValueMap' 'Ljava/lang/ClassValue$ClassValueMap;' @92  NULL (0)
 - signature: Lorg/lwjgl/system/JNI;
 - fake entry for mirror: 'org/lwjgl/system/JNI'
 - fake entry for array: NULL
 - fake entry for oop_size: 14
 - fake entry for static_oop_field_count: 0
R12=0x0 is NULL
R13={method} {0x000001a5c9860eb0} 'callI' '(J)I' in 'org/lwjgl/system/JNI'
R14=0x000000802eaf9428 is pointing into the stack for thread: 0x000001a5c87c8920
R15=0x000001a5c87c8920 is a thread


Registers:
RAX=0x0000000000000000, RBX=0x000001a5c9860ea8, RCX=0x000000802cc75000, RDX=0x000000802eaf9410
RSP=0x000000802eaf9350, RBP=0x000000802eaf9400, RSI=0x00000000000076e8, RDI=0x000001a5a976a218
R8 =0x00007ff9bb638260, R9 =0x0000000000000004, R10=0x8ec9970f7ad74070, R11=0x0000000621cf5408
R12=0x0000000000000000, R13=0x000001a5c9860ea8, R14=0x000000802eaf9428, R15=0x000001a5c87c8920
RIP=0x00007ff9bb63829a, EFLAGS=0x0000000000010287

Top of Stack: (sp=0x000000802eaf9350)
0x000000802eaf9350:   000001a5c9860ea8 000001a5c9860ea8
0x000000802eaf9360:   000001a5c87c8920 0000000000000000
0x000000802eaf9370:   000001a5c9860ea8 000001a5a9771366
0x000000802eaf9380:   000001a5a976a218 000001a5a9770cd2
0x000000802eaf9390:   000001a5c9860ea8 00000000000076e8
0x000000802eaf93a0:   000000802eaf9428 000001a5c983fd90
0x000000802eaf93b0:   000001a5a9770c76 000000802eaf93b8
0x000000802eaf93c0:   000001a5c9860ea8 000000802eaf9428
0x000000802eaf93d0:   000001a5c988ef78 0000000000000000
0x000000802eaf93e0:   0000000621cf5408 000001a5c9860ea8
0x000000802eaf93f0:   0000000000000000 000000802eaf9420
0x000000802eaf9400:   000000802eaf9478 000001a5a976a322
0x000000802eaf9410:   0000000621cf5408 000001a5a976d4f6
0x000000802eaf9420:   00007ff9bb638260 0000000000000000
0x000000802eaf9430:   000000802eaf9430 000001a5c98c193e
0x000000802eaf9440:   000000802eaf9540 000001a5c98cb868 

Instructions: (pc=0x00007ff9bb63829a)
0x00007ff9bb63819a:   8b 05 e8 c5 0c 00 49 8b 04 01 eb 0c 48 ff 15 53
0x00007ff9bb6381aa:   d8 09 00 0f 1f 44 00 00 49 ba 70 ab db 7c 2f 87
0x00007ff9bb6381ba:   ad b6 48 8b 80 a0 0a 00 00 4c 8b c3 8b d7 8b ce
0x00007ff9bb6381ca:   48 8b 5c 24 30 48 8b 74 24 38 48 83 c4 20 5f 48
0x00007ff9bb6381da:   ff 25 58 db 09 00 cc cc cc cc cc cc cc cc 71 a2
0x00007ff9bb6381ea:   d3 38 fa 17 65 e3 48 89 5c 24 08 57 48 83 ec 20
0x00007ff9bb6381fa:   8b f9 48 8b da 8b 0d 4b 00 0b 00 83 f9 40 73 15
0x00007ff9bb63820a:   65 4c 8b 04 25 30 00 00 00 8b 05 6f c5 0c 00 49
0x00007ff9bb63821a:   8b 04 00 eb 0c 48 ff 15 da d7 09 00 0f 1f 44 00
0x00007ff9bb63822a:   00 49 ba 70 a2 d3 38 fa 17 65 e3 48 8b 80 20 08
0x00007ff9bb63823a:   00 00 48 8b d3 8b cf 48 8b 5c 24 30 48 83 c4 20
0x00007ff9bb63824a:   5f 48 ff 25 e6 da 09 00 cc cc cc cc cc cc 71 40
0x00007ff9bb63825a:   d7 7a 0f 97 c9 8e 48 83 ec 28 8b 0d e6 ff 0a 00
0x00007ff9bb63826a:   83 f9 40 73 15 65 48 8b 0c 25 30 00 00 00 8b 05
0x00007ff9bb63827a:   0a c5 0c 00 48 8b 04 01 eb 0c 48 ff 15 75 d7 09
0x00007ff9bb63828a:   00 0f 1f 44 00 00 49 ba 70 40 d7 7a 0f 97 c9 8e
0x00007ff9bb63829a:   48 8b 80 28 08 00 00 48 83 c4 28 48 ff 25 8c da
0x00007ff9bb6382aa:   09 00 cc cc cc cc cc cc cc cc cc cc cc cc 71 72
0x00007ff9bb6382ba:   56 5c 3a 2f 9d fc 48 89 5c 24 08 57 48 83 ec 20
0x00007ff9bb6382ca:   8b f9 48 8b da 8b 0d 7b ff 0a 00 83 f9 40 73 15
0x00007ff9bb6382da:   65 4c 8b 04 25 30 00 00 00 8b 05 9f c4 0c 00 49
0x00007ff9bb6382ea:   8b 04 00 eb 0c 48 ff 15 0a d7 09 00 0f 1f 44 00
0x00007ff9bb6382fa:   00 49 ba 70 72 56 5c 3a 2f 9d fc 48 8b 80 30 08
0x00007ff9bb63830a:   00 00 48 8b d3 8b cf 48 8b 5c 24 30 48 83 c4 20
0x00007ff9bb63831a:   5f 48 ff 25 16 da 09 00 cc cc cc cc cc cc 71 a2
0x00007ff9bb63832a:   d3 50 81 9e 55 fe 48 89 5c 24 08 57 48 83 ec 20
0x00007ff9bb63833a:   8b f9 48 8b da 8b 0d 0b ff 0a 00 83 f9 40 73 15
0x00007ff9bb63834a:   65 4c 8b 04 25 30 00 00 00 8b 05 2f c4 0c 00 49
0x00007ff9bb63835a:   8b 04 00 eb 0c 48 ff 15 9a d6 09 00 0f 1f 44 00
0x00007ff9bb63836a:   00 49 ba 70 a2 d3 50 81 9e 55 fe 48 8b 80 38 08
0x00007ff9bb63837a:   00 00 48 8b d3 8b cf 48 8b 5c 24 30 48 83 c4 20
0x00007ff9bb63838a:   5f 48 ff 25 a6 d9 09 00 cc cc cc cc cc cc 71 92 


Stack slot to memory mapping:
stack at sp + 0 slots: {method} {0x000001a5c9860eb0} 'callI' '(J)I' in 'org/lwjgl/system/JNI'
stack at sp + 1 slots: {method} {0x000001a5c9860eb0} 'callI' '(J)I' in 'org/lwjgl/system/JNI'
stack at sp + 2 slots: 0x000001a5c87c8920 is a thread
stack at sp + 3 slots: 0x0 is NULL
stack at sp + 4 slots: {method} {0x000001a5c9860eb0} 'callI' '(J)I' in 'org/lwjgl/system/JNI'
stack at sp + 5 slots: 0x000001a5a9771366 is at code_begin+1958 in an Interpreter codelet
method entry point (kind = native)  [0x000001a5a9770bc0, 0x000001a5a9771ce0]  4384 bytes
stack at sp + 6 slots: 0x000001a5a976a218 is at code_begin+4280 in an Interpreter codelet
return entry points  [0x000001a5a9769160, 0x000001a5a976b380]  8736 bytes
stack at sp + 7 slots: 0x000001a5a9770cd2 is at code_begin+274 in an Interpreter codelet
method entry point (kind = native)  [0x000001a5a9770bc0, 0x000001a5a9771ce0]  4384 bytes


---------------  P R O C E S S  ---------------

Threads class SMR info:
_java_thread_list=0x000001a5c8d9c300, length=17, elements={
0x000001a5c5370170, 0x000001a5c5370930, 0x000001a5c53853c0, 0x000001a5c53878a0,
0x000001a5c5389e70, 0x000001a5c538b440, 0x000001a5c539e2f0, 0x000001a5c5391490,
0x000001a5c53a0640, 0x000001a5c83bd8f0, 0x000001a5c83ba880, 0x000001a5c83c68a0,
0x000001a5c83ca620, 0x000001a5c83d8e50, 0x000001a5c87c8920, 0x000001a5c8c95980,
0x000001a599032100
}

Java Threads: ( => current thread )
  0x000001a5c5370170 JavaThread "Reference Handler" daemon [_thread_blocked, id=21328, stack(0x000000802d800000,0x000000802d900000)]
  0x000001a5c5370930 JavaThread "Finalizer" daemon [_thread_blocked, id=2812, stack(0x000000802d900000,0x000000802da00000)]
  0x000001a5c53853c0 JavaThread "Signal Dispatcher" daemon [_thread_blocked, id=16192, stack(0x000000802da00000,0x000000802db00000)]
  0x000001a5c53878a0 JavaThread "Attach Listener" daemon [_thread_blocked, id=15016, stack(0x000000802db00000,0x000000802dc00000)]
  0x000001a5c5389e70 JavaThread "Service Thread" daemon [_thread_blocked, id=15924, stack(0x000000802dc00000,0x000000802dd00000)]
  0x000001a5c538b440 JavaThread "Monitor Deflation Thread" daemon [_thread_blocked, id=22692, stack(0x000000802dd00000,0x000000802de00000)]
  0x000001a5c539e2f0 JavaThread "C2 CompilerThread0" daemon [_thread_blocked, id=1944, stack(0x000000802de00000,0x000000802df00000)]
  0x000001a5c5391490 JavaThread "C1 CompilerThread0" daemon [_thread_blocked, id=13568, stack(0x000000802df00000,0x000000802e000000)]
  0x000001a5c53a0640 JavaThread "Sweeper thread" daemon [_thread_blocked, id=20348, stack(0x000000802e000000,0x000000802e100000)]
  0x000001a5c83bd8f0 JavaThread "JDWP Transport Listener: dt_socket" daemon [_thread_blocked, id=12016, stack(0x000000802e200000,0x000000802e300000)]
  0x000001a5c83ba880 JavaThread "JDWP Event Helper Thread" daemon [_thread_blocked, id=7904, stack(0x000000802e300000,0x000000802e400000)]
  0x000001a5c83c68a0 JavaThread "JDWP Command Reader" daemon [_thread_in_native, id=14612, stack(0x000000802e400000,0x000000802e500000)]
  0x000001a5c83ca620 JavaThread "Notification Thread" daemon [_thread_blocked, id=17240, stack(0x000000802e500000,0x000000802e600000)]
  0x000001a5c83d8e50 JavaThread "Common-Cleaner" daemon [_thread_blocked, id=22200, stack(0x000000802e700000,0x000000802e800000)]
=>0x000001a5c87c8920 JavaThread "Thread-0" [_thread_in_native, id=17636, stack(0x000000802ea00000,0x000000802eb00000)]
  0x000001a5c8c95980 JavaThread "Thread-1" [_thread_in_native, id=12420, stack(0x000000802eb00000,0x000000802ec00000)]
  0x000001a599032100 JavaThread "DestroyJavaVM" [_thread_blocked, id=12904, stack(0x000000802d100000,0x000000802d200000)]

Other Threads:
  0x000001a5c536b6d0 VMThread "VM Thread" [stack: 0x000000802d700000,0x000000802d800000] [id=4964]
  0x000001a5c8398280 WatcherThread [stack: 0x000000802e600000,0x000000802e700000] [id=12680]
  0x000001a5990dffb0 GCTaskThread "GC Thread#0" [stack: 0x000000802d200000,0x000000802d300000] [id=18220]
  0x000001a5c8c74750 GCTaskThread "GC Thread#1" [stack: 0x000000802e800000,0x000000802e900000] [id=19852]
  0x000001a5c8c74f60 GCTaskThread "GC Thread#2" [stack: 0x000000802ec00000,0x000000802ed00000] [id=4652]
  0x000001a5c8c75770 GCTaskThread "GC Thread#3" [stack: 0x000000802ed00000,0x000000802ee00000] [id=17360]
  0x000001a5c8c741f0 GCTaskThread "GC Thread#4" [stack: 0x000000802ee00000,0x000000802ef00000] [id=19060]
  0x000001a5c8c73c90 GCTaskThread "GC Thread#5" [stack: 0x000000802ef00000,0x000000802f000000] [id=8848]
  0x000001a5c8c74a00 GCTaskThread "GC Thread#6" [stack: 0x000000802f000000,0x000000802f100000] [id=14188]
  0x000001a5c8c754c0 GCTaskThread "GC Thread#7" [stack: 0x000000802f100000,0x000000802f200000] [id=9912]
  0x000001a5c8c74cb0 GCTaskThread "GC Thread#8" [stack: 0x000000802f200000,0x000000802f300000] [id=21960]
  0x000001a5c8c744a0 GCTaskThread "GC Thread#9" [stack: 0x000000802f300000,0x000000802f400000] [id=4060]
  0x000001a5c8c75210 GCTaskThread "GC Thread#10" [stack: 0x000000802f400000,0x000000802f500000] [id=11384]
  0x000001a5c8d7e7c0 GCTaskThread "GC Thread#11" [stack: 0x000000802f500000,0x000000802f600000] [id=8032]
  0x000001a5c51b4020 ConcurrentGCThread "G1 Main Marker" [stack: 0x000000802d300000,0x000000802d400000] [id=10900]
  0x000001a5c51b4a30 ConcurrentGCThread "G1 Conc#0" [stack: 0x000000802d400000,0x000000802d500000] [id=15808]
  0x000001a5c52a45c0 ConcurrentGCThread "G1 Refine#0" [stack: 0x000000802d500000,0x000000802d600000] [id=12096]
  0x000001a5c52a6a10 ConcurrentGCThread "G1 Service" [stack: 0x000000802d600000,0x000000802d700000] [id=21816]

Threads with active compile tasks:

VM state: not at safepoint (normal execution)

VM Mutex/Monitor currently owned by a thread: None

Heap address: 0x0000000603800000, size: 8136 MB, Compressed Oops mode: Zero based, Oop shift amount: 3

CDS archive(s) mapped at: [0x0000000800000000-0x0000000800bc0000-0x0000000800bc0000), size 12320768, SharedBaseAddress: 0x0000000800000000, ArchiveRelocationMode: 0.
Compressed class space mapped at: 0x0000000801000000-0x0000000841000000, reserved size: 1073741824
Narrow klass base: 0x0000000800000000, Narrow klass shift: 0, Narrow klass range: 0x100000000

GC Precious Log:
 CPUs: 16 total, 16 available
 Memory: 32533M
 Large Page Support: Disabled
 NUMA Support: Disabled
 Compressed Oops: Enabled (Zero based)
 Heap Region Size: 4M
 Heap Min Capacity: 8M
 Heap Initial Capacity: 512M
 Heap Max Capacity: 8136M
 Pre-touch: Disabled
 Parallel Workers: 13
 Concurrent Workers: 3
 Concurrent Refinement Workers: 13
 Periodic GC: Disabled

Heap:
 garbage-first heap   total 524288K, used 3793K [0x0000000603800000, 0x0000000800000000)
  region size 4096K, 2 young (8192K), 1 survivors (4096K)
 Metaspace       used 7902K, committed 8128K, reserved 1114112K
  class space    used 922K, committed 1024K, reserved 1048576K

Heap Regions: E=young(eden), S=young(survivor), O=old, HS=humongous(starts), HC=humongous(continues), CS=collection set, F=free, OA=open archive, CA=closed archive, TAMS=top-at-mark-start (previous, next)
|   0|0x0000000603800000, 0x0000000603800000, 0x0000000603c00000|  0%| F|  |TAMS 0x0000000603800000, 0x0000000603800000| Untracked 
|   1|0x0000000603c00000, 0x0000000603c00000, 0x0000000604000000|  0%| F|  |TAMS 0x0000000603c00000, 0x0000000603c00000| Untracked 
|   2|0x0000000604000000, 0x0000000604000000, 0x0000000604400000|  0%| F|  |TAMS 0x0000000604000000, 0x0000000604000000| Untracked 
|   3|0x0000000604400000, 0x0000000604400000, 0x0000000604800000|  0%| F|  |TAMS 0x0000000604400000, 0x0000000604400000| Untracked 
|   4|0x0000000604800000, 0x0000000604800000, 0x0000000604c00000|  0%| F|  |TAMS 0x0000000604800000, 0x0000000604800000| Untracked 
|   5|0x0000000604c00000, 0x0000000604c00000, 0x0000000605000000|  0%| F|  |TAMS 0x0000000604c00000, 0x0000000604c00000| Untracked 
|   6|0x0000000605000000, 0x0000000605000000, 0x0000000605400000|  0%| F|  |TAMS 0x0000000605000000, 0x0000000605000000| Untracked 
|   7|0x0000000605400000, 0x0000000605400000, 0x0000000605800000|  0%| F|  |TAMS 0x0000000605400000, 0x0000000605400000| Untracked 
|   8|0x0000000605800000, 0x0000000605800000, 0x0000000605c00000|  0%| F|  |TAMS 0x0000000605800000, 0x0000000605800000| Untracked 
|   9|0x0000000605c00000, 0x0000000605c00000, 0x0000000606000000|  0%| F|  |TAMS 0x0000000605c00000, 0x0000000605c00000| Untracked 
|  10|0x0000000606000000, 0x0000000606000000, 0x0000000606400000|  0%| F|  |TAMS 0x0000000606000000, 0x0000000606000000| Untracked 
|  11|0x0000000606400000, 0x0000000606400000, 0x0000000606800000|  0%| F|  |TAMS 0x0000000606400000, 0x0000000606400000| Untracked 
|  12|0x0000000606800000, 0x0000000606800000, 0x0000000606c00000|  0%| F|  |TAMS 0x0000000606800000, 0x0000000606800000| Untracked 
|  13|0x0000000606c00000, 0x0000000606c00000, 0x0000000607000000|  0%| F|  |TAMS 0x0000000606c00000, 0x0000000606c00000| Untracked 
|  14|0x0000000607000000, 0x0000000607000000, 0x0000000607400000|  0%| F|  |TAMS 0x0000000607000000, 0x0000000607000000| Untracked 
|  15|0x0000000607400000, 0x0000000607400000, 0x0000000607800000|  0%| F|  |TAMS 0x0000000607400000, 0x0000000607400000| Untracked 
|  16|0x0000000607800000, 0x0000000607800000, 0x0000000607c00000|  0%| F|  |TAMS 0x0000000607800000, 0x0000000607800000| Untracked 
|  17|0x0000000607c00000, 0x0000000607c00000, 0x0000000608000000|  0%| F|  |TAMS 0x0000000607c00000, 0x0000000607c00000| Untracked 
|  18|0x0000000608000000, 0x0000000608000000, 0x0000000608400000|  0%| F|  |TAMS 0x0000000608000000, 0x0000000608000000| Untracked 
|  19|0x0000000608400000, 0x0000000608400000, 0x0000000608800000|  0%| F|  |TAMS 0x0000000608400000, 0x0000000608400000| Untracked 
|  20|0x0000000608800000, 0x0000000608800000, 0x0000000608c00000|  0%| F|  |TAMS 0x0000000608800000, 0x0000000608800000| Untracked 
|  21|0x0000000608c00000, 0x0000000608c00000, 0x0000000609000000|  0%| F|  |TAMS 0x0000000608c00000, 0x0000000608c00000| Untracked 
|  22|0x0000000609000000, 0x0000000609000000, 0x0000000609400000|  0%| F|  |TAMS 0x0000000609000000, 0x0000000609000000| Untracked 
|  23|0x0000000609400000, 0x0000000609400000, 0x0000000609800000|  0%| F|  |TAMS 0x0000000609400000, 0x0000000609400000| Untracked 
|  24|0x0000000609800000, 0x0000000609800000, 0x0000000609c00000|  0%| F|  |TAMS 0x0000000609800000, 0x0000000609800000| Untracked 
|  25|0x0000000609c00000, 0x0000000609c00000, 0x000000060a000000|  0%| F|  |TAMS 0x0000000609c00000, 0x0000000609c00000| Untracked 
|  26|0x000000060a000000, 0x000000060a000000, 0x000000060a400000|  0%| F|  |TAMS 0x000000060a000000, 0x000000060a000000| Untracked 
|  27|0x000000060a400000, 0x000000060a400000, 0x000000060a800000|  0%| F|  |TAMS 0x000000060a400000, 0x000000060a400000| Untracked 
|  28|0x000000060a800000, 0x000000060a800000, 0x000000060ac00000|  0%| F|  |TAMS 0x000000060a800000, 0x000000060a800000| Untracked 
|  29|0x000000060ac00000, 0x000000060ac00000, 0x000000060b000000|  0%| F|  |TAMS 0x000000060ac00000, 0x000000060ac00000| Untracked 
|  30|0x000000060b000000, 0x000000060b000000, 0x000000060b400000|  0%| F|  |TAMS 0x000000060b000000, 0x000000060b000000| Untracked 
|  31|0x000000060b400000, 0x000000060b400000, 0x000000060b800000|  0%| F|  |TAMS 0x000000060b400000, 0x000000060b400000| Untracked 
|  32|0x000000060b800000, 0x000000060b800000, 0x000000060bc00000|  0%| F|  |TAMS 0x000000060b800000, 0x000000060b800000| Untracked 
|  33|0x000000060bc00000, 0x000000060bc00000, 0x000000060c000000|  0%| F|  |TAMS 0x000000060bc00000, 0x000000060bc00000| Untracked 
|  34|0x000000060c000000, 0x000000060c000000, 0x000000060c400000|  0%| F|  |TAMS 0x000000060c000000, 0x000000060c000000| Untracked 
|  35|0x000000060c400000, 0x000000060c400000, 0x000000060c800000|  0%| F|  |TAMS 0x000000060c400000, 0x000000060c400000| Untracked 
|  36|0x000000060c800000, 0x000000060c800000, 0x000000060cc00000|  0%| F|  |TAMS 0x000000060c800000, 0x000000060c800000| Untracked 
|  37|0x000000060cc00000, 0x000000060cc00000, 0x000000060d000000|  0%| F|  |TAMS 0x000000060cc00000, 0x000000060cc00000| Untracked 
|  38|0x000000060d000000, 0x000000060d000000, 0x000000060d400000|  0%| F|  |TAMS 0x000000060d000000, 0x000000060d000000| Untracked 
|  39|0x000000060d400000, 0x000000060d400000, 0x000000060d800000|  0%| F|  |TAMS 0x000000060d400000, 0x000000060d400000| Untracked 
|  40|0x000000060d800000, 0x000000060d800000, 0x000000060dc00000|  0%| F|  |TAMS 0x000000060d800000, 0x000000060d800000| Untracked 
|  41|0x000000060dc00000, 0x000000060dc00000, 0x000000060e000000|  0%| F|  |TAMS 0x000000060dc00000, 0x000000060dc00000| Untracked 
|  42|0x000000060e000000, 0x000000060e000000, 0x000000060e400000|  0%| F|  |TAMS 0x000000060e000000, 0x000000060e000000| Untracked 
|  43|0x000000060e400000, 0x000000060e400000, 0x000000060e800000|  0%| F|  |TAMS 0x000000060e400000, 0x000000060e400000| Untracked 
|  44|0x000000060e800000, 0x000000060e800000, 0x000000060ec00000|  0%| F|  |TAMS 0x000000060e800000, 0x000000060e800000| Untracked 
|  45|0x000000060ec00000, 0x000000060ec00000, 0x000000060f000000|  0%| F|  |TAMS 0x000000060ec00000, 0x000000060ec00000| Untracked 
|  46|0x000000060f000000, 0x000000060f000000, 0x000000060f400000|  0%| F|  |TAMS 0x000000060f000000, 0x000000060f000000| Untracked 
|  47|0x000000060f400000, 0x000000060f400000, 0x000000060f800000|  0%| F|  |TAMS 0x000000060f400000, 0x000000060f400000| Untracked 
|  48|0x000000060f800000, 0x000000060f800000, 0x000000060fc00000|  0%| F|  |TAMS 0x000000060f800000, 0x000000060f800000| Untracked 
|  49|0x000000060fc00000, 0x000000060fc00000, 0x0000000610000000|  0%| F|  |TAMS 0x000000060fc00000, 0x000000060fc00000| Untracked 
|  50|0x0000000610000000, 0x0000000610000000, 0x0000000610400000|  0%| F|  |TAMS 0x0000000610000000, 0x0000000610000000| Untracked 
|  51|0x0000000610400000, 0x0000000610400000, 0x0000000610800000|  0%| F|  |TAMS 0x0000000610400000, 0x0000000610400000| Untracked 
|  52|0x0000000610800000, 0x0000000610800000, 0x0000000610c00000|  0%| F|  |TAMS 0x0000000610800000, 0x0000000610800000| Untracked 
|  53|0x0000000610c00000, 0x0000000610c00000, 0x0000000611000000|  0%| F|  |TAMS 0x0000000610c00000, 0x0000000610c00000| Untracked 
|  54|0x0000000611000000, 0x0000000611000000, 0x0000000611400000|  0%| F|  |TAMS 0x0000000611000000, 0x0000000611000000| Untracked 
|  55|0x0000000611400000, 0x0000000611400000, 0x0000000611800000|  0%| F|  |TAMS 0x0000000611400000, 0x0000000611400000| Untracked 
|  56|0x0000000611800000, 0x0000000611800000, 0x0000000611c00000|  0%| F|  |TAMS 0x0000000611800000, 0x0000000611800000| Untracked 
|  57|0x0000000611c00000, 0x0000000611c00000, 0x0000000612000000|  0%| F|  |TAMS 0x0000000611c00000, 0x0000000611c00000| Untracked 
|  58|0x0000000612000000, 0x0000000612000000, 0x0000000612400000|  0%| F|  |TAMS 0x0000000612000000, 0x0000000612000000| Untracked 
|  59|0x0000000612400000, 0x0000000612400000, 0x0000000612800000|  0%| F|  |TAMS 0x0000000612400000, 0x0000000612400000| Untracked 
|  60|0x0000000612800000, 0x0000000612800000, 0x0000000612c00000|  0%| F|  |TAMS 0x0000000612800000, 0x0000000612800000| Untracked 
|  61|0x0000000612c00000, 0x0000000612c00000, 0x0000000613000000|  0%| F|  |TAMS 0x0000000612c00000, 0x0000000612c00000| Untracked 
|  62|0x0000000613000000, 0x0000000613000000, 0x0000000613400000|  0%| F|  |TAMS 0x0000000613000000, 0x0000000613000000| Untracked 
|  63|0x0000000613400000, 0x0000000613400000, 0x0000000613800000|  0%| F|  |TAMS 0x0000000613400000, 0x0000000613400000| Untracked 
|  64|0x0000000613800000, 0x0000000613800000, 0x0000000613c00000|  0%| F|  |TAMS 0x0000000613800000, 0x0000000613800000| Untracked 
|  65|0x0000000613c00000, 0x0000000613c00000, 0x0000000614000000|  0%| F|  |TAMS 0x0000000613c00000, 0x0000000613c00000| Untracked 
|  66|0x0000000614000000, 0x0000000614000000, 0x0000000614400000|  0%| F|  |TAMS 0x0000000614000000, 0x0000000614000000| Untracked 
|  67|0x0000000614400000, 0x0000000614400000, 0x0000000614800000|  0%| F|  |TAMS 0x0000000614400000, 0x0000000614400000| Untracked 
|  68|0x0000000614800000, 0x0000000614800000, 0x0000000614c00000|  0%| F|  |TAMS 0x0000000614800000, 0x0000000614800000| Untracked 
|  69|0x0000000614c00000, 0x0000000614c00000, 0x0000000615000000|  0%| F|  |TAMS 0x0000000614c00000, 0x0000000614c00000| Untracked 
|  70|0x0000000615000000, 0x0000000615000000, 0x0000000615400000|  0%| F|  |TAMS 0x0000000615000000, 0x0000000615000000| Untracked 
|  71|0x0000000615400000, 0x0000000615400000, 0x0000000615800000|  0%| F|  |TAMS 0x0000000615400000, 0x0000000615400000| Untracked 
|  72|0x0000000615800000, 0x0000000615800000, 0x0000000615c00000|  0%| F|  |TAMS 0x0000000615800000, 0x0000000615800000| Untracked 
|  73|0x0000000615c00000, 0x0000000615c00000, 0x0000000616000000|  0%| F|  |TAMS 0x0000000615c00000, 0x0000000615c00000| Untracked 
|  74|0x0000000616000000, 0x0000000616000000, 0x0000000616400000|  0%| F|  |TAMS 0x0000000616000000, 0x0000000616000000| Untracked 
|  75|0x0000000616400000, 0x0000000616400000, 0x0000000616800000|  0%| F|  |TAMS 0x0000000616400000, 0x0000000616400000| Untracked 
|  76|0x0000000616800000, 0x0000000616800000, 0x0000000616c00000|  0%| F|  |TAMS 0x0000000616800000, 0x0000000616800000| Untracked 
|  77|0x0000000616c00000, 0x0000000616c00000, 0x0000000617000000|  0%| F|  |TAMS 0x0000000616c00000, 0x0000000616c00000| Untracked 
|  78|0x0000000617000000, 0x0000000617000000, 0x0000000617400000|  0%| F|  |TAMS 0x0000000617000000, 0x0000000617000000| Untracked 
|  79|0x0000000617400000, 0x0000000617400000, 0x0000000617800000|  0%| F|  |TAMS 0x0000000617400000, 0x0000000617400000| Untracked 
|  80|0x0000000617800000, 0x0000000617800000, 0x0000000617c00000|  0%| F|  |TAMS 0x0000000617800000, 0x0000000617800000| Untracked 
|  81|0x0000000617c00000, 0x0000000617c00000, 0x0000000618000000|  0%| F|  |TAMS 0x0000000617c00000, 0x0000000617c00000| Untracked 
|  82|0x0000000618000000, 0x0000000618000000, 0x0000000618400000|  0%| F|  |TAMS 0x0000000618000000, 0x0000000618000000| Untracked 
|  83|0x0000000618400000, 0x0000000618400000, 0x0000000618800000|  0%| F|  |TAMS 0x0000000618400000, 0x0000000618400000| Untracked 
|  84|0x0000000618800000, 0x0000000618800000, 0x0000000618c00000|  0%| F|  |TAMS 0x0000000618800000, 0x0000000618800000| Untracked 
|  85|0x0000000618c00000, 0x0000000618c00000, 0x0000000619000000|  0%| F|  |TAMS 0x0000000618c00000, 0x0000000618c00000| Untracked 
|  86|0x0000000619000000, 0x0000000619000000, 0x0000000619400000|  0%| F|  |TAMS 0x0000000619000000, 0x0000000619000000| Untracked 
|  87|0x0000000619400000, 0x0000000619400000, 0x0000000619800000|  0%| F|  |TAMS 0x0000000619400000, 0x0000000619400000| Untracked 
|  88|0x0000000619800000, 0x0000000619800000, 0x0000000619c00000|  0%| F|  |TAMS 0x0000000619800000, 0x0000000619800000| Untracked 
|  89|0x0000000619c00000, 0x0000000619c00000, 0x000000061a000000|  0%| F|  |TAMS 0x0000000619c00000, 0x0000000619c00000| Untracked 
|  90|0x000000061a000000, 0x000000061a000000, 0x000000061a400000|  0%| F|  |TAMS 0x000000061a000000, 0x000000061a000000| Untracked 
|  91|0x000000061a400000, 0x000000061a400000, 0x000000061a800000|  0%| F|  |TAMS 0x000000061a400000, 0x000000061a400000| Untracked 
|  92|0x000000061a800000, 0x000000061a800000, 0x000000061ac00000|  0%| F|  |TAMS 0x000000061a800000, 0x000000061a800000| Untracked 
|  93|0x000000061ac00000, 0x000000061ac00000, 0x000000061b000000|  0%| F|  |TAMS 0x000000061ac00000, 0x000000061ac00000| Untracked 
|  94|0x000000061b000000, 0x000000061b000000, 0x000000061b400000|  0%| F|  |TAMS 0x000000061b000000, 0x000000061b000000| Untracked 
|  95|0x000000061b400000, 0x000000061b400000, 0x000000061b800000|  0%| F|  |TAMS 0x000000061b400000, 0x000000061b400000| Untracked 
|  96|0x000000061b800000, 0x000000061b800000, 0x000000061bc00000|  0%| F|  |TAMS 0x000000061b800000, 0x000000061b800000| Untracked 
|  97|0x000000061bc00000, 0x000000061bc00000, 0x000000061c000000|  0%| F|  |TAMS 0x000000061bc00000, 0x000000061bc00000| Untracked 
|  98|0x000000061c000000, 0x000000061c000000, 0x000000061c400000|  0%| F|  |TAMS 0x000000061c000000, 0x000000061c000000| Untracked 
|  99|0x000000061c400000, 0x000000061c400000, 0x000000061c800000|  0%| F|  |TAMS 0x000000061c400000, 0x000000061c400000| Untracked 
| 100|0x000000061c800000, 0x000000061c800000, 0x000000061cc00000|  0%| F|  |TAMS 0x000000061c800000, 0x000000061c800000| Untracked 
| 101|0x000000061cc00000, 0x000000061cc00000, 0x000000061d000000|  0%| F|  |TAMS 0x000000061cc00000, 0x000000061cc00000| Untracked 
| 102|0x000000061d000000, 0x000000061d000000, 0x000000061d400000|  0%| F|  |TAMS 0x000000061d000000, 0x000000061d000000| Untracked 
| 103|0x000000061d400000, 0x000000061d400000, 0x000000061d800000|  0%| F|  |TAMS 0x000000061d400000, 0x000000061d400000| Untracked 
| 104|0x000000061d800000, 0x000000061d800000, 0x000000061dc00000|  0%| F|  |TAMS 0x000000061d800000, 0x000000061d800000| Untracked 
| 105|0x000000061dc00000, 0x000000061dc00000, 0x000000061e000000|  0%| F|  |TAMS 0x000000061dc00000, 0x000000061dc00000| Untracked 
| 106|0x000000061e000000, 0x000000061e000000, 0x000000061e400000|  0%| F|  |TAMS 0x000000061e000000, 0x000000061e000000| Untracked 
| 107|0x000000061e400000, 0x000000061e400000, 0x000000061e800000|  0%| F|  |TAMS 0x000000061e400000, 0x000000061e400000| Untracked 
| 108|0x000000061e800000, 0x000000061e800000, 0x000000061ec00000|  0%| F|  |TAMS 0x000000061e800000, 0x000000061e800000| Untracked 
| 109|0x000000061ec00000, 0x000000061ec00000, 0x000000061f000000|  0%| F|  |TAMS 0x000000061ec00000, 0x000000061ec00000| Untracked 
| 110|0x000000061f000000, 0x000000061f000000, 0x000000061f400000|  0%| F|  |TAMS 0x000000061f000000, 0x000000061f000000| Untracked 
| 111|0x000000061f400000, 0x000000061f400000, 0x000000061f800000|  0%| F|  |TAMS 0x000000061f400000, 0x000000061f400000| Untracked 
| 112|0x000000061f800000, 0x000000061f800000, 0x000000061fc00000|  0%| F|  |TAMS 0x000000061f800000, 0x000000061f800000| Untracked 
| 113|0x000000061fc00000, 0x000000061fc00000, 0x0000000620000000|  0%| F|  |TAMS 0x000000061fc00000, 0x000000061fc00000| Untracked 
| 114|0x0000000620000000, 0x0000000620000000, 0x0000000620400000|  0%| F|  |TAMS 0x0000000620000000, 0x0000000620000000| Untracked 
| 115|0x0000000620400000, 0x0000000620400000, 0x0000000620800000|  0%| F|  |TAMS 0x0000000620400000, 0x0000000620400000| Untracked 
| 116|0x0000000620800000, 0x0000000620800000, 0x0000000620c00000|  0%| F|  |TAMS 0x0000000620800000, 0x0000000620800000| Untracked 
| 117|0x0000000620c00000, 0x0000000620c00000, 0x0000000621000000|  0%| F|  |TAMS 0x0000000620c00000, 0x0000000620c00000| Untracked 
| 118|0x0000000621000000, 0x0000000621000000, 0x0000000621400000|  0%| F|  |TAMS 0x0000000621000000, 0x0000000621000000| Untracked 
| 119|0x0000000621400000, 0x0000000621400000, 0x0000000621800000|  0%| F|  |TAMS 0x0000000621400000, 0x0000000621400000| Untracked 
| 120|0x0000000621800000, 0x0000000621800000, 0x0000000621c00000|  0%| F|  |TAMS 0x0000000621800000, 0x0000000621800000| Untracked 
| 121|0x0000000621c00000, 0x0000000621fb4598, 0x0000000622000000| 92%| S|CS|TAMS 0x0000000621c00000, 0x0000000621c00000| Complete 
| 122|0x0000000622000000, 0x0000000622000000, 0x0000000622400000|  0%| F|  |TAMS 0x0000000622000000, 0x0000000622000000| Untracked 
| 123|0x0000000622400000, 0x0000000622400000, 0x0000000622800000|  0%| F|  |TAMS 0x0000000622400000, 0x0000000622400000| Untracked 
| 124|0x0000000622800000, 0x0000000622800000, 0x0000000622c00000|  0%| F|  |TAMS 0x0000000622800000, 0x0000000622800000| Untracked 
| 125|0x0000000622c00000, 0x0000000622c00000, 0x0000000623000000|  0%| F|  |TAMS 0x0000000622c00000, 0x0000000622c00000| Untracked 
| 126|0x0000000623000000, 0x0000000623000000, 0x0000000623400000|  0%| F|  |TAMS 0x0000000623000000, 0x0000000623000000| Untracked 
| 127|0x0000000623400000, 0x000000062363a578, 0x0000000623800000| 55%| E|  |TAMS 0x0000000623400000, 0x0000000623400000| Complete 

Card table byte_map: [0x000001a5b32c0000,0x000001a5b42b0000] _byte_map_base: 0x000001a5b02a4000

Marking Bits (Prev, Next): (CMBitMap*) 0x000001a5990e05c0, (CMBitMap*) 0x000001a5990e0600
 Prev Bits: [0x000001a5b52a0000, 0x000001a5bd1c0000)
 Next Bits: [0x000001a5bd1c0000, 0x000001a5c50e0000)

Polling page: 0x000001a5990f0000

Metaspace:

Usage:
  Non-class:      6.82 MB used.
      Class:    922.10 KB used.
       Both:      7.72 MB used.

Virtual space:
  Non-class space:       64.00 MB reserved,       6.94 MB ( 11%) committed,  1 nodes.
      Class space:        1.00 GB reserved,       1.00 MB ( <1%) committed,  1 nodes.
             Both:        1.06 GB reserved,       7.94 MB ( <1%) committed. 

Chunk freelists:
   Non-Class:  7.17 MB
       Class:  14.99 MB
        Both:  22.16 MB

MaxMetaspaceSize: unlimited
CompressedClassSpaceSize: 1.00 GB
Initial GC threshold: 21.00 MB
Current GC threshold: 21.00 MB
CDS: on
MetaspaceReclaimPolicy: balanced
 - commit_granule_bytes: 65536.
 - commit_granule_words: 8192.
 - virtual_space_node_default_size: 8388608.
 - enlarge_chunks_in_place: 1.
 - new_chunks_are_fully_committed: 0.
 - uncommit_free_chunks: 1.
 - use_allocation_guard: 0.
 - handle_deallocations: 1.


Internal statistics:

num_allocs_failed_limit: 0.
num_arena_births: 98.
num_arena_deaths: 0.
num_vsnodes_births: 2.
num_vsnodes_deaths: 0.
num_space_committed: 127.
num_space_uncommitted: 0.
num_chunks_returned_to_freelist: 0.
num_chunks_taken_from_freelist: 335.
num_chunk_merges: 0.
num_chunk_splits: 242.
num_chunks_enlarged: 195.
num_inconsistent_stats: 0.

CodeHeap 'non-profiled nmethods': size=119168Kb used=402Kb max_used=402Kb free=118765Kb
 bounds [0x000001a5a9eb0000, 0x000001a5aa120000, 0x000001a5b1310000]
CodeHeap 'profiled nmethods': size=119104Kb used=2228Kb max_used=2228Kb free=116876Kb
 bounds [0x000001a5a2310000, 0x000001a5a2580000, 0x000001a5a9760000]
CodeHeap 'non-nmethods': size=7488Kb used=1670Kb max_used=2810Kb free=5817Kb
 bounds [0x000001a5a9760000, 0x000001a5a9a30000, 0x000001a5a9eb0000]
 total_blobs=2176 nmethods=1146 adapters=943
 compilation: enabled
              stopped_count=0, restarted_count=0
 full_count=0

Compilation events (20 events):
Event: 6.596 Thread 0x000001a5c5391490 1136       3       sun.security.provider.DigestBase::implCompressMultiBlock0 (23 bytes)
Event: 6.596 Thread 0x000001a5c5391490 nmethod 1136 0x000001a5a2538090 code [0x000001a5a2538240, 0x000001a5a25384e8]
Event: 6.596 Thread 0x000001a5c5391490 1128       3       jdk.internal.jimage.ImageStringsReader::hashCode (8 bytes)
Event: 6.596 Thread 0x000001a5c539e2f0 nmethod 1134 0x000001a5a9f12790 code [0x000001a5a9f12920, 0x000001a5a9f12b48]
Event: 6.596 Thread 0x000001a5c5391490 nmethod 1128 0x000001a5a2538610 code [0x000001a5a25387c0, 0x000001a5a2538998]
Event: 6.596 Thread 0x000001a5c539e2f0 1135       4       java.util.concurrent.ConcurrentHashMap::get (162 bytes)
Event: 6.596 Thread 0x000001a5c5391490 1129       3       jdk.internal.jimage.ImageStringsReader::match (11 bytes)
Event: 6.596 Thread 0x000001a5c5391490 nmethod 1129 0x000001a5a2538a90 code [0x000001a5a2538c40, 0x000001a5a2538e28]
Event: 6.596 Thread 0x000001a5c5391490 1130       3       jdk.internal.jimage.BasicImageReader::match (37 bytes)
Event: 6.597 Thread 0x000001a5c5391490 nmethod 1130 0x000001a5a2538f10 code [0x000001a5a25390e0, 0x000001a5a25393b8]
Event: 6.597 Thread 0x000001a5c5391490 1140       3       jdk.internal.jimage.BasicImageReader::verifyLocation (39 bytes)
Event: 6.597 Thread 0x000001a5c5391490 nmethod 1140 0x000001a5a2539510 code [0x000001a5a25396e0, 0x000001a5a25399c8]
Event: 6.597 Thread 0x000001a5c5391490 1133       3       jdk.internal.jimage.ImageLocation::verifyName (161 bytes)
Event: 6.597 Thread 0x000001a5c5391490 nmethod 1133 0x000001a5a2539b10 code [0x000001a5a2539e60, 0x000001a5a253b4d8]
Event: 6.597 Thread 0x000001a5c5391490 1142       3       sun.misc.Unsafe::putLong (11 bytes)
Event: 6.598 Thread 0x000001a5c5391490 nmethod 1142 0x000001a5a253bf10 code [0x000001a5a253c0a0, 0x000001a5a253c1b8]
Event: 6.598 Thread 0x000001a5c5391490 1143       3       org.lwjgl.system.MemoryUtil::memPutAddress (29 bytes)
Event: 6.598 Thread 0x000001a5c5391490 nmethod 1143 0x000001a5a253c290 code [0x000001a5a253c440, 0x000001a5a253c638]
Event: 6.598 Thread 0x000001a5c5391490 1137       3       jdk.internal.misc.Unsafe::checkNativeAddress (28 bytes)
Event: 6.598 Thread 0x000001a5c5391490 nmethod 1137 0x000001a5a253c710 code [0x000001a5a253c8a0, 0x000001a5a253c9b8]

GC Heap History (2 events):
Event: 1.556 GC heap before
{Heap before GC invocations=0 (full 0):
 garbage-first heap   total 524288K, used 24576K [0x0000000603800000, 0x0000000800000000)
  region size 4096K, 6 young (24576K), 0 survivors (0K)
 Metaspace       used 7521K, committed 7680K, reserved 1114112K
  class space    used 850K, committed 896K, reserved 1048576K
}
Event: 1.560 GC heap after
{Heap after GC invocations=1 (full 0):
 garbage-first heap   total 524288K, used 3793K [0x0000000603800000, 0x0000000800000000)
  region size 4096K, 1 young (4096K), 1 survivors (4096K)
 Metaspace       used 7521K, committed 7680K, reserved 1114112K
  class space    used 850K, committed 896K, reserved 1048576K
}

Dll operation events (8 events):
Event: 0.006 Loaded shared library C:\Program Files\Microsoft\jdk-17.0.7.7-hotspot\bin\java.dll
Event: 0.016 Loaded shared library C:\Program Files\Microsoft\jdk-17.0.7.7-hotspot\bin\jsvml.dll
Event: 0.252 Loaded shared library C:\Program Files\Microsoft\jdk-17.0.7.7-hotspot\bin\net.dll
Event: 0.253 Loaded shared library C:\Program Files\Microsoft\jdk-17.0.7.7-hotspot\bin\nio.dll
Event: 0.259 Loaded shared library C:\Program Files\Microsoft\jdk-17.0.7.7-hotspot\bin\zip.dll
Event: 0.511 Loaded shared library C:\Program Files\Microsoft\jdk-17.0.7.7-hotspot\bin\jimage.dll
Event: 0.601 Loaded shared library C:\Users\weicl\AppData\Local\Temp\lwjgl_weicl\3.3.2+13\x64\lwjgl.dll
Event: 6.594 Loaded shared library C:\Users\weicl\AppData\Local\Temp\lwjgl_weicl\3.3.2+13\x64\lwjgl_opengl.dll

Deoptimization events (20 events):
Event: 0.613 Thread 0x000001a599032100 Uncommon trap: trap_request=0xffffff45 fr.pc=0x000001a5a9ee433c relative=0x00000000000007dc
Event: 0.613 Thread 0x000001a599032100 Uncommon trap: reason=unstable_if action=reinterpret pc=0x000001a5a9ee433c method=java.util.HashMap.putVal(ILjava/lang/Object;Ljava/lang/Object;ZZ)Ljava/lang/Object; @ 181 c2
Event: 0.613 Thread 0x000001a599032100 DEOPT PACKING pc=0x000001a5a9ee433c sp=0x000000802d1fb6f0
Event: 0.613 Thread 0x000001a599032100 DEOPT UNPACKING pc=0x000001a5a97b69a3 sp=0x000000802d1fb6b0 mode 2
Event: 0.627 Thread 0x000001a599032100 DEOPT PACKING pc=0x000001a5a24d555a sp=0x000000802d1fb890
Event: 0.627 Thread 0x000001a599032100 DEOPT UNPACKING pc=0x000001a5a97b7143 sp=0x000000802d1fad18 mode 0
Event: 0.646 Thread 0x000001a599032100 DEOPT PACKING pc=0x000001a5a24b9ef9 sp=0x000000802d1fbff0
Event: 0.646 Thread 0x000001a599032100 DEOPT UNPACKING pc=0x000001a5a97b7143 sp=0x000000802d1fb450 mode 0
Event: 0.646 Thread 0x000001a599032100 DEOPT PACKING pc=0x000001a5a23d2784 sp=0x000000802d1fcb70
Event: 0.646 Thread 0x000001a599032100 DEOPT UNPACKING pc=0x000001a5a97b7143 sp=0x000000802d1fc008 mode 1
Event: 0.646 Thread 0x000001a599032100 DEOPT PACKING pc=0x000001a5a23d1c5c sp=0x000000802d1fcc40
Event: 0.646 Thread 0x000001a599032100 DEOPT UNPACKING pc=0x000001a5a97b7143 sp=0x000000802d1fc0f8 mode 1
Event: 0.666 Thread 0x000001a599032100 DEOPT PACKING pc=0x000001a5a24b9ef9 sp=0x000000802d1fd900
Event: 0.666 Thread 0x000001a599032100 DEOPT UNPACKING pc=0x000001a5a97b7143 sp=0x000000802d1fcd60 mode 0
Event: 6.586 Thread 0x000001a5c87c8920 DEOPT PACKING pc=0x000001a5a24b9ef9 sp=0x000000802eaf80f0
Event: 6.586 Thread 0x000001a5c87c8920 DEOPT UNPACKING pc=0x000001a5a97b7143 sp=0x000000802eaf7550 mode 0
Event: 6.589 Thread 0x000001a5c87c8920 Uncommon trap: trap_request=0xffffff45 fr.pc=0x000001a5a9eece6c relative=0x00000000000000cc
Event: 6.589 Thread 0x000001a5c87c8920 Uncommon trap: reason=unstable_if action=reinterpret pc=0x000001a5a9eece6c method=sun.net.www.ParseUtil.firstEncodeIndex(Ljava/lang/String;)I @ 51 c2
Event: 6.589 Thread 0x000001a5c87c8920 DEOPT PACKING pc=0x000001a5a9eece6c sp=0x000000802eaf8500
Event: 6.589 Thread 0x000001a5c87c8920 DEOPT UNPACKING pc=0x000001a5a97b69a3 sp=0x000000802eaf8498 mode 2

Classes unloaded (0 events):
No events

Classes redefined (0 events):
No events

Internal exceptions (20 events):
Event: 0.498 Thread 0x000001a599032100 Exception <a 'java/lang/NoSuchMethodError'{0x00000006225ad650}: 'java.lang.Object java.lang.invoke.DirectMethodHandle$Holder.newInvokeSpecial(java.lang.Object, java.lang.Object, java.lang.Object, java.lang.Object, java.lang.Object, java.lang.Object, java.lang.Object)'> (0x00000006225ad650) 
thrown [s\src\hotspot\share\interpreter\linkResolver.cpp, line 759]
Event: 0.499 Thread 0x000001a599032100 Exception <a 'java/lang/NoSuchMethodError'{0x00000006225b2930}: 'java.lang.Object java.lang.invoke.Invokers$Holder.linkToTargetMethod(java.lang.Object, java.lang.Object, java.lang.Object, java.lang.Object, java.lang.Object, java.lang.Object, java.lang.Object)'> (0x00000006225b2930) 
thrown [s\src\hotspot\share\interpreter\linkResolver.cpp, line 759]
Event: 0.539 Thread 0x000001a599032100 Exception <a 'java/lang/NoSuchMethodError'{0x00000006227c6128}: 'void java.lang.invoke.DirectMethodHandle$Holder.invokeSpecial(java.lang.Object, java.lang.Object, java.lang.Object, java.lang.Object, java.lang.Object)'> (0x00000006227c6128) 
thrown [s\src\hotspot\share\interpreter\linkResolver.cpp, line 759]
Event: 0.577 Thread 0x000001a599032100 Exception <a 'java/lang/NoSuchMethodError'{0x000000062216ce58}: 'void java.lang.invoke.DirectMethodHandle$Holder.invokeStatic(java.lang.Object, java.lang.Object)'> (0x000000062216ce58) 
thrown [s\src\hotspot\share\interpreter\linkResolver.cpp, line 759]
Event: 0.579 Thread 0x000001a599032100 Exception <a 'java/lang/NoSuchMethodError'{0x0000000622180da8}: 'java.lang.Object java.lang.invoke.DirectMethodHandle$Holder.invokeStatic(java.lang.Object, java.lang.Object, int)'> (0x0000000622180da8) 
thrown [s\src\hotspot\share\interpreter\linkResolver.cpp, line 759]
Event: 0.580 Thread 0x000001a599032100 Exception <a 'java/lang/NoSuchMethodError'{0x000000062218ca98}: 'void java.lang.invoke.DelegatingMethodHandle$Holder.delegate(java.lang.Object, java.lang.Object, int, java.lang.Object)'> (0x000000062218ca98) 
thrown [s\src\hotspot\share\interpreter\linkResolver.cpp, line 759]
Event: 0.599 Thread 0x000001a599032100 Exception <a 'sun/nio/fs/WindowsException'{0x00000006221d62e8}> (0x00000006221d62e8) 
thrown [s\src\hotspot\share\prims\jni.cpp, line 516]
Event: 0.600 Thread 0x000001a599032100 Exception <a 'sun/nio/fs/WindowsException'{0x00000006221d6838}> (0x00000006221d6838) 
thrown [s\src\hotspot\share\prims\jni.cpp, line 516]
Event: 0.632 Thread 0x000001a599032100 Exception <a 'java/lang/NoSuchMethodError'{0x000000062227bfd8}: 'int java.lang.invoke.DirectMethodHandle$Holder.invokeStaticInit(java.lang.Object, java.lang.Object, int, long)'> (0x000000062227bfd8) 
thrown [s\src\hotspot\share\interpreter\linkResolver.cpp, line 759]
Event: 0.632 Thread 0x000001a599032100 Exception <a 'java/lang/NoSuchMethodError'{0x00000006222818c0}: 'java.lang.Object java.lang.invoke.DirectMethodHandle$Holder.newInvokeSpecial(java.lang.Object, java.lang.Object, int)'> (0x00000006222818c0) 
thrown [s\src\hotspot\share\interpreter\linkResolver.cpp, line 759]
Event: 0.635 Thread 0x000001a599032100 Exception <a 'java/lang/NoSuchMethodError'{0x0000000622290bb8}: 'int java.lang.invoke.DirectMethodHandle$Holder.invokeStaticInit(java.lang.Object, java.lang.Object, long, long)'> (0x0000000622290bb8) 
thrown [s\src\hotspot\share\interpreter\linkResolver.cpp, line 759]
Event: 0.635 Thread 0x000001a599032100 Exception <a 'java/lang/NoSuchMethodError'{0x0000000622296ce8}: 'java.lang.Object java.lang.invoke.DirectMethodHandle$Holder.newInvokeSpecial(java.lang.Object, java.lang.Object, long)'> (0x0000000622296ce8) 
thrown [s\src\hotspot\share\interpreter\linkResolver.cpp, line 759]
Event: 0.636 Thread 0x000001a599032100 Exception <a 'java/lang/NoSuchMethodError'{0x000000062229afd8}: 'java.lang.Object java.lang.invoke.Invokers$Holder.linkToTargetMethod(java.lang.Object, long, java.lang.Object)'> (0x000000062229afd8) 
thrown [s\src\hotspot\share\interpreter\linkResolver.cpp, line 759]
Event: 0.637 Thread 0x000001a599032100 Exception <a 'java/lang/NoSuchMethodError'{0x00000006222a26f0}: 'int java.lang.invoke.DirectMethodHandle$Holder.invokeStaticInit(java.lang.Object, java.lang.Object, java.lang.Object, long)'> (0x00000006222a26f0) 
thrown [s\src\hotspot\share\interpreter\linkResolver.cpp, line 759]
Event: 0.658 Thread 0x000001a599032100 Exception <a 'sun/nio/fs/WindowsException'{0x000000062234ca20}> (0x000000062234ca20) 
thrown [s\src\hotspot\share\prims\jni.cpp, line 516]
Event: 0.658 Thread 0x000001a599032100 Exception <a 'sun/nio/fs/WindowsException'{0x000000062234cd80}> (0x000000062234cd80) 
thrown [s\src\hotspot\share\prims\jni.cpp, line 516]
Event: 6.593 Thread 0x000001a5c87c8920 Exception <a 'sun/nio/fs/WindowsException'{0x00000006235ffda8}> (0x00000006235ffda8) 
thrown [s\src\hotspot\share\prims\jni.cpp, line 516]
Event: 6.593 Thread 0x000001a5c87c8920 Exception <a 'sun/nio/fs/WindowsException'{0x0000000623600150}> (0x0000000623600150) 
thrown [s\src\hotspot\share\prims\jni.cpp, line 516]
Event: 6.597 Thread 0x000001a5c87c8920 Exception <a 'sun/nio/fs/WindowsException'{0x000000062360c470}> (0x000000062360c470) 
thrown [s\src\hotspot\share\prims\jni.cpp, line 516]
Event: 6.597 Thread 0x000001a5c87c8920 Exception <a 'sun/nio/fs/WindowsException'{0x000000062360c750}> (0x000000062360c750) 
thrown [s\src\hotspot\share\prims\jni.cpp, line 516]

VM Operations (20 events):
Event: 0.259 Executing VM operation: HandshakeAllThreads
Event: 0.259 Executing VM operation: HandshakeAllThreads done
Event: 0.380 Executing VM operation: HandshakeAllThreads
Event: 0.380 Executing VM operation: HandshakeAllThreads done
Event: 0.456 Executing VM operation: HandshakeAllThreads
Event: 0.456 Executing VM operation: HandshakeAllThreads done
Event: 0.469 Executing VM operation: ChangeBreakpoints
Event: 0.470 Executing VM operation: ChangeBreakpoints done
Event: 0.594 Executing VM operation: HandshakeAllThreads
Event: 0.594 Executing VM operation: HandshakeAllThreads done
Event: 1.169 Executing VM operation: get/set locals
Event: 1.169 Executing VM operation: get/set locals done
Event: 1.169 Executing VM operation: get/set locals
Event: 1.169 Executing VM operation: get/set locals done
Event: 1.555 Executing VM operation: G1CollectForAllocation
Event: 1.560 Executing VM operation: G1CollectForAllocation done
Event: 2.675 Executing VM operation: ChangeBreakpoints
Event: 2.675 Executing VM operation: ChangeBreakpoints done
Event: 4.675 Executing VM operation: Cleanup
Event: 4.675 Executing VM operation: Cleanup done

Events (20 events):
Event: 0.633 loading class jdk/internal/access/foreign/MemorySegmentProxy done
Event: 0.639 loading class java/nio/InvalidMarkException
Event: 0.639 loading class java/nio/InvalidMarkException done
Event: 0.639 loading class java/nio/BufferUnderflowException
Event: 0.639 loading class java/nio/BufferUnderflowException done
Event: 0.647 loading class java/util/Formatter$FixedString
Event: 0.647 loading class java/util/Formatter$FixedString done
Event: 0.659 loading class java/lang/NoSuchFieldError
Event: 0.659 loading class java/lang/NoSuchFieldError done
Event: 0.665 loading class jdk/internal/reflect/UnsafeQualifiedStaticIntegerFieldAccessorImpl
Event: 0.665 loading class jdk/internal/reflect/UnsafeQualifiedStaticIntegerFieldAccessorImpl done
Event: 1.525 Thread 0x000001a5c84c7040 Thread exited: 0x000001a5c84c7040
Event: 3.552 Thread 0x000001a5c8618050 Thread exited: 0x000001a5c8618050
Event: 3.552 Thread 0x000001a5c82bbd80 Thread exited: 0x000001a5c82bbd80
Event: 6.177 loading class java/lang/StackTraceElement$HashedModules
Event: 6.177 loading class java/lang/StackTraceElement$HashedModules done
Event: 6.214 Thread 0x000001a599032100 Thread exited: 0x000001a599032100
Event: 6.214 Thread 0x000001a599032100 Thread added: 0x000001a599032100
Event: 6.592 loading class jdk/internal/misc/ScopedMemoryAccess$Scope
Event: 6.592 loading class jdk/internal/misc/ScopedMemoryAccess$Scope done


Dynamic libraries:
0x00007ff7e65c0000 - 0x00007ff7e65ce000 	C:\Program Files\Microsoft\jdk-17.0.7.7-hotspot\bin\java.exe
0x00007ff9f6370000 - 0x00007ff9f6584000 	C:\WINDOWS\SYSTEM32\ntdll.dll
0x00007ff9f5980000 - 0x00007ff9f5a42000 	C:\WINDOWS\System32\KERNEL32.DLL
0x00007ff9f3a90000 - 0x00007ff9f3e33000 	C:\WINDOWS\System32\KERNELBASE.dll
0x00007ff9f4050000 - 0x00007ff9f4161000 	C:\WINDOWS\System32\ucrtbase.dll
0x00007ff9e63e0000 - 0x00007ff9e63fb000 	C:\Program Files\Microsoft\jdk-17.0.7.7-hotspot\bin\VCRUNTIME140.dll
0x00007ff9e4150000 - 0x00007ff9e4167000 	C:\Program Files\Microsoft\jdk-17.0.7.7-hotspot\bin\jli.dll
0x00007ff9f4900000 - 0x00007ff9f4aab000 	C:\WINDOWS\System32\USER32.dll
0x00007ff9e45c0000 - 0x00007ff9e484e000 	C:\WINDOWS\WinSxS\amd64_microsoft.windows.common-controls_6595b64144ccf1df_6.0.22621.1635_none_270f70857386168e\COMCTL32.dll
0x00007ff9f3a60000 - 0x00007ff9f3a86000 	C:\WINDOWS\System32\win32u.dll
0x00007ff9f4ab0000 - 0x00007ff9f4b57000 	C:\WINDOWS\System32\msvcrt.dll
0x00007ff9f6300000 - 0x00007ff9f6329000 	C:\WINDOWS\System32\GDI32.dll
0x00007ff9f3f30000 - 0x00007ff9f4048000 	C:\WINDOWS\System32\gdi32full.dll
0x00007ff9f39c0000 - 0x00007ff9f3a5a000 	C:\WINDOWS\System32\msvcp_win.dll
0x00007ff9f46a0000 - 0x00007ff9f46d1000 	C:\WINDOWS\System32\IMM32.DLL
0x00007ff9efd80000 - 0x00007ff9efd8c000 	C:\Program Files\Microsoft\jdk-17.0.7.7-hotspot\bin\vcruntime140_1.dll
0x00007ff9db4d0000 - 0x00007ff9db55d000 	C:\Program Files\Microsoft\jdk-17.0.7.7-hotspot\bin\msvcp140.dll
0x00007ff986c10000 - 0x00007ff987873000 	C:\Program Files\Microsoft\jdk-17.0.7.7-hotspot\bin\server\jvm.dll
0x00007ff9f46f0000 - 0x00007ff9f479e000 	C:\WINDOWS\System32\ADVAPI32.dll
0x00007ff9f5820000 - 0x00007ff9f58c4000 	C:\WINDOWS\System32\sechost.dll
0x00007ff9f5ac0000 - 0x00007ff9f5bd7000 	C:\WINDOWS\System32\RPCRT4.dll
0x00007ff9e6990000 - 0x00007ff9e69c4000 	C:\WINDOWS\SYSTEM32\WINMM.dll
0x00007ff9ef210000 - 0x00007ff9ef219000 	C:\WINDOWS\SYSTEM32\WSOCK32.dll
0x00007ff9ed100000 - 0x00007ff9ed10a000 	C:\WINDOWS\SYSTEM32\VERSION.dll
0x00007ff9f57a0000 - 0x00007ff9f5811000 	C:\WINDOWS\System32\WS2_32.dll
0x00007ff9f2840000 - 0x00007ff9f2858000 	C:\WINDOWS\SYSTEM32\kernel.appcore.dll
0x00007ff9e7120000 - 0x00007ff9e712a000 	C:\Program Files\Microsoft\jdk-17.0.7.7-hotspot\bin\jimage.dll
0x00007ff9f1190000 - 0x00007ff9f13be000 	C:\WINDOWS\SYSTEM32\DBGHELP.DLL
0x00007ff9f41d0000 - 0x00007ff9f4559000 	C:\WINDOWS\System32\combase.dll
0x00007ff9f45c0000 - 0x00007ff9f4697000 	C:\WINDOWS\System32\OLEAUT32.dll
0x00007ff9d71c0000 - 0x00007ff9d71f2000 	C:\WINDOWS\SYSTEM32\dbgcore.DLL
0x00007ff9f3e40000 - 0x00007ff9f3ebb000 	C:\WINDOWS\System32\bcryptPrimitives.dll
0x00007ff9e6610000 - 0x00007ff9e664b000 	C:\Program Files\Microsoft\jdk-17.0.7.7-hotspot\bin\jdwp.dll
0x00007ff9e4120000 - 0x00007ff9e4145000 	C:\Program Files\Microsoft\jdk-17.0.7.7-hotspot\bin\java.dll
0x00007ff9cf6f0000 - 0x00007ff9cf7c7000 	C:\Program Files\Microsoft\jdk-17.0.7.7-hotspot\bin\jsvml.dll
0x00007ff9f4b60000 - 0x00007ff9f535a000 	C:\WINDOWS\System32\SHELL32.dll
0x00007ff9f1750000 - 0x00007ff9f201e000 	C:\WINDOWS\SYSTEM32\windows.storage.dll
0x00007ff9f1610000 - 0x00007ff9f174e000 	C:\WINDOWS\SYSTEM32\wintypes.dll
0x00007ff9f4800000 - 0x00007ff9f48f1000 	C:\WINDOWS\System32\SHCORE.dll
0x00007ff9f4170000 - 0x00007ff9f41ce000 	C:\WINDOWS\System32\shlwapi.dll
0x00007ff9f36c0000 - 0x00007ff9f36e1000 	C:\WINDOWS\SYSTEM32\profapi.dll
0x00007ff9f04e0000 - 0x00007ff9f04ec000 	C:\Program Files\Microsoft\jdk-17.0.7.7-hotspot\bin\dt_socket.dll
0x00007ff9f22f0000 - 0x00007ff9f231d000 	C:\WINDOWS\SYSTEM32\IPHLPAPI.DLL
0x00007ff9b5540000 - 0x00007ff9b564d000 	C:\WINDOWS\SysWOW64\ierd_tgp_lsp64.dll
0x00007ff9f6160000 - 0x00007ff9f62fc000 	C:\WINDOWS\System32\ole32.dll
0x00007ff9f2cf0000 - 0x00007ff9f2d59000 	C:\WINDOWS\system32\mswsock.dll
0x00007ff9e3e20000 - 0x00007ff9e3e39000 	C:\Program Files\Microsoft\jdk-17.0.7.7-hotspot\bin\net.dll
0x00007ff9ed9b0000 - 0x00007ff9edae7000 	C:\WINDOWS\SYSTEM32\WINHTTP.dll
0x00007ff9e3e00000 - 0x00007ff9e3e16000 	C:\Program Files\Microsoft\jdk-17.0.7.7-hotspot\bin\nio.dll
0x00007ff9db4b0000 - 0x00007ff9db4c8000 	C:\Program Files\Microsoft\jdk-17.0.7.7-hotspot\bin\zip.dll
0x00007ff9b5cf0000 - 0x00007ff9b5d6a000 	C:\Users\weicl\AppData\Local\Temp\lwjgl_weicl\3.3.2+13\x64\lwjgl.dll
0x00007ff9a5510000 - 0x00007ff9a5592000 	C:\Users\weicl\AppData\Local\Temp\lwjgl_weicl\3.3.2+13\x64\glfw.dll
0x00007ff9c0300000 - 0x00007ff9c0346000 	C:\WINDOWS\SYSTEM32\dinput8.dll
0x00007ff9a29a0000 - 0x00007ff9a29b1000 	C:\WINDOWS\SYSTEM32\xinput1_4.dll
0x00007ff9f3450000 - 0x00007ff9f349e000 	C:\WINDOWS\SYSTEM32\cfgmgr32.dll
0x00007ff9f34a0000 - 0x00007ff9f34cc000 	C:\WINDOWS\SYSTEM32\DEVOBJ.dll
0x00007ff9f09d0000 - 0x00007ff9f09fb000 	C:\WINDOWS\SYSTEM32\dwmapi.dll
0x00007ff9f06a0000 - 0x00007ff9f074b000 	C:\WINDOWS\system32\uxtheme.dll
0x00007ff9cfde0000 - 0x00007ff9cffe1000 	C:\WINDOWS\SYSTEM32\inputhost.dll
0x00007ff9f01a0000 - 0x00007ff9f02d3000 	C:\WINDOWS\SYSTEM32\CoreMessaging.dll
0x00007ff9f55e0000 - 0x00007ff9f56fe000 	C:\WINDOWS\System32\MSCTF.dll
0x00007ff9f2ff0000 - 0x00007ff9f2ffc000 	C:\WINDOWS\SYSTEM32\CRYPTBASE.DLL
0x00007ff9bb610000 - 0x00007ff9bb710000 	C:\WINDOWS\SYSTEM32\opengl32.dll
0x00007ff9e4fe0000 - 0x00007ff9e500d000 	C:\WINDOWS\SYSTEM32\GLU32.dll
0x00007ff9f0860000 - 0x00007ff9f0896000 	C:\WINDOWS\SYSTEM32\dxcore.dll
0x00007ff9f58d0000 - 0x00007ff9f5980000 	C:\WINDOWS\System32\clbcatq.dll
0x00007ff974800000 - 0x00007ff978457000 	C:\WINDOWS\System32\DriverStore\FileRepository\nv_dispi.inf_amd64_e34a87a86b660c23\nvoglv64.dll
0x00007ff9f5ce0000 - 0x00007ff9f6154000 	C:\WINDOWS\System32\SETUPAPI.dll
0x00007ff9f0610000 - 0x00007ff9f0624000 	C:\WINDOWS\SYSTEM32\WTSAPI32.dll
0x00007ff9f3140000 - 0x00007ff9f3168000 	C:\WINDOWS\SYSTEM32\bcrypt.dll
0x00007ff9f3430000 - 0x00007ff9f3442000 	C:\WINDOWS\SYSTEM32\msasn1.dll
0x00007ff9ea020000 - 0x00007ff9ea052000 	C:\WINDOWS\SYSTEM32\cryptnet.dll
0x00007ff9f3850000 - 0x00007ff9f39b7000 	C:\WINDOWS\System32\CRYPT32.dll
0x00007ff9e9e40000 - 0x00007ff9e9fa1000 	C:\WINDOWS\SYSTEM32\drvstore.dll
0x00007ff9f2f70000 - 0x00007ff9f2fb8000 	C:\WINDOWS\SYSTEM32\wldp.dll
0x00007ff9f3ec0000 - 0x00007ff9f3f2b000 	C:\WINDOWS\System32\WINTRUST.dll
0x00007ff9f28b0000 - 0x00007ff9f28e4000 	C:\WINDOWS\SYSTEM32\ntmarta.dll
0x00007ff99aa60000 - 0x00007ff99ad31000 	C:\WINDOWS\system32\nvspcap64.dll
0x00007ff9f2660000 - 0x00007ff9f26ad000 	C:\WINDOWS\SYSTEM32\powrprof.dll
0x00007ff9f2640000 - 0x00007ff9f2653000 	C:\WINDOWS\SYSTEM32\UMPDC.dll
0x00007ff9f2270000 - 0x00007ff9f22d6000 	C:\WINDOWS\SYSTEM32\WINSTA.dll
0x00007ff9c98a0000 - 0x00007ff9c99cd000 	C:\WINDOWS\SYSTEM32\textinputframework.dll
0x00007ff9bb550000 - 0x00007ff9bb5ae000 	C:\Users\weicl\AppData\Local\Temp\lwjgl_weicl\3.3.2+13\x64\lwjgl_opengl.dll

dbghelp: loaded successfully - version: 4.0.5 - missing functions: none
symbol engine: initialized successfully - sym options: 0x614 - pdb path: .;C:\Program Files\Microsoft\jdk-17.0.7.7-hotspot\bin;C:\WINDOWS\SYSTEM32;C:\WINDOWS\WinSxS\amd64_microsoft.windows.common-controls_6595b64144ccf1df_6.0.22621.1635_none_270f70857386168e;C:\Program Files\Microsoft\jdk-17.0.7.7-hotspot\bin\server;C:\WINDOWS\SysWOW64;C:\Users\weicl\AppData\Local\Temp\lwjgl_weicl\3.3.2+13\x64;C:\WINDOWS\System32\DriverStore\FileRepository\nv_dispi.inf_amd64_e34a87a86b660c23

VM Arguments:
jvm_args: -Duser.dir=C:\Users\weicl\Desktop\kepler\compose -agentlib:jdwp=transport=dt_socket,server=y,suspend=y,quiet=n -Duser.dir=C:\Users\weicl\Desktop\kepler\compose 
java_command: main
java_class_path (initial): C:\Users\weicl\Desktop\kepler\.bloop\compose\bloop-bsp-clients-classes\classes-Metals-ylEoywlsQ1a8kAvcQhEgGQ==;C:\Users\weicl\AppData\Local\Coursier\Cache\v1\https\repo1.maven.org\maven2\org\scala-lang\scala3-library_3\3.2.2\scala3-library_3-3.2.2.jar;C:\Users\weicl\AppData\Local\Coursier\Cache\v1\https\repo1.maven.org\maven2\org\typelevel\cats-core_3\2.9.0\cats-core_3-2.9.0.jar;C:\Users\weicl\AppData\Local\Coursier\Cache\v1\https\repo1.maven.org\maven2\org\lwjgl\lwjgl\3.3.2\lwjgl-3.3.2.jar;C:\Users\weicl\AppData\Local\Coursier\Cache\v1\https\repo1.maven.org\maven2\org\lwjgl\lwjgl\3.3.2\lwjgl-3.3.2-natives-windows.jar;C:\Users\weicl\AppData\Local\Coursier\Cache\v1\https\repo1.maven.org\maven2\org\lwjgl\lwjgl-assimp\3.3.2\lwjgl-assimp-3.3.2.jar;C:\Users\weicl\AppData\Local\Coursier\Cache\v1\https\repo1.maven.org\maven2\org\lwjgl\lwjgl-assimp\3.3.2\lwjgl-assimp-3.3.2-natives-windows.jar;C:\Users\weicl\AppData\Local\Coursier\Cache\v1\https\repo1.maven.org\maven2\org\lwjgl\lwjgl-glfw\3.3.2\lwjgl-glfw-3.3.2.jar;C:\Users\weicl\AppData\Local\Coursier\Cache\v1\https\repo1.maven.org\maven2\org\lwjgl\lwjgl-glfw\3.3.2\lwjgl-glfw-3.3.2-natives-windows.jar;C:\Users\weicl\AppData\Local\Coursier\Cache\v1\https\repo1.maven.org\maven2\org\lwjgl\lwjgl-openal\3.3.2\lwjgl-openal-3.3.2.jar;C:\Users\weicl\AppData\Local\Coursier\Cache\v1\https\repo1.maven.org\maven2\org\lwjgl\lwjgl-openal\3.3.2\lwjgl-openal-3.3.2-natives-windows.jar;C:\Users\weicl\AppData\Local\Coursier\Cache\v1\https\repo1.maven.org\maven2\org\lwjgl\lwjgl-opengl\3.3.2\lwjgl-opengl-3.3.2.jar;C:\Users\weicl\AppData\Local\Coursier\Cache\v1\https\repo1.maven.org\maven2\org\lwjgl\lwjgl-opengl\3.3.2\lwjgl-opengl-3.3.2-natives-windows.jar;C:\Users\weicl\AppData\Local\Coursier\Cache\v1\https\repo1.maven.org\maven2\org\lwjgl\lwjgl-stb\3.3.2\lwjgl-stb-3.3.2.jar;C:\Users\weicl\AppData\Local\Coursier\Cache\v1\https\repo1.maven.org\maven2\org\lwjgl\lwjgl-stb\3.3.2\lwjgl-stb-3.3.2-natives-windows.jar;C:\Us
Launcher Type: SUN_STANDARD

[Global flags]
     intx CICompilerCount                          = 12                                        {product} {ergonomic}
     uint ConcGCThreads                            = 3                                         {product} {ergonomic}
     uint G1ConcRefinementThreads                  = 13                                        {product} {ergonomic}
   size_t G1HeapRegionSize                         = 4194304                                   {product} {ergonomic}
    uintx GCDrainStackTargetSize                   = 64                                        {product} {ergonomic}
   size_t InitialHeapSize                          = 536870912                                 {product} {ergonomic}
   size_t MarkStackSize                            = 4194304                                   {product} {ergonomic}
   size_t MaxHeapSize                              = 8531214336                                {product} {ergonomic}
   size_t MaxNewSize                               = 5117050880                                {product} {ergonomic}
   size_t MinHeapDeltaBytes                        = 4194304                                   {product} {ergonomic}
   size_t MinHeapSize                              = 8388608                                   {product} {ergonomic}
    uintx NonNMethodCodeHeapSize                   = 7602480                                {pd product} {ergonomic}
    uintx NonProfiledCodeHeapSize                  = 122027880                              {pd product} {ergonomic}
    uintx ProfiledCodeHeapSize                     = 122027880                              {pd product} {ergonomic}
    uintx ReservedCodeCacheSize                    = 251658240                              {pd product} {ergonomic}
     bool SegmentedCodeCache                       = true                                      {product} {ergonomic}
   size_t SoftMaxHeapSize                          = 8531214336                             {manageable} {ergonomic}
     bool UseCompressedClassPointers               = true                           {product lp64_product} {ergonomic}
     bool UseCompressedOops                        = true                           {product lp64_product} {ergonomic}
     bool UseG1GC                                  = true                                      {product} {ergonomic}
     bool UseLargePagesIndividualAllocation        = false                                  {pd product} {ergonomic}

Logging:
Log output configuration:
 #0: stdout all=warning uptime,level,tags
 #1: stderr all=off uptime,level,tags

Environment Variables:
JAVA_HOME=C:\Program Files\Microsoft\jdk-17.0.7.7-hotspot\
PATH=C:\Program Files\Microsoft\jdk-17.0.7.7-hotspot\bin;C:\WINDOWS\system32;C:\WINDOWS;C:\WINDOWS\System32\Wbem;C:\WINDOWS\System32\WindowsPowerShell\v1.0\;C:\WINDOWS\System32\OpenSSH\;C:\Program Files\dotnet\;C:\Program Files\NVIDIA Corporation\NVIDIA NvDLISR;C:\Program Files (x86)\NVIDIA Corporation\PhysX\Common;C:\Program Files\Git\cmd;C:\Program Files (x86)\sbt\bin;C:\Users\weicl\AppData\Local\Microsoft\WindowsApps;C:\Users\weicl\AppData\Local\Microsoft\WinGet\Packages\Kubernetes.kubectl_Microsoft.Winget.Source_8wekyb3d8bbwe;C:\Users\weicl\AppData\Local\Programs\Microsoft VS Code\bin;C:\ProgramData\chectl\chectl\bin;
USERNAME=weicl
OS=Windows_NT
PROCESSOR_IDENTIFIER=Intel64 Family 6 Model 154 Stepping 3, GenuineIntel
TMP=C:\Users\weicl\AppData\Local\Temp
TEMP=C:\Users\weicl\AppData\Local\Temp



---------------  S Y S T E M  ---------------

OS:
 Windows 11 , 64 bit Build 22621 (10.0.22621.1635)
OS uptime: 6 days 23:13 hours
Hyper-V role detected

CPU: total 16 (initial active 16) (8 cores per cpu, 2 threads per core) family 6 model 154 stepping 3 microcode 0x423, cx8, cmov, fxsr, ht, mmx, 3dnowpref, sse, sse2, sse3, ssse3, sse4.1, sse4.2, popcnt, lzcnt, tsc, tscinvbit, avx, avx2, aes, erms, clmul, bmi1, bmi2, adx, sha, fma, vzeroupper, clflush, clflushopt, clwb, hv

Memory: 4k page, system-wide physical 32533M (21467M free)
TotalPageFile size 34874M (AvailPageFile size 19689M)
current process WorkingSet (physical memory assigned to process): 116M, peak: 116M
current process commit charge ("private bytes"): 697M, peak: 697M

vm_info: OpenJDK 64-Bit Server VM (17.0.7+7-LTS) for windows-amd64 JRE (17.0.7+7-LTS), built on Apr 13 2023 20:59:12 by "MicrosoftCorporation" with MS VC++ 16.10 / 16.11 (VS2019)

END.
