#
# A fatal error has been detected by the Java Runtime Environment:
#
#  EXCEPTION_ACCESS_VIOLATION (0xc0000005) at pc=0x00007ff9e5c2829a, pid=1592, tid=8344
#
# JRE version: OpenJDK Runtime Environment Microsoft-7626293 (17.0.7+7) (build 17.0.7+7-LTS)
# Java VM: OpenJDK 64-Bit Server VM Microsoft-7626293 (17.0.7+7-LTS, mixed mode, sharing, tiered, compressed oops, compressed class ptrs, g1 gc, windows-amd64)
# Problematic frame:
# C  [opengl32.dll+0x2829a]
#
# No core dump will be written. Minidumps are not enabled by default on client versions of Windows
#
# If you would like to submit a bug report, please visit:
#   https://github.com/microsoft/openjdk/issues
# The crash happened outside the Java Virtual Machine in native code.
# See problematic frame for where to report the bug.
#

---------------  S U M M A R Y ------------

Command Line: -Duser.dir=C:\Users\weicl\Desktop\kepler\compose -agentlib:jdwp=transport=dt_socket,server=y,suspend=y,quiet=n -Duser.dir=C:\Users\weicl\Desktop\kepler\compose main

Host: 12th Gen Intel(R) Core(TM) i5-1240P, 16 cores, 31G,  Windows 11 , 64 bit Build 22621 (10.0.22621.1635)
Time: Sat May 20 00:58:22 2023  Windows 11 , 64 bit Build 22621 (10.0.22621.1635) elapsed time: 1.422727 seconds (0d 0h 0m 1s)

---------------  T H R E A D  ---------------

Current thread (0x0000026cab8344b0):  JavaThread "Thread-0" [_thread_in_native, id=8344, stack(0x000000e405b00000,0x000000e405c00000)]

Stack: [0x000000e405b00000,0x000000e405c00000],  sp=0x000000e405bf9580,  free space=997k
Native frames: (J=compiled Java code, j=interpreted, Vv=VM code, C=native code)
C  [opengl32.dll+0x2829a]

Java frames: (J=compiled Java code, j=interpreted, Vv=VM code)
j  org.lwjgl.system.JNI.callI(J)I+0
j  org.lwjgl.opengl.GL.createCapabilities(ZLjava/util/function/IntFunction;)Lorg/lwjgl/opengl/GLCapabilities;+78
j  org.lwjgl.opengl.GL.createCapabilities(Ljava/util/function/IntFunction;)Lorg/lwjgl/opengl/GLCapabilities;+2
j  org.lwjgl.opengl.GL.createCapabilities()Lorg/lwjgl/opengl/GLCapabilities;+1
j  com.github.yjgbg.compose.OpenGLRuntime$.apply$$anonfun$3$$anonfun$2(Lscala/Tuple2;)V+21
j  com.github.yjgbg.compose.OpenGLRuntime$$$Lambda$126+0x00000008010f73b8.applyVoid(Ljava/lang/Object;)V+8
j  scala.runtime.function.JProcedure1.apply(Ljava/lang/Object;)Lscala/runtime/BoxedUnit;+2
j  scala.runtime.function.JProcedure1.apply(Ljava/lang/Object;)Ljava/lang/Object;+2
j  scala.collection.IterableOnceOps.foreach(Lscala/Function1;)V+26
j  scala.collection.IterableOnceOps.foreach$(Lscala/collection/IterableOnceOps;Lscala/Function1;)V+2
j  scala.collection.AbstractIterable.foreach(Lscala/Function1;)V+2
j  scala.collection.IterableOps$WithFilter.foreach(Lscala/Function1;)V+5
j  com.github.yjgbg.compose.OpenGLRuntime$.apply$$anonfun$3(Lcom/github/yjgbg/compose/Rx;Lscala/collection/immutable/HashMap;Lscala/collection/immutable/HashMap;)V+27
j  com.github.yjgbg.compose.OpenGLRuntime$$$Lambda$120+0x00000008010f5300.applyVoid(Ljava/lang/Object;Ljava/lang/Object;)V+16
j  scala.runtime.function.JProcedure2.apply(Ljava/lang/Object;Ljava/lang/Object;)Lscala/runtime/BoxedUnit;+3
j  scala.runtime.function.JProcedure2.apply(Ljava/lang/Object;Ljava/lang/Object;)Ljava/lang/Object;+3
j  com.github.yjgbg.compose.Rx$.useState$$anonfun$1$$anonfun$1(Ljava/lang/Object;Ljava/lang/Object;Lcom/github/yjgbg/compose/Rx$WeakEntry;)V+16
j  com.github.yjgbg.compose.Rx$$$Lambda$116+0x00000008010eedd8.accept(Ljava/lang/Object;)V+16
j  java.util.concurrent.CopyOnWriteArrayList.forEach(Ljava/util/function/Consumer;)V+35 java.base@17.0.7
j  com.github.yjgbg.compose.Rx$.useState$$anonfun$1(Lcom/github/yjgbg/compose/Rx;Ljava/lang/Object;)V+33
j  com.github.yjgbg.compose.Rx$$$Lambda$1+0x000000080100e990.applyVoid(Ljava/lang/Object;)V+9
j  scala.runtime.function.JProcedure1.apply(Ljava/lang/Object;)Lscala/runtime/BoxedUnit;+2
j  scala.runtime.function.JProcedure1.apply(Ljava/lang/Object;)Ljava/lang/Object;+2
j  com.github.yjgbg.compose.Rx$.map$$anonfun$1(Lscala/Function1;Lscala/Function1;Ljava/lang/Object;Ljava/lang/Object;)V+9
j  com.github.yjgbg.compose.Rx$$$Lambda$14+0x00000008010b6840.applyVoid(Ljava/lang/Object;Ljava/lang/Object;)V+14
j  scala.runtime.function.JProcedure2.apply(Ljava/lang/Object;Ljava/lang/Object;)Lscala/runtime/BoxedUnit;+3
j  scala.runtime.function.JProcedure2.apply(Ljava/lang/Object;Ljava/lang/Object;)Ljava/lang/Object;+3
j  com.github.yjgbg.compose.Rx$.useState$$anonfun$1$$anonfun$1(Ljava/lang/Object;Ljava/lang/Object;Lcom/github/yjgbg/compose/Rx$WeakEntry;)V+16
j  com.github.yjgbg.compose.Rx$$$Lambda$116+0x00000008010eedd8.accept(Ljava/lang/Object;)V+16
j  java.util.concurrent.CopyOnWriteArrayList.forEach(Ljava/util/function/Consumer;)V+35 java.base@17.0.7
j  com.github.yjgbg.compose.Rx$.useState$$anonfun$1(Lcom/github/yjgbg/compose/Rx;Ljava/lang/Object;)V+33
j  com.github.yjgbg.compose.Rx$$$Lambda$1+0x000000080100e990.applyVoid(Ljava/lang/Object;)V+9
j  scala.runtime.function.JProcedure1.apply(Ljava/lang/Object;)Lscala/runtime/BoxedUnit;+2
j  scala.runtime.function.JProcedure1.apply(Ljava/lang/Object;)Ljava/lang/Object;+2
j  com.github.yjgbg.compose.Rx$.zip$$anonfun$1(Lcom/github/yjgbg/compose/Rx;Lscala/Function1;Ljava/lang/Object;Ljava/lang/Object;)V+14
j  com.github.yjgbg.compose.Rx$$$Lambda$52+0x00000008010cc800.applyVoid(Ljava/lang/Object;Ljava/lang/Object;)V+14
j  scala.runtime.function.JProcedure2.apply(Ljava/lang/Object;Ljava/lang/Object;)Lscala/runtime/BoxedUnit;+3
j  scala.runtime.function.JProcedure2.apply(Ljava/lang/Object;Ljava/lang/Object;)Ljava/lang/Object;+3
j  com.github.yjgbg.compose.Rx$.useState$$anonfun$1$$anonfun$1(Ljava/lang/Object;Ljava/lang/Object;Lcom/github/yjgbg/compose/Rx$WeakEntry;)V+16
j  com.github.yjgbg.compose.Rx$$$Lambda$116+0x00000008010eedd8.accept(Ljava/lang/Object;)V+16
j  java.util.concurrent.CopyOnWriteArrayList.forEach(Ljava/util/function/Consumer;)V+35 java.base@17.0.7
j  com.github.yjgbg.compose.Rx$.useState$$anonfun$1(Lcom/github/yjgbg/compose/Rx;Ljava/lang/Object;)V+33
j  com.github.yjgbg.compose.Rx$$$Lambda$1+0x000000080100e990.applyVoid(Ljava/lang/Object;)V+9
j  scala.runtime.function.JProcedure1.apply(Ljava/lang/Object;)Lscala/runtime/BoxedUnit;+2
j  scala.runtime.function.JProcedure1.apply(Ljava/lang/Object;)Ljava/lang/Object;+2
j  com.github.yjgbg.compose.Rx$.map$$anonfun$1(Lscala/Function1;Lscala/Function1;Ljava/lang/Object;Ljava/lang/Object;)V+9
j  com.github.yjgbg.compose.Rx$$$Lambda$14+0x00000008010b6840.applyVoid(Ljava/lang/Object;Ljava/lang/Object;)V+14
j  scala.runtime.function.JProcedure2.apply(Ljava/lang/Object;Ljava/lang/Object;)Lscala/runtime/BoxedUnit;+3
j  scala.runtime.function.JProcedure2.apply(Ljava/lang/Object;Ljava/lang/Object;)Ljava/lang/Object;+3
j  com.github.yjgbg.compose.Rx$.useState$$anonfun$1$$anonfun$1(Ljava/lang/Object;Ljava/lang/Object;Lcom/github/yjgbg/compose/Rx$WeakEntry;)V+16
j  com.github.yjgbg.compose.Rx$$$Lambda$116+0x00000008010eedd8.accept(Ljava/lang/Object;)V+16
j  java.util.concurrent.CopyOnWriteArrayList.forEach(Ljava/util/function/Consumer;)V+35 java.base@17.0.7
j  com.github.yjgbg.compose.Rx$.useState$$anonfun$1(Lcom/github/yjgbg/compose/Rx;Ljava/lang/Object;)V+33
j  com.github.yjgbg.compose.Rx$$$Lambda$1+0x000000080100e990.applyVoid(Ljava/lang/Object;)V+9
j  scala.runtime.function.JProcedure1.apply(Ljava/lang/Object;)Lscala/runtime/BoxedUnit;+2
j  scala.runtime.function.JProcedure1.apply(Ljava/lang/Object;)Ljava/lang/Object;+2
j  com.github.yjgbg.compose.Rx$.zip$$anonfun$2(Lcom/github/yjgbg/compose/Rx;Lscala/Function1;Ljava/lang/Object;Ljava/lang/Object;)V+13
j  com.github.yjgbg.compose.Rx$$$Lambda$53+0x00000008010d0000.applyVoid(Ljava/lang/Object;Ljava/lang/Object;)V+14
j  scala.runtime.function.JProcedure2.apply(Ljava/lang/Object;Ljava/lang/Object;)Lscala/runtime/BoxedUnit;+3
j  scala.runtime.function.JProcedure2.apply(Ljava/lang/Object;Ljava/lang/Object;)Ljava/lang/Object;+3
j  com.github.yjgbg.compose.Rx$.useState$$anonfun$1$$anonfun$1(Ljava/lang/Object;Ljava/lang/Object;Lcom/github/yjgbg/compose/Rx$WeakEntry;)V+16
j  com.github.yjgbg.compose.Rx$$$Lambda$116+0x00000008010eedd8.accept(Ljava/lang/Object;)V+16
j  java.util.concurrent.CopyOnWriteArrayList.forEach(Ljava/util/function/Consumer;)V+35 java.base@17.0.7
j  com.github.yjgbg.compose.Rx$.useState$$anonfun$1(Lcom/github/yjgbg/compose/Rx;Ljava/lang/Object;)V+33
j  com.github.yjgbg.compose.Rx$$$Lambda$1+0x000000080100e990.applyVoid(Ljava/lang/Object;)V+9
j  scala.runtime.function.JProcedure1.apply(Ljava/lang/Object;)Lscala/runtime/BoxedUnit;+2
j  scala.runtime.function.JProcedure1.apply(Ljava/lang/Object;)Ljava/lang/Object;+2
j  com.github.yjgbg.compose.Rx$.map$$anonfun$1(Lscala/Function1;Lscala/Function1;Ljava/lang/Object;Ljava/lang/Object;)V+9
j  com.github.yjgbg.compose.Rx$$$Lambda$14+0x00000008010b6840.applyVoid(Ljava/lang/Object;Ljava/lang/Object;)V+14
j  scala.runtime.function.JProcedure2.apply(Ljava/lang/Object;Ljava/lang/Object;)Lscala/runtime/BoxedUnit;+3
j  scala.runtime.function.JProcedure2.apply(Ljava/lang/Object;Ljava/lang/Object;)Ljava/lang/Object;+3
j  com.github.yjgbg.compose.Rx$.useState$$anonfun$1$$anonfun$1(Ljava/lang/Object;Ljava/lang/Object;Lcom/github/yjgbg/compose/Rx$WeakEntry;)V+16
j  com.github.yjgbg.compose.Rx$$$Lambda$116+0x00000008010eedd8.accept(Ljava/lang/Object;)V+16
j  java.util.concurrent.CopyOnWriteArrayList.forEach(Ljava/util/function/Consumer;)V+35 java.base@17.0.7
j  com.github.yjgbg.compose.Rx$.useState$$anonfun$1(Lcom/github/yjgbg/compose/Rx;Ljava/lang/Object;)V+33
j  com.github.yjgbg.compose.Rx$$$Lambda$1+0x000000080100e990.applyVoid(Ljava/lang/Object;)V+9
j  scala.runtime.function.JProcedure1.apply(Ljava/lang/Object;)Lscala/runtime/BoxedUnit;+2
j  scala.runtime.function.JProcedure1.apply(Ljava/lang/Object;)Ljava/lang/Object;+2
j  com.github.yjgbg.compose.Rx$.zip$$anonfun$1(Lcom/github/yjgbg/compose/Rx;Lscala/Function1;Ljava/lang/Object;Ljava/lang/Object;)V+14
j  com.github.yjgbg.compose.Rx$$$Lambda$52+0x00000008010cc800.applyVoid(Ljava/lang/Object;Ljava/lang/Object;)V+14
j  scala.runtime.function.JProcedure2.apply(Ljava/lang/Object;Ljava/lang/Object;)Lscala/runtime/BoxedUnit;+3
j  scala.runtime.function.JProcedure2.apply(Ljava/lang/Object;Ljava/lang/Object;)Ljava/lang/Object;+3
j  com.github.yjgbg.compose.Rx$.useState$$anonfun$1$$anonfun$1(Ljava/lang/Object;Ljava/lang/Object;Lcom/github/yjgbg/compose/Rx$WeakEntry;)V+16
j  com.github.yjgbg.compose.Rx$$$Lambda$116+0x00000008010eedd8.accept(Ljava/lang/Object;)V+16
j  java.util.concurrent.CopyOnWriteArrayList.forEach(Ljava/util/function/Consumer;)V+35 java.base@17.0.7
j  com.github.yjgbg.compose.Rx$.useState$$anonfun$1(Lcom/github/yjgbg/compose/Rx;Ljava/lang/Object;)V+33
j  com.github.yjgbg.compose.Rx$$$Lambda$1+0x000000080100e990.applyVoid(Ljava/lang/Object;)V+9
j  scala.runtime.function.JProcedure1.apply(Ljava/lang/Object;)Lscala/runtime/BoxedUnit;+2
j  scala.runtime.function.JProcedure1.apply(Ljava/lang/Object;)Ljava/lang/Object;+2
j  com.github.yjgbg.compose.Rx$.map$$anonfun$1(Lscala/Function1;Lscala/Function1;Ljava/lang/Object;Ljava/lang/Object;)V+9
j  com.github.yjgbg.compose.Rx$$$Lambda$14+0x00000008010b6840.applyVoid(Ljava/lang/Object;Ljava/lang/Object;)V+14
j  scala.runtime.function.JProcedure2.apply(Ljava/lang/Object;Ljava/lang/Object;)Lscala/runtime/BoxedUnit;+3
j  scala.runtime.function.JProcedure2.apply(Ljava/lang/Object;Ljava/lang/Object;)Ljava/lang/Object;+3
j  com.github.yjgbg.compose.Rx$.useState$$anonfun$1$$anonfun$1(Ljava/lang/Object;Ljava/lang/Object;Lcom/github/yjgbg/compose/Rx$WeakEntry;)V+16
j  com.github.yjgbg.compose.Rx$$$Lambda$116+0x00000008010eedd8.accept(Ljava/lang/Object;)V+16
j  java.util.concurrent.CopyOnWriteArrayList.forEach(Ljava/util/function/Consumer;)V+35 java.base@17.0.7
j  com.github.yjgbg.compose.Rx$.useState$$anonfun$1(Lcom/github/yjgbg/compose/Rx;Ljava/lang/Object;)V+33
j  com.github.yjgbg.compose.Rx$$$Lambda$1+0x000000080100e990.applyVoid(Ljava/lang/Object;)V+9
j  scala.runtime.function.JProcedure1.apply(Ljava/lang/Object;)Lscala/runtime/BoxedUnit;+2
j  scala.runtime.function.JProcedure1.apply(Ljava/lang/Object;)Ljava/lang/Object;+2
j  com.github.yjgbg.compose.Rx$.zip$$anonfun$1(Lcom/github/yjgbg/compose/Rx;Lscala/Function1;Ljava/lang/Object;Ljava/lang/Object;)V+14
j  com.github.yjgbg.compose.Rx$$$Lambda$52+0x00000008010cc800.applyVoid(Ljava/lang/Object;Ljava/lang/Object;)V+14
j  scala.runtime.function.JProcedure2.apply(Ljava/lang/Object;Ljava/lang/Object;)Lscala/runtime/BoxedUnit;+3
j  scala.runtime.function.JProcedure2.apply(Ljava/lang/Object;Ljava/lang/Object;)Ljava/lang/Object;+3
j  com.github.yjgbg.compose.Rx$.useState$$anonfun$1$$anonfun$1(Ljava/lang/Object;Ljava/lang/Object;Lcom/github/yjgbg/compose/Rx$WeakEntry;)V+16
j  com.github.yjgbg.compose.Rx$$$Lambda$116+0x00000008010eedd8.accept(Ljava/lang/Object;)V+16
j  java.util.concurrent.CopyOnWriteArrayList.forEach(Ljava/util/function/Consumer;)V+35 java.base@17.0.7
j  com.github.yjgbg.compose.Rx$.useState$$anonfun$1(Lcom/github/yjgbg/compose/Rx;Ljava/lang/Object;)V+33
j  com.github.yjgbg.compose.Rx$$$Lambda$1+0x000000080100e990.applyVoid(Ljava/lang/Object;)V+9
j  scala.runtime.function.JProcedure1.apply(Ljava/lang/Object;)Lscala/runtime/BoxedUnit;+2
j  scala.runtime.function.JProcedure1.apply(Ljava/lang/Object;)Ljava/lang/Object;+2
j  com.github.yjgbg.compose.Rx$.map$$anonfun$1(Lscala/Function1;Lscala/Function1;Ljava/lang/Object;Ljava/lang/Object;)V+9
j  com.github.yjgbg.compose.Rx$$$Lambda$14+0x00000008010b6840.applyVoid(Ljava/lang/Object;Ljava/lang/Object;)V+14
j  scala.runtime.function.JProcedure2.apply(Ljava/lang/Object;Ljava/lang/Object;)Lscala/runtime/BoxedUnit;+3
j  scala.runtime.function.JProcedure2.apply(Ljava/lang/Object;Ljava/lang/Object;)Ljava/lang/Object;+3
j  com.github.yjgbg.compose.Rx$.useState$$anonfun$1$$anonfun$1(Ljava/lang/Object;Ljava/lang/Object;Lcom/github/yjgbg/compose/Rx$WeakEntry;)V+16
j  com.github.yjgbg.compose.Rx$$$Lambda$116+0x00000008010eedd8.accept(Ljava/lang/Object;)V+16
j  java.util.concurrent.CopyOnWriteArrayList.forEach(Ljava/util/function/Consumer;)V+35 java.base@17.0.7
j  com.github.yjgbg.compose.Rx$.useState$$anonfun$1(Lcom/github/yjgbg/compose/Rx;Ljava/lang/Object;)V+33
j  com.github.yjgbg.compose.Rx$$$Lambda$1+0x000000080100e990.applyVoid(Ljava/lang/Object;)V+9
j  scala.runtime.function.JProcedure1.apply(Ljava/lang/Object;)Lscala/runtime/BoxedUnit;+2
j  scala.runtime.function.JProcedure1.apply(Ljava/lang/Object;)Ljava/lang/Object;+2
j  com.github.yjgbg.compose.Rx$.map$$anonfun$1(Lscala/Function1;Lscala/Function1;Ljava/lang/Object;Ljava/lang/Object;)V+9
j  com.github.yjgbg.compose.Rx$$$Lambda$14+0x00000008010b6840.applyVoid(Ljava/lang/Object;Ljava/lang/Object;)V+14
j  scala.runtime.function.JProcedure2.apply(Ljava/lang/Object;Ljava/lang/Object;)Lscala/runtime/BoxedUnit;+3
j  scala.runtime.function.JProcedure2.apply(Ljava/lang/Object;Ljava/lang/Object;)Ljava/lang/Object;+3
j  com.github.yjgbg.compose.Rx$.useState$$anonfun$1$$anonfun$1(Ljava/lang/Object;Ljava/lang/Object;Lcom/github/yjgbg/compose/Rx$WeakEntry;)V+16
j  com.github.yjgbg.compose.Rx$$$Lambda$116+0x00000008010eedd8.accept(Ljava/lang/Object;)V+16
j  java.util.concurrent.CopyOnWriteArrayList.forEach(Ljava/util/function/Consumer;)V+35 java.base@17.0.7
j  com.github.yjgbg.compose.Rx$.useState$$anonfun$1(Lcom/github/yjgbg/compose/Rx;Ljava/lang/Object;)V+33
j  com.github.yjgbg.compose.Rx$$$Lambda$1+0x000000080100e990.applyVoid(Ljava/lang/Object;)V+9
j  scala.runtime.function.JProcedure1.apply(Ljava/lang/Object;)Lscala/runtime/BoxedUnit;+2
j  scala.runtime.function.JProcedure1.apply(Ljava/lang/Object;)Ljava/lang/Object;+2
j  com.github.yjgbg.compose.Rx$.map$$anonfun$1(Lscala/Function1;Lscala/Function1;Ljava/lang/Object;Ljava/lang/Object;)V+9
j  com.github.yjgbg.compose.Rx$$$Lambda$14+0x00000008010b6840.applyVoid(Ljava/lang/Object;Ljava/lang/Object;)V+14
j  scala.runtime.function.JProcedure2.apply(Ljava/lang/Object;Ljava/lang/Object;)Lscala/runtime/BoxedUnit;+3
j  scala.runtime.function.JProcedure2.apply(Ljava/lang/Object;Ljava/lang/Object;)Ljava/lang/Object;+3
j  com.github.yjgbg.compose.Rx$.useState$$anonfun$1$$anonfun$1(Ljava/lang/Object;Ljava/lang/Object;Lcom/github/yjgbg/compose/Rx$WeakEntry;)V+16
j  com.github.yjgbg.compose.Rx$$$Lambda$116+0x00000008010eedd8.accept(Ljava/lang/Object;)V+16
j  java.util.concurrent.CopyOnWriteArrayList.forEach(Ljava/util/function/Consumer;)V+35 java.base@17.0.7
j  com.github.yjgbg.compose.Rx$.useState$$anonfun$1(Lcom/github/yjgbg/compose/Rx;Ljava/lang/Object;)V+33
j  com.github.yjgbg.compose.Rx$$$Lambda$1+0x000000080100e990.applyVoid(Ljava/lang/Object;)V+9
j  scala.runtime.function.JProcedure1.apply(Ljava/lang/Object;)Lscala/runtime/BoxedUnit;+2
j  scala.runtime.function.JProcedure1.apply(Ljava/lang/Object;)Ljava/lang/Object;+2
j  com.github.yjgbg.compose.Rx$.zip$$anonfun$1(Lcom/github/yjgbg/compose/Rx;Lscala/Function1;Ljava/lang/Object;Ljava/lang/Object;)V+14
j  com.github.yjgbg.compose.Rx$$$Lambda$52+0x00000008010cc800.applyVoid(Ljava/lang/Object;Ljava/lang/Object;)V+14
j  scala.runtime.function.JProcedure2.apply(Ljava/lang/Object;Ljava/lang/Object;)Lscala/runtime/BoxedUnit;+3
j  scala.runtime.function.JProcedure2.apply(Ljava/lang/Object;Ljava/lang/Object;)Ljava/lang/Object;+3
j  com.github.yjgbg.compose.Rx$.useState$$anonfun$1$$anonfun$1(Ljava/lang/Object;Ljava/lang/Object;Lcom/github/yjgbg/compose/Rx$WeakEntry;)V+16
j  com.github.yjgbg.compose.Rx$$$Lambda$116+0x00000008010eedd8.accept(Ljava/lang/Object;)V+16
j  java.util.concurrent.CopyOnWriteArrayList.forEach(Ljava/util/function/Consumer;)V+35 java.base@17.0.7
j  com.github.yjgbg.compose.Rx$.useState$$anonfun$1(Lcom/github/yjgbg/compose/Rx;Ljava/lang/Object;)V+33
j  com.github.yjgbg.compose.Rx$$$Lambda$1+0x000000080100e990.applyVoid(Ljava/lang/Object;)V+9
j  scala.runtime.function.JProcedure1.apply(Ljava/lang/Object;)Lscala/runtime/BoxedUnit;+2
j  scala.runtime.function.JProcedure1.apply(Ljava/lang/Object;)Ljava/lang/Object;+2
j  com.github.yjgbg.compose.Rx$.map$$anonfun$1(Lscala/Function1;Lscala/Function1;Ljava/lang/Object;Ljava/lang/Object;)V+9
j  com.github.yjgbg.compose.Rx$$$Lambda$14+0x00000008010b6840.applyVoid(Ljava/lang/Object;Ljava/lang/Object;)V+14
j  scala.runtime.function.JProcedure2.apply(Ljava/lang/Object;Ljava/lang/Object;)Lscala/runtime/BoxedUnit;+3
j  scala.runtime.function.JProcedure2.apply(Ljava/lang/Object;Ljava/lang/Object;)Ljava/lang/Object;+3
j  com.github.yjgbg.compose.Rx$.useState$$anonfun$1$$anonfun$1(Ljava/lang/Object;Ljava/lang/Object;Lcom/github/yjgbg/compose/Rx$WeakEntry;)V+16
j  com.github.yjgbg.compose.Rx$$$Lambda$116+0x00000008010eedd8.accept(Ljava/lang/Object;)V+16
j  java.util.concurrent.CopyOnWriteArrayList.forEach(Ljava/util/function/Consumer;)V+35 java.base@17.0.7
j  com.github.yjgbg.compose.Rx$.useState$$anonfun$1(Lcom/github/yjgbg/compose/Rx;Ljava/lang/Object;)V+33
j  com.github.yjgbg.compose.Rx$$$Lambda$1+0x000000080100e990.applyVoid(Ljava/lang/Object;)V+9
j  scala.runtime.function.JProcedure1.apply(Ljava/lang/Object;)Lscala/runtime/BoxedUnit;+2
j  scala.runtime.function.JProcedure1.apply(Ljava/lang/Object;)Ljava/lang/Object;+2
j  com.github.yjgbg.compose.Rx$.zip$$anonfun$1(Lcom/github/yjgbg/compose/Rx;Lscala/Function1;Ljava/lang/Object;Ljava/lang/Object;)V+14
j  com.github.yjgbg.compose.Rx$$$Lambda$52+0x00000008010cc800.applyVoid(Ljava/lang/Object;Ljava/lang/Object;)V+14
j  scala.runtime.function.JProcedure2.apply(Ljava/lang/Object;Ljava/lang/Object;)Lscala/runtime/BoxedUnit;+3
j  scala.runtime.function.JProcedure2.apply(Ljava/lang/Object;Ljava/lang/Object;)Ljava/lang/Object;+3
j  com.github.yjgbg.compose.Rx$.useState$$anonfun$1$$anonfun$1(Ljava/lang/Object;Ljava/lang/Object;Lcom/github/yjgbg/compose/Rx$WeakEntry;)V+16
j  com.github.yjgbg.compose.Rx$$$Lambda$116+0x00000008010eedd8.accept(Ljava/lang/Object;)V+16
j  java.util.concurrent.CopyOnWriteArrayList.forEach(Ljava/util/function/Consumer;)V+35 java.base@17.0.7
j  com.github.yjgbg.compose.Rx$.useState$$anonfun$1(Lcom/github/yjgbg/compose/Rx;Ljava/lang/Object;)V+33
j  com.github.yjgbg.compose.Rx$$$Lambda$1+0x000000080100e990.applyVoid(Ljava/lang/Object;)V+9
j  scala.runtime.function.JProcedure1.apply(Ljava/lang/Object;)Lscala/runtime/BoxedUnit;+2
j  scala.runtime.function.JProcedure1.apply(Ljava/lang/Object;)Ljava/lang/Object;+2
j  com.github.yjgbg.compose.Rx$.map$$anonfun$1(Lscala/Function1;Lscala/Function1;Ljava/lang/Object;Ljava/lang/Object;)V+9
j  com.github.yjgbg.compose.Rx$$$Lambda$14+0x00000008010b6840.applyVoid(Ljava/lang/Object;Ljava/lang/Object;)V+14
j  scala.runtime.function.JProcedure2.apply(Ljava/lang/Object;Ljava/lang/Object;)Lscala/runtime/BoxedUnit;+3
j  scala.runtime.function.JProcedure2.apply(Ljava/lang/Object;Ljava/lang/Object;)Ljava/lang/Object;+3
j  com.github.yjgbg.compose.Rx$.useState$$anonfun$1$$anonfun$1(Ljava/lang/Object;Ljava/lang/Object;Lcom/github/yjgbg/compose/Rx$WeakEntry;)V+16
j  com.github.yjgbg.compose.Rx$$$Lambda$116+0x00000008010eedd8.accept(Ljava/lang/Object;)V+16
j  java.util.concurrent.CopyOnWriteArrayList.forEach(Ljava/util/function/Consumer;)V+35 java.base@17.0.7
j  com.github.yjgbg.compose.Rx$.useState$$anonfun$1(Lcom/github/yjgbg/compose/Rx;Ljava/lang/Object;)V+33
j  com.github.yjgbg.compose.Rx$$$Lambda$1+0x000000080100e990.applyVoid(Ljava/lang/Object;)V+9
j  scala.runtime.function.JProcedure1.apply(Ljava/lang/Object;)Lscala/runtime/BoxedUnit;+2
j  scala.runtime.function.JProcedure1.apply(Ljava/lang/Object;)Ljava/lang/Object;+2
j  com.github.yjgbg.compose.Rx$.zip$$anonfun$2(Lcom/github/yjgbg/compose/Rx;Lscala/Function1;Ljava/lang/Object;Ljava/lang/Object;)V+13
j  com.github.yjgbg.compose.Rx$$$Lambda$53+0x00000008010d0000.applyVoid(Ljava/lang/Object;Ljava/lang/Object;)V+14
j  scala.runtime.function.JProcedure2.apply(Ljava/lang/Object;Ljava/lang/Object;)Lscala/runtime/BoxedUnit;+3
j  scala.runtime.function.JProcedure2.apply(Ljava/lang/Object;Ljava/lang/Object;)Ljava/lang/Object;+3
j  com.github.yjgbg.compose.Rx$.useState$$anonfun$1$$anonfun$1(Ljava/lang/Object;Ljava/lang/Object;Lcom/github/yjgbg/compose/Rx$WeakEntry;)V+16
j  com.github.yjgbg.compose.Rx$$$Lambda$116+0x00000008010eedd8.accept(Ljava/lang/Object;)V+16
j  java.util.concurrent.CopyOnWriteArrayList.forEach(Ljava/util/function/Consumer;)V+35 java.base@17.0.7
j  com.github.yjgbg.compose.Rx$.useState$$anonfun$1(Lcom/github/yjgbg/compose/Rx;Ljava/lang/Object;)V+33
j  com.github.yjgbg.compose.Rx$$$Lambda$1+0x000000080100e990.applyVoid(Ljava/lang/Object;)V+9
j  scala.runtime.function.JProcedure1.apply(Ljava/lang/Object;)Lscala/runtime/BoxedUnit;+2
j  scala.runtime.function.JProcedure1.apply(Ljava/lang/Object;)Ljava/lang/Object;+2
j  com.github.yjgbg.compose.Rx$.map$$anonfun$1(Lscala/Function1;Lscala/Function1;Ljava/lang/Object;Ljava/lang/Object;)V+9
j  com.github.yjgbg.compose.Rx$$$Lambda$14+0x00000008010b6840.applyVoid(Ljava/lang/Object;Ljava/lang/Object;)V+14
j  scala.runtime.function.JProcedure2.apply(Ljava/lang/Object;Ljava/lang/Object;)Lscala/runtime/BoxedUnit;+3
j  scala.runtime.function.JProcedure2.apply(Ljava/lang/Object;Ljava/lang/Object;)Ljava/lang/Object;+3
j  com.github.yjgbg.compose.Rx$.useState$$anonfun$1$$anonfun$1(Ljava/lang/Object;Ljava/lang/Object;Lcom/github/yjgbg/compose/Rx$WeakEntry;)V+16
j  com.github.yjgbg.compose.Rx$$$Lambda$116+0x00000008010eedd8.accept(Ljava/lang/Object;)V+16
j  java.util.concurrent.CopyOnWriteArrayList.forEach(Ljava/util/function/Consumer;)V+35 java.base@17.0.7
j  com.github.yjgbg.compose.Rx$.useState$$anonfun$1(Lcom/github/yjgbg/compose/Rx;Ljava/lang/Object;)V+33
j  com.github.yjgbg.compose.Rx$$$Lambda$1+0x000000080100e990.applyVoid(Ljava/lang/Object;)V+9
j  scala.runtime.function.JProcedure1.apply(Ljava/lang/Object;)Lscala/runtime/BoxedUnit;+2
j  scala.runtime.function.JProcedure1.apply(Ljava/lang/Object;)Ljava/lang/Object;+2
j  com.github.yjgbg.compose.Rx$.usePeriod$$anonfun$1(JLscala/Function1;Lcom/github/yjgbg/compose/Rx;Lscala/Function1;)V+22
j  com.github.yjgbg.compose.Rx$$$Lambda$28+0x00000008010bf608.run()V+20
j  java.lang.Thread.run()V+11 java.base@17.0.7
v  ~StubRoutines::call_stub

siginfo: EXCEPTION_ACCESS_VIOLATION (0xc0000005), reading address 0x0000000000000828


Register to memory mapping:

RIP=0x00007ff9e5c2829a opengl32.dll
RAX=0x0 is NULL
RBX={method} {0x0000026cac84a7a0} 'callI' '(J)I' in 'org/lwjgl/system/JNI'
RCX=0x000000e403ddb000 points into unknown readable memory: 0x0000000000000000 | 00 00 00 00 00 00 00 00
RDX=0x000000e405bf9638 is pointing into the stack for thread: 0x0000026cab8344b0
RSP=0x000000e405bf9580 is pointing into the stack for thread: 0x0000026cab8344b0
RBP=0x000000e405bf9628 is pointing into the stack for thread: 0x0000026cab8344b0
RSI=0x00000000000076a4 is an unknown value
RDI=0x0000026c8ee8a218 is at code_begin+4280 in an Interpreter codelet
return entry points  [0x0000026c8ee89160, 0x0000026c8ee8b380]  8736 bytes
R8 =0x00007ff9e5c28260 opengl32.dll
R9 =0x0000000000000004 is an unknown value
R10=0x8ec9970f7ad74070 is an unknown value
R11=0x0000000621ccb1b0 is an oop: java.lang.Class 
{0x0000000621ccb1b0} - klass: 'java/lang/Class'
 - ---- fields (total size 14 words):
 - private volatile transient 'classRedefinedCount' 'I' @12  0
 - private volatile transient 'cachedConstructor' 'Ljava/lang/reflect/Constructor;' @40  NULL (0)
 - private transient 'name' 'Ljava/lang/String;' @44  "org.lwjgl.system.JNI"{0x0000000621ccbe70} (c43997ce)
 - private transient 'module' 'Ljava/lang/Module;' @48  a 'java/lang/Module'{0x0000000621c0e510} (c4381ca2)
 - private final 'classLoader' 'Ljava/lang/ClassLoader;' @52  a 'jdk/internal/loader/ClassLoaders$AppClassLoader'{0x0000000621c2bd58} (c43857ab)
 - private transient 'classData' 'Ljava/lang/Object;' @56  NULL (0)
 - private transient 'packageName' 'Ljava/lang/String;' @60  "org.lwjgl.system"{0x0000000621cc0df8} (c43981bf)
 - private final 'componentType' 'Ljava/lang/Class;' @64  NULL (0)
 - private volatile transient 'reflectionData' 'Ljava/lang/ref/SoftReference;' @68  NULL (0)
 - private volatile transient 'genericInfo' 'Lsun/reflect/generics/repository/ClassRepository;' @72  NULL (0)
 - private volatile transient 'enumConstants' '[Ljava/lang/Object;' @76  NULL (0)
 - private volatile transient 'enumConstantDirectory' 'Ljava/util/Map;' @80  NULL (0)
 - private volatile transient 'annotationData' 'Ljava/lang/Class$AnnotationData;' @84  NULL (0)
 - private volatile transient 'annotationType' 'Lsun/reflect/annotation/AnnotationType;' @88  NULL (0)
 - transient 'classValueMap' 'Ljava/lang/ClassValue$ClassValueMap;' @92  NULL (0)
 - signature: Lorg/lwjgl/system/JNI;
 - fake entry for mirror: 'org/lwjgl/system/JNI'
 - fake entry for array: NULL
 - fake entry for oop_size: 14
 - fake entry for static_oop_field_count: 0
R12=0x0 is NULL
R13={method} {0x0000026cac84a7a0} 'callI' '(J)I' in 'org/lwjgl/system/JNI'
R14=0x000000e405bf9650 is pointing into the stack for thread: 0x0000026cab8344b0
R15=0x0000026cab8344b0 is a thread


Registers:
RAX=0x0000000000000000, RBX=0x0000026cac84a798, RCX=0x000000e403ddb000, RDX=0x000000e405bf9638
RSP=0x000000e405bf9580, RBP=0x000000e405bf9628, RSI=0x00000000000076a4, RDI=0x0000026c8ee8a218
R8 =0x00007ff9e5c28260, R9 =0x0000000000000004, R10=0x8ec9970f7ad74070, R11=0x0000000621ccb1b0
R12=0x0000000000000000, R13=0x0000026cac84a798, R14=0x000000e405bf9650, R15=0x0000026cab8344b0
RIP=0x00007ff9e5c2829a, EFLAGS=0x0000000000010287

Top of Stack: (sp=0x000000e405bf9580)
0x000000e405bf9580:   0000026cac84a798 0000026cac84a798
0x000000e405bf9590:   0000026cac84a798 000000e405bf95b0
0x000000e405bf95a0:   0000026c8ee8a218 0000026c8ee91366
0x000000e405bf95b0:   0000026cac84a798 00000000000076a4
0x000000e405bf95c0:   0000026cac7df3e6 000000e405bf9650
0x000000e405bf95d0:   0000026cac829578 0000026c8ee90c76
0x000000e405bf95e0:   000000e405bf95e0 0000026cac84a798
0x000000e405bf95f0:   000000e405bf9650 0000026cac8798e8
0x000000e405bf9600:   0000000000000000 0000000621ccb1b0
0x000000e405bf9610:   0000026cac84a798 0000000000000000
0x000000e405bf9620:   000000e405bf9648 000000e405bf96a0
0x000000e405bf9630:   0000026c8ee8a322 0000000621ccb1b0
0x000000e405bf9640:   0000026c8ee8d4f6 00007ff9e5c28260
0x000000e405bf9650:   0000000000000000 000000e405bf9658
0x000000e405bf9660:   0000026cac8a4f4e 000000e405bf9768
0x000000e405bf9670:   0000026cac8a6888 0000000000000000 

Instructions: (pc=0x00007ff9e5c2829a)
0x00007ff9e5c2819a:   8b 05 e8 c5 0c 00 49 8b 04 01 eb 0c 48 ff 15 53
0x00007ff9e5c281aa:   d8 09 00 0f 1f 44 00 00 49 ba 70 ab db 7c 2f 87
0x00007ff9e5c281ba:   ad b6 48 8b 80 a0 0a 00 00 4c 8b c3 8b d7 8b ce
0x00007ff9e5c281ca:   48 8b 5c 24 30 48 8b 74 24 38 48 83 c4 20 5f 48
0x00007ff9e5c281da:   ff 25 58 db 09 00 cc cc cc cc cc cc cc cc 71 a2
0x00007ff9e5c281ea:   d3 38 fa 17 65 e3 48 89 5c 24 08 57 48 83 ec 20
0x00007ff9e5c281fa:   8b f9 48 8b da 8b 0d 4b 00 0b 00 83 f9 40 73 15
0x00007ff9e5c2820a:   65 4c 8b 04 25 30 00 00 00 8b 05 6f c5 0c 00 49
0x00007ff9e5c2821a:   8b 04 00 eb 0c 48 ff 15 da d7 09 00 0f 1f 44 00
0x00007ff9e5c2822a:   00 49 ba 70 a2 d3 38 fa 17 65 e3 48 8b 80 20 08
0x00007ff9e5c2823a:   00 00 48 8b d3 8b cf 48 8b 5c 24 30 48 83 c4 20
0x00007ff9e5c2824a:   5f 48 ff 25 e6 da 09 00 cc cc cc cc cc cc 71 40
0x00007ff9e5c2825a:   d7 7a 0f 97 c9 8e 48 83 ec 28 8b 0d e6 ff 0a 00
0x00007ff9e5c2826a:   83 f9 40 73 15 65 48 8b 0c 25 30 00 00 00 8b 05
0x00007ff9e5c2827a:   0a c5 0c 00 48 8b 04 01 eb 0c 48 ff 15 75 d7 09
0x00007ff9e5c2828a:   00 0f 1f 44 00 00 49 ba 70 40 d7 7a 0f 97 c9 8e
0x00007ff9e5c2829a:   48 8b 80 28 08 00 00 48 83 c4 28 48 ff 25 8c da
0x00007ff9e5c282aa:   09 00 cc cc cc cc cc cc cc cc cc cc cc cc 71 72
0x00007ff9e5c282ba:   56 5c 3a 2f 9d fc 48 89 5c 24 08 57 48 83 ec 20
0x00007ff9e5c282ca:   8b f9 48 8b da 8b 0d 7b ff 0a 00 83 f9 40 73 15
0x00007ff9e5c282da:   65 4c 8b 04 25 30 00 00 00 8b 05 9f c4 0c 00 49
0x00007ff9e5c282ea:   8b 04 00 eb 0c 48 ff 15 0a d7 09 00 0f 1f 44 00
0x00007ff9e5c282fa:   00 49 ba 70 72 56 5c 3a 2f 9d fc 48 8b 80 30 08
0x00007ff9e5c2830a:   00 00 48 8b d3 8b cf 48 8b 5c 24 30 48 83 c4 20
0x00007ff9e5c2831a:   5f 48 ff 25 16 da 09 00 cc cc cc cc cc cc 71 a2
0x00007ff9e5c2832a:   d3 50 81 9e 55 fe 48 89 5c 24 08 57 48 83 ec 20
0x00007ff9e5c2833a:   8b f9 48 8b da 8b 0d 0b ff 0a 00 83 f9 40 73 15
0x00007ff9e5c2834a:   65 4c 8b 04 25 30 00 00 00 8b 05 2f c4 0c 00 49
0x00007ff9e5c2835a:   8b 04 00 eb 0c 48 ff 15 9a d6 09 00 0f 1f 44 00
0x00007ff9e5c2836a:   00 49 ba 70 a2 d3 50 81 9e 55 fe 48 8b 80 38 08
0x00007ff9e5c2837a:   00 00 48 8b d3 8b cf 48 8b 5c 24 30 48 83 c4 20
0x00007ff9e5c2838a:   5f 48 ff 25 a6 d9 09 00 cc cc cc cc cc cc 71 92 


Stack slot to memory mapping:
stack at sp + 0 slots: {method} {0x0000026cac84a7a0} 'callI' '(J)I' in 'org/lwjgl/system/JNI'
stack at sp + 1 slots: {method} {0x0000026cac84a7a0} 'callI' '(J)I' in 'org/lwjgl/system/JNI'
stack at sp + 2 slots: {method} {0x0000026cac84a7a0} 'callI' '(J)I' in 'org/lwjgl/system/JNI'
stack at sp + 3 slots: 0x000000e405bf95b0 is pointing into the stack for thread: 0x0000026cab8344b0
stack at sp + 4 slots: 0x0000026c8ee8a218 is at code_begin+4280 in an Interpreter codelet
return entry points  [0x0000026c8ee89160, 0x0000026c8ee8b380]  8736 bytes
stack at sp + 5 slots: 0x0000026c8ee91366 is at code_begin+1958 in an Interpreter codelet
method entry point (kind = native)  [0x0000026c8ee90bc0, 0x0000026c8ee91ce0]  4384 bytes
stack at sp + 6 slots: {method} {0x0000026cac84a7a0} 'callI' '(J)I' in 'org/lwjgl/system/JNI'
stack at sp + 7 slots: 0x00000000000076a4 is an unknown value


---------------  P R O C E S S  ---------------

Threads class SMR info:
_java_thread_list=0x0000026cabca5960, length=17, elements={
0x0000026cffb0f9c0, 0x0000026cffb10570, 0x0000026cffb26cc0, 0x0000026cffb27870,
0x0000026cffb2a330, 0x0000026cffb2bcf0, 0x0000026cffb2ca80, 0x0000026cffb2d520,
0x0000026cffb2ee30, 0x0000026cab4152d0, 0x0000026cab41f9a0, 0x0000026cab420820,
0x0000026cab4212d0, 0x0000026cab430ac0, 0x0000026cab8344b0, 0x0000026cabc45950,
0x0000026cfc031f40
}

Java Threads: ( => current thread )
  0x0000026cffb0f9c0 JavaThread "Reference Handler" daemon [_thread_blocked, id=2460, stack(0x000000e404900000,0x000000e404a00000)]
  0x0000026cffb10570 JavaThread "Finalizer" daemon [_thread_blocked, id=21288, stack(0x000000e404a00000,0x000000e404b00000)]
  0x0000026cffb26cc0 JavaThread "Signal Dispatcher" daemon [_thread_blocked, id=7308, stack(0x000000e404b00000,0x000000e404c00000)]
  0x0000026cffb27870 JavaThread "Attach Listener" daemon [_thread_blocked, id=21600, stack(0x000000e404c00000,0x000000e404d00000)]
  0x0000026cffb2a330 JavaThread "Service Thread" daemon [_thread_blocked, id=15244, stack(0x000000e404d00000,0x000000e404e00000)]
  0x0000026cffb2bcf0 JavaThread "Monitor Deflation Thread" daemon [_thread_blocked, id=11480, stack(0x000000e404e00000,0x000000e404f00000)]
  0x0000026cffb2ca80 JavaThread "C2 CompilerThread0" daemon [_thread_blocked, id=5568, stack(0x000000e404f00000,0x000000e405000000)]
  0x0000026cffb2d520 JavaThread "C1 CompilerThread0" daemon [_thread_blocked, id=6756, stack(0x000000e405000000,0x000000e405100000)]
  0x0000026cffb2ee30 JavaThread "Sweeper thread" daemon [_thread_blocked, id=17268, stack(0x000000e405100000,0x000000e405200000)]
  0x0000026cab4152d0 JavaThread "JDWP Transport Listener: dt_socket" daemon [_thread_blocked, id=9356, stack(0x000000e405300000,0x000000e405400000)]
  0x0000026cab41f9a0 JavaThread "JDWP Event Helper Thread" daemon [_thread_blocked, id=20100, stack(0x000000e405400000,0x000000e405500000)]
  0x0000026cab420820 JavaThread "JDWP Command Reader" daemon [_thread_in_native, id=2408, stack(0x000000e405500000,0x000000e405600000)]
  0x0000026cab4212d0 JavaThread "Notification Thread" daemon [_thread_blocked, id=20260, stack(0x000000e405600000,0x000000e405700000)]
  0x0000026cab430ac0 JavaThread "Common-Cleaner" daemon [_thread_blocked, id=968, stack(0x000000e405800000,0x000000e405900000)]
=>0x0000026cab8344b0 JavaThread "Thread-0" [_thread_in_native, id=8344, stack(0x000000e405b00000,0x000000e405c00000)]
  0x0000026cabc45950 JavaThread "Thread-1" [_thread_in_native, id=1508, stack(0x000000e405c00000,0x000000e405d00000)]
  0x0000026cfc031f40 JavaThread "DestroyJavaVM" [_thread_blocked, id=12588, stack(0x000000e404200000,0x000000e404300000)]

Other Threads:
  0x0000026cffb0af20 VMThread "VM Thread" [stack: 0x000000e404800000,0x000000e404900000] [id=7820]
  0x0000026cff983320 WatcherThread [stack: 0x000000e405700000,0x000000e405800000] [id=8540]
  0x0000026cfc0dfdf0 GCTaskThread "GC Thread#0" [stack: 0x000000e404300000,0x000000e404400000] [id=2784]
  0x0000026cabcab690 GCTaskThread "GC Thread#1" [stack: 0x000000e405e00000,0x000000e405f00000] [id=8480]
  0x0000026cb0464c10 GCTaskThread "GC Thread#2" [stack: 0x000000e406500000,0x000000e406600000] [id=9288]
  0x0000026cb04592d0 GCTaskThread "GC Thread#3" [stack: 0x000000e406600000,0x000000e406700000] [id=6800]
  0x0000026cab5de3e0 GCTaskThread "GC Thread#4" [stack: 0x000000e406700000,0x000000e406800000] [id=10976]
  0x0000026cab439850 GCTaskThread "GC Thread#5" [stack: 0x000000e406800000,0x000000e406900000] [id=10960]
  0x0000026cab439b00 GCTaskThread "GC Thread#6" [stack: 0x000000e406900000,0x000000e406a00000] [id=18524]
  0x0000026cab439db0 GCTaskThread "GC Thread#7" [stack: 0x000000e406a00000,0x000000e406b00000] [id=14324]
  0x0000026cab4357e0 GCTaskThread "GC Thread#8" [stack: 0x000000e406b00000,0x000000e406c00000] [id=17060]
  0x0000026cab435a90 GCTaskThread "GC Thread#9" [stack: 0x000000e406c00000,0x000000e406d00000] [id=18516]
  0x0000026cab435d40 GCTaskThread "GC Thread#10" [stack: 0x000000e406d00000,0x000000e406e00000] [id=1560]
  0x0000026cb0e4acc0 GCTaskThread "GC Thread#11" [stack: 0x000000e406e00000,0x000000e406f00000] [id=17556]
  0x0000026cff954020 ConcurrentGCThread "G1 Main Marker" [stack: 0x000000e404400000,0x000000e404500000] [id=8952]
  0x0000026cff954b90 ConcurrentGCThread "G1 Conc#0" [stack: 0x000000e404500000,0x000000e404600000] [id=9736]
  0x0000026cffa45220 ConcurrentGCThread "G1 Refine#0" [stack: 0x000000e404600000,0x000000e404700000] [id=21292]
  0x0000026cffa46af0 ConcurrentGCThread "G1 Service" [stack: 0x000000e404700000,0x000000e404800000] [id=11620]

Threads with active compile tasks:

VM state: not at safepoint (normal execution)

VM Mutex/Monitor currently owned by a thread: None

Heap address: 0x0000000603800000, size: 8136 MB, Compressed Oops mode: Zero based, Oop shift amount: 3

CDS archive(s) mapped at: [0x0000000800000000-0x0000000800bc0000-0x0000000800bc0000), size 12320768, SharedBaseAddress: 0x0000000800000000, ArchiveRelocationMode: 0.
Compressed class space mapped at: 0x0000000801000000-0x0000000841000000, reserved size: 1073741824
Narrow klass base: 0x0000000800000000, Narrow klass shift: 0, Narrow klass range: 0x100000000

GC Precious Log:
 CPUs: 16 total, 16 available
 Memory: 32533M
 Large Page Support: Disabled
 NUMA Support: Disabled
 Compressed Oops: Enabled (Zero based)
 Heap Region Size: 4M
 Heap Min Capacity: 8M
 Heap Initial Capacity: 512M
 Heap Max Capacity: 8136M
 Pre-touch: Disabled
 Parallel Workers: 13
 Concurrent Workers: 3
 Concurrent Refinement Workers: 13
 Periodic GC: Disabled

Heap:
 garbage-first heap   total 524288K, used 3840K [0x0000000603800000, 0x0000000800000000)
  region size 4096K, 2 young (8192K), 1 survivors (4096K)
 Metaspace       used 7698K, committed 7872K, reserved 1114112K
  class space    used 886K, committed 960K, reserved 1048576K

Heap Regions: E=young(eden), S=young(survivor), O=old, HS=humongous(starts), HC=humongous(continues), CS=collection set, F=free, OA=open archive, CA=closed archive, TAMS=top-at-mark-start (previous, next)
|   0|0x0000000603800000, 0x0000000603800000, 0x0000000603c00000|  0%| F|  |TAMS 0x0000000603800000, 0x0000000603800000| Untracked 
|   1|0x0000000603c00000, 0x0000000603c00000, 0x0000000604000000|  0%| F|  |TAMS 0x0000000603c00000, 0x0000000603c00000| Untracked 
|   2|0x0000000604000000, 0x0000000604000000, 0x0000000604400000|  0%| F|  |TAMS 0x0000000604000000, 0x0000000604000000| Untracked 
|   3|0x0000000604400000, 0x0000000604400000, 0x0000000604800000|  0%| F|  |TAMS 0x0000000604400000, 0x0000000604400000| Untracked 
|   4|0x0000000604800000, 0x0000000604800000, 0x0000000604c00000|  0%| F|  |TAMS 0x0000000604800000, 0x0000000604800000| Untracked 
|   5|0x0000000604c00000, 0x0000000604c00000, 0x0000000605000000|  0%| F|  |TAMS 0x0000000604c00000, 0x0000000604c00000| Untracked 
|   6|0x0000000605000000, 0x0000000605000000, 0x0000000605400000|  0%| F|  |TAMS 0x0000000605000000, 0x0000000605000000| Untracked 
|   7|0x0000000605400000, 0x0000000605400000, 0x0000000605800000|  0%| F|  |TAMS 0x0000000605400000, 0x0000000605400000| Untracked 
|   8|0x0000000605800000, 0x0000000605800000, 0x0000000605c00000|  0%| F|  |TAMS 0x0000000605800000, 0x0000000605800000| Untracked 
|   9|0x0000000605c00000, 0x0000000605c00000, 0x0000000606000000|  0%| F|  |TAMS 0x0000000605c00000, 0x0000000605c00000| Untracked 
|  10|0x0000000606000000, 0x0000000606000000, 0x0000000606400000|  0%| F|  |TAMS 0x0000000606000000, 0x0000000606000000| Untracked 
|  11|0x0000000606400000, 0x0000000606400000, 0x0000000606800000|  0%| F|  |TAMS 0x0000000606400000, 0x0000000606400000| Untracked 
|  12|0x0000000606800000, 0x0000000606800000, 0x0000000606c00000|  0%| F|  |TAMS 0x0000000606800000, 0x0000000606800000| Untracked 
|  13|0x0000000606c00000, 0x0000000606c00000, 0x0000000607000000|  0%| F|  |TAMS 0x0000000606c00000, 0x0000000606c00000| Untracked 
|  14|0x0000000607000000, 0x0000000607000000, 0x0000000607400000|  0%| F|  |TAMS 0x0000000607000000, 0x0000000607000000| Untracked 
|  15|0x0000000607400000, 0x0000000607400000, 0x0000000607800000|  0%| F|  |TAMS 0x0000000607400000, 0x0000000607400000| Untracked 
|  16|0x0000000607800000, 0x0000000607800000, 0x0000000607c00000|  0%| F|  |TAMS 0x0000000607800000, 0x0000000607800000| Untracked 
|  17|0x0000000607c00000, 0x0000000607c00000, 0x0000000608000000|  0%| F|  |TAMS 0x0000000607c00000, 0x0000000607c00000| Untracked 
|  18|0x0000000608000000, 0x0000000608000000, 0x0000000608400000|  0%| F|  |TAMS 0x0000000608000000, 0x0000000608000000| Untracked 
|  19|0x0000000608400000, 0x0000000608400000, 0x0000000608800000|  0%| F|  |TAMS 0x0000000608400000, 0x0000000608400000| Untracked 
|  20|0x0000000608800000, 0x0000000608800000, 0x0000000608c00000|  0%| F|  |TAMS 0x0000000608800000, 0x0000000608800000| Untracked 
|  21|0x0000000608c00000, 0x0000000608c00000, 0x0000000609000000|  0%| F|  |TAMS 0x0000000608c00000, 0x0000000608c00000| Untracked 
|  22|0x0000000609000000, 0x0000000609000000, 0x0000000609400000|  0%| F|  |TAMS 0x0000000609000000, 0x0000000609000000| Untracked 
|  23|0x0000000609400000, 0x0000000609400000, 0x0000000609800000|  0%| F|  |TAMS 0x0000000609400000, 0x0000000609400000| Untracked 
|  24|0x0000000609800000, 0x0000000609800000, 0x0000000609c00000|  0%| F|  |TAMS 0x0000000609800000, 0x0000000609800000| Untracked 
|  25|0x0000000609c00000, 0x0000000609c00000, 0x000000060a000000|  0%| F|  |TAMS 0x0000000609c00000, 0x0000000609c00000| Untracked 
|  26|0x000000060a000000, 0x000000060a000000, 0x000000060a400000|  0%| F|  |TAMS 0x000000060a000000, 0x000000060a000000| Untracked 
|  27|0x000000060a400000, 0x000000060a400000, 0x000000060a800000|  0%| F|  |TAMS 0x000000060a400000, 0x000000060a400000| Untracked 
|  28|0x000000060a800000, 0x000000060a800000, 0x000000060ac00000|  0%| F|  |TAMS 0x000000060a800000, 0x000000060a800000| Untracked 
|  29|0x000000060ac00000, 0x000000060ac00000, 0x000000060b000000|  0%| F|  |TAMS 0x000000060ac00000, 0x000000060ac00000| Untracked 
|  30|0x000000060b000000, 0x000000060b000000, 0x000000060b400000|  0%| F|  |TAMS 0x000000060b000000, 0x000000060b000000| Untracked 
|  31|0x000000060b400000, 0x000000060b400000, 0x000000060b800000|  0%| F|  |TAMS 0x000000060b400000, 0x000000060b400000| Untracked 
|  32|0x000000060b800000, 0x000000060b800000, 0x000000060bc00000|  0%| F|  |TAMS 0x000000060b800000, 0x000000060b800000| Untracked 
|  33|0x000000060bc00000, 0x000000060bc00000, 0x000000060c000000|  0%| F|  |TAMS 0x000000060bc00000, 0x000000060bc00000| Untracked 
|  34|0x000000060c000000, 0x000000060c000000, 0x000000060c400000|  0%| F|  |TAMS 0x000000060c000000, 0x000000060c000000| Untracked 
|  35|0x000000060c400000, 0x000000060c400000, 0x000000060c800000|  0%| F|  |TAMS 0x000000060c400000, 0x000000060c400000| Untracked 
|  36|0x000000060c800000, 0x000000060c800000, 0x000000060cc00000|  0%| F|  |TAMS 0x000000060c800000, 0x000000060c800000| Untracked 
|  37|0x000000060cc00000, 0x000000060cc00000, 0x000000060d000000|  0%| F|  |TAMS 0x000000060cc00000, 0x000000060cc00000| Untracked 
|  38|0x000000060d000000, 0x000000060d000000, 0x000000060d400000|  0%| F|  |TAMS 0x000000060d000000, 0x000000060d000000| Untracked 
|  39|0x000000060d400000, 0x000000060d400000, 0x000000060d800000|  0%| F|  |TAMS 0x000000060d400000, 0x000000060d400000| Untracked 
|  40|0x000000060d800000, 0x000000060d800000, 0x000000060dc00000|  0%| F|  |TAMS 0x000000060d800000, 0x000000060d800000| Untracked 
|  41|0x000000060dc00000, 0x000000060dc00000, 0x000000060e000000|  0%| F|  |TAMS 0x000000060dc00000, 0x000000060dc00000| Untracked 
|  42|0x000000060e000000, 0x000000060e000000, 0x000000060e400000|  0%| F|  |TAMS 0x000000060e000000, 0x000000060e000000| Untracked 
|  43|0x000000060e400000, 0x000000060e400000, 0x000000060e800000|  0%| F|  |TAMS 0x000000060e400000, 0x000000060e400000| Untracked 
|  44|0x000000060e800000, 0x000000060e800000, 0x000000060ec00000|  0%| F|  |TAMS 0x000000060e800000, 0x000000060e800000| Untracked 
|  45|0x000000060ec00000, 0x000000060ec00000, 0x000000060f000000|  0%| F|  |TAMS 0x000000060ec00000, 0x000000060ec00000| Untracked 
|  46|0x000000060f000000, 0x000000060f000000, 0x000000060f400000|  0%| F|  |TAMS 0x000000060f000000, 0x000000060f000000| Untracked 
|  47|0x000000060f400000, 0x000000060f400000, 0x000000060f800000|  0%| F|  |TAMS 0x000000060f400000, 0x000000060f400000| Untracked 
|  48|0x000000060f800000, 0x000000060f800000, 0x000000060fc00000|  0%| F|  |TAMS 0x000000060f800000, 0x000000060f800000| Untracked 
|  49|0x000000060fc00000, 0x000000060fc00000, 0x0000000610000000|  0%| F|  |TAMS 0x000000060fc00000, 0x000000060fc00000| Untracked 
|  50|0x0000000610000000, 0x0000000610000000, 0x0000000610400000|  0%| F|  |TAMS 0x0000000610000000, 0x0000000610000000| Untracked 
|  51|0x0000000610400000, 0x0000000610400000, 0x0000000610800000|  0%| F|  |TAMS 0x0000000610400000, 0x0000000610400000| Untracked 
|  52|0x0000000610800000, 0x0000000610800000, 0x0000000610c00000|  0%| F|  |TAMS 0x0000000610800000, 0x0000000610800000| Untracked 
|  53|0x0000000610c00000, 0x0000000610c00000, 0x0000000611000000|  0%| F|  |TAMS 0x0000000610c00000, 0x0000000610c00000| Untracked 
|  54|0x0000000611000000, 0x0000000611000000, 0x0000000611400000|  0%| F|  |TAMS 0x0000000611000000, 0x0000000611000000| Untracked 
|  55|0x0000000611400000, 0x0000000611400000, 0x0000000611800000|  0%| F|  |TAMS 0x0000000611400000, 0x0000000611400000| Untracked 
|  56|0x0000000611800000, 0x0000000611800000, 0x0000000611c00000|  0%| F|  |TAMS 0x0000000611800000, 0x0000000611800000| Untracked 
|  57|0x0000000611c00000, 0x0000000611c00000, 0x0000000612000000|  0%| F|  |TAMS 0x0000000611c00000, 0x0000000611c00000| Untracked 
|  58|0x0000000612000000, 0x0000000612000000, 0x0000000612400000|  0%| F|  |TAMS 0x0000000612000000, 0x0000000612000000| Untracked 
|  59|0x0000000612400000, 0x0000000612400000, 0x0000000612800000|  0%| F|  |TAMS 0x0000000612400000, 0x0000000612400000| Untracked 
|  60|0x0000000612800000, 0x0000000612800000, 0x0000000612c00000|  0%| F|  |TAMS 0x0000000612800000, 0x0000000612800000| Untracked 
|  61|0x0000000612c00000, 0x0000000612c00000, 0x0000000613000000|  0%| F|  |TAMS 0x0000000612c00000, 0x0000000612c00000| Untracked 
|  62|0x0000000613000000, 0x0000000613000000, 0x0000000613400000|  0%| F|  |TAMS 0x0000000613000000, 0x0000000613000000| Untracked 
|  63|0x0000000613400000, 0x0000000613400000, 0x0000000613800000|  0%| F|  |TAMS 0x0000000613400000, 0x0000000613400000| Untracked 
|  64|0x0000000613800000, 0x0000000613800000, 0x0000000613c00000|  0%| F|  |TAMS 0x0000000613800000, 0x0000000613800000| Untracked 
|  65|0x0000000613c00000, 0x0000000613c00000, 0x0000000614000000|  0%| F|  |TAMS 0x0000000613c00000, 0x0000000613c00000| Untracked 
|  66|0x0000000614000000, 0x0000000614000000, 0x0000000614400000|  0%| F|  |TAMS 0x0000000614000000, 0x0000000614000000| Untracked 
|  67|0x0000000614400000, 0x0000000614400000, 0x0000000614800000|  0%| F|  |TAMS 0x0000000614400000, 0x0000000614400000| Untracked 
|  68|0x0000000614800000, 0x0000000614800000, 0x0000000614c00000|  0%| F|  |TAMS 0x0000000614800000, 0x0000000614800000| Untracked 
|  69|0x0000000614c00000, 0x0000000614c00000, 0x0000000615000000|  0%| F|  |TAMS 0x0000000614c00000, 0x0000000614c00000| Untracked 
|  70|0x0000000615000000, 0x0000000615000000, 0x0000000615400000|  0%| F|  |TAMS 0x0000000615000000, 0x0000000615000000| Untracked 
|  71|0x0000000615400000, 0x0000000615400000, 0x0000000615800000|  0%| F|  |TAMS 0x0000000615400000, 0x0000000615400000| Untracked 
|  72|0x0000000615800000, 0x0000000615800000, 0x0000000615c00000|  0%| F|  |TAMS 0x0000000615800000, 0x0000000615800000| Untracked 
|  73|0x0000000615c00000, 0x0000000615c00000, 0x0000000616000000|  0%| F|  |TAMS 0x0000000615c00000, 0x0000000615c00000| Untracked 
|  74|0x0000000616000000, 0x0000000616000000, 0x0000000616400000|  0%| F|  |TAMS 0x0000000616000000, 0x0000000616000000| Untracked 
|  75|0x0000000616400000, 0x0000000616400000, 0x0000000616800000|  0%| F|  |TAMS 0x0000000616400000, 0x0000000616400000| Untracked 
|  76|0x0000000616800000, 0x0000000616800000, 0x0000000616c00000|  0%| F|  |TAMS 0x0000000616800000, 0x0000000616800000| Untracked 
|  77|0x0000000616c00000, 0x0000000616c00000, 0x0000000617000000|  0%| F|  |TAMS 0x0000000616c00000, 0x0000000616c00000| Untracked 
|  78|0x0000000617000000, 0x0000000617000000, 0x0000000617400000|  0%| F|  |TAMS 0x0000000617000000, 0x0000000617000000| Untracked 
|  79|0x0000000617400000, 0x0000000617400000, 0x0000000617800000|  0%| F|  |TAMS 0x0000000617400000, 0x0000000617400000| Untracked 
|  80|0x0000000617800000, 0x0000000617800000, 0x0000000617c00000|  0%| F|  |TAMS 0x0000000617800000, 0x0000000617800000| Untracked 
|  81|0x0000000617c00000, 0x0000000617c00000, 0x0000000618000000|  0%| F|  |TAMS 0x0000000617c00000, 0x0000000617c00000| Untracked 
|  82|0x0000000618000000, 0x0000000618000000, 0x0000000618400000|  0%| F|  |TAMS 0x0000000618000000, 0x0000000618000000| Untracked 
|  83|0x0000000618400000, 0x0000000618400000, 0x0000000618800000|  0%| F|  |TAMS 0x0000000618400000, 0x0000000618400000| Untracked 
|  84|0x0000000618800000, 0x0000000618800000, 0x0000000618c00000|  0%| F|  |TAMS 0x0000000618800000, 0x0000000618800000| Untracked 
|  85|0x0000000618c00000, 0x0000000618c00000, 0x0000000619000000|  0%| F|  |TAMS 0x0000000618c00000, 0x0000000618c00000| Untracked 
|  86|0x0000000619000000, 0x0000000619000000, 0x0000000619400000|  0%| F|  |TAMS 0x0000000619000000, 0x0000000619000000| Untracked 
|  87|0x0000000619400000, 0x0000000619400000, 0x0000000619800000|  0%| F|  |TAMS 0x0000000619400000, 0x0000000619400000| Untracked 
|  88|0x0000000619800000, 0x0000000619800000, 0x0000000619c00000|  0%| F|  |TAMS 0x0000000619800000, 0x0000000619800000| Untracked 
|  89|0x0000000619c00000, 0x0000000619c00000, 0x000000061a000000|  0%| F|  |TAMS 0x0000000619c00000, 0x0000000619c00000| Untracked 
|  90|0x000000061a000000, 0x000000061a000000, 0x000000061a400000|  0%| F|  |TAMS 0x000000061a000000, 0x000000061a000000| Untracked 
|  91|0x000000061a400000, 0x000000061a400000, 0x000000061a800000|  0%| F|  |TAMS 0x000000061a400000, 0x000000061a400000| Untracked 
|  92|0x000000061a800000, 0x000000061a800000, 0x000000061ac00000|  0%| F|  |TAMS 0x000000061a800000, 0x000000061a800000| Untracked 
|  93|0x000000061ac00000, 0x000000061ac00000, 0x000000061b000000|  0%| F|  |TAMS 0x000000061ac00000, 0x000000061ac00000| Untracked 
|  94|0x000000061b000000, 0x000000061b000000, 0x000000061b400000|  0%| F|  |TAMS 0x000000061b000000, 0x000000061b000000| Untracked 
|  95|0x000000061b400000, 0x000000061b400000, 0x000000061b800000|  0%| F|  |TAMS 0x000000061b400000, 0x000000061b400000| Untracked 
|  96|0x000000061b800000, 0x000000061b800000, 0x000000061bc00000|  0%| F|  |TAMS 0x000000061b800000, 0x000000061b800000| Untracked 
|  97|0x000000061bc00000, 0x000000061bc00000, 0x000000061c000000|  0%| F|  |TAMS 0x000000061bc00000, 0x000000061bc00000| Untracked 
|  98|0x000000061c000000, 0x000000061c000000, 0x000000061c400000|  0%| F|  |TAMS 0x000000061c000000, 0x000000061c000000| Untracked 
|  99|0x000000061c400000, 0x000000061c400000, 0x000000061c800000|  0%| F|  |TAMS 0x000000061c400000, 0x000000061c400000| Untracked 
| 100|0x000000061c800000, 0x000000061c800000, 0x000000061cc00000|  0%| F|  |TAMS 0x000000061c800000, 0x000000061c800000| Untracked 
| 101|0x000000061cc00000, 0x000000061cc00000, 0x000000061d000000|  0%| F|  |TAMS 0x000000061cc00000, 0x000000061cc00000| Untracked 
| 102|0x000000061d000000, 0x000000061d000000, 0x000000061d400000|  0%| F|  |TAMS 0x000000061d000000, 0x000000061d000000| Untracked 
| 103|0x000000061d400000, 0x000000061d400000, 0x000000061d800000|  0%| F|  |TAMS 0x000000061d400000, 0x000000061d400000| Untracked 
| 104|0x000000061d800000, 0x000000061d800000, 0x000000061dc00000|  0%| F|  |TAMS 0x000000061d800000, 0x000000061d800000| Untracked 
| 105|0x000000061dc00000, 0x000000061dc00000, 0x000000061e000000|  0%| F|  |TAMS 0x000000061dc00000, 0x000000061dc00000| Untracked 
| 106|0x000000061e000000, 0x000000061e000000, 0x000000061e400000|  0%| F|  |TAMS 0x000000061e000000, 0x000000061e000000| Untracked 
| 107|0x000000061e400000, 0x000000061e400000, 0x000000061e800000|  0%| F|  |TAMS 0x000000061e400000, 0x000000061e400000| Untracked 
| 108|0x000000061e800000, 0x000000061e800000, 0x000000061ec00000|  0%| F|  |TAMS 0x000000061e800000, 0x000000061e800000| Untracked 
| 109|0x000000061ec00000, 0x000000061ec00000, 0x000000061f000000|  0%| F|  |TAMS 0x000000061ec00000, 0x000000061ec00000| Untracked 
| 110|0x000000061f000000, 0x000000061f000000, 0x000000061f400000|  0%| F|  |TAMS 0x000000061f000000, 0x000000061f000000| Untracked 
| 111|0x000000061f400000, 0x000000061f400000, 0x000000061f800000|  0%| F|  |TAMS 0x000000061f400000, 0x000000061f400000| Untracked 
| 112|0x000000061f800000, 0x000000061f800000, 0x000000061fc00000|  0%| F|  |TAMS 0x000000061f800000, 0x000000061f800000| Untracked 
| 113|0x000000061fc00000, 0x000000061fc00000, 0x0000000620000000|  0%| F|  |TAMS 0x000000061fc00000, 0x000000061fc00000| Untracked 
| 114|0x0000000620000000, 0x0000000620000000, 0x0000000620400000|  0%| F|  |TAMS 0x0000000620000000, 0x0000000620000000| Untracked 
| 115|0x0000000620400000, 0x0000000620400000, 0x0000000620800000|  0%| F|  |TAMS 0x0000000620400000, 0x0000000620400000| Untracked 
| 116|0x0000000620800000, 0x0000000620800000, 0x0000000620c00000|  0%| F|  |TAMS 0x0000000620800000, 0x0000000620800000| Untracked 
| 117|0x0000000620c00000, 0x0000000620c00000, 0x0000000621000000|  0%| F|  |TAMS 0x0000000620c00000, 0x0000000620c00000| Untracked 
| 118|0x0000000621000000, 0x0000000621000000, 0x0000000621400000|  0%| F|  |TAMS 0x0000000621000000, 0x0000000621000000| Untracked 
| 119|0x0000000621400000, 0x0000000621400000, 0x0000000621800000|  0%| F|  |TAMS 0x0000000621400000, 0x0000000621400000| Untracked 
| 120|0x0000000621800000, 0x0000000621800000, 0x0000000621c00000|  0%| F|  |TAMS 0x0000000621800000, 0x0000000621800000| Untracked 
| 121|0x0000000621c00000, 0x0000000621fc03a0, 0x0000000622000000| 93%| S|CS|TAMS 0x0000000621c00000, 0x0000000621c00000| Complete 
| 122|0x0000000622000000, 0x0000000622000000, 0x0000000622400000|  0%| F|  |TAMS 0x0000000622000000, 0x0000000622000000| Untracked 
| 123|0x0000000622400000, 0x0000000622400000, 0x0000000622800000|  0%| F|  |TAMS 0x0000000622400000, 0x0000000622400000| Untracked 
| 124|0x0000000622800000, 0x0000000622800000, 0x0000000622c00000|  0%| F|  |TAMS 0x0000000622800000, 0x0000000622800000| Untracked 
| 125|0x0000000622c00000, 0x0000000622c00000, 0x0000000623000000|  0%| F|  |TAMS 0x0000000622c00000, 0x0000000622c00000| Untracked 
| 126|0x0000000623000000, 0x0000000623000000, 0x0000000623400000|  0%| F|  |TAMS 0x0000000623000000, 0x0000000623000000| Untracked 
| 127|0x0000000623400000, 0x0000000623571298, 0x0000000623800000| 36%| E|  |TAMS 0x0000000623400000, 0x0000000623400000| Complete 

Card table byte_map: [0x0000026c96a30000,0x0000026c97a20000] _byte_map_base: 0x0000026c93a14000

Marking Bits (Prev, Next): (CMBitMap*) 0x0000026cfc0e0400, (CMBitMap*) 0x0000026cfc0e0440
 Prev Bits: [0x0000026c98a10000, 0x0000026ca0930000)
 Next Bits: [0x0000026ca0930000, 0x0000026ca8850000)

Polling page: 0x0000026cfc0f0000

Metaspace:

Usage:
  Non-class:      6.65 MB used.
      Class:    886.96 KB used.
       Both:      7.52 MB used.

Virtual space:
  Non-class space:       64.00 MB reserved,       6.75 MB ( 11%) committed,  1 nodes.
      Class space:        1.00 GB reserved,     960.00 KB ( <1%) committed,  1 nodes.
             Both:        1.06 GB reserved,       7.69 MB ( <1%) committed. 

Chunk freelists:
   Non-Class:  7.32 MB
       Class:  15.02 MB
        Both:  22.34 MB

MaxMetaspaceSize: unlimited
CompressedClassSpaceSize: 1.00 GB
Initial GC threshold: 21.00 MB
Current GC threshold: 21.00 MB
CDS: on
MetaspaceReclaimPolicy: balanced
 - commit_granule_bytes: 65536.
 - commit_granule_words: 8192.
 - virtual_space_node_default_size: 8388608.
 - enlarge_chunks_in_place: 1.
 - new_chunks_are_fully_committed: 0.
 - uncommit_free_chunks: 1.
 - use_allocation_guard: 0.
 - handle_deallocations: 1.


Internal statistics:

num_allocs_failed_limit: 0.
num_arena_births: 100.
num_arena_deaths: 0.
num_vsnodes_births: 2.
num_vsnodes_deaths: 0.
num_space_committed: 123.
num_space_uncommitted: 0.
num_chunks_returned_to_freelist: 0.
num_chunks_taken_from_freelist: 329.
num_chunk_merges: 0.
num_chunk_splits: 238.
num_chunks_enlarged: 191.
num_inconsistent_stats: 0.

CodeHeap 'non-profiled nmethods': size=119168Kb used=468Kb max_used=468Kb free=118699Kb
 bounds [0x0000026c8f5d0000, 0x0000026c8f840000, 0x0000026c96a30000]
CodeHeap 'profiled nmethods': size=119104Kb used=2190Kb max_used=2190Kb free=116913Kb
 bounds [0x0000026c87a30000, 0x0000026c87ca0000, 0x0000026c8ee80000]
CodeHeap 'non-nmethods': size=7488Kb used=1673Kb max_used=2829Kb free=5814Kb
 bounds [0x0000026c8ee80000, 0x0000026c8f150000, 0x0000026c8f5d0000]
 total_blobs=2166 nmethods=1134 adapters=945
 compilation: enabled
              stopped_count=0, restarted_count=0
 full_count=0

Compilation events (20 events):
Event: 1.411 Thread 0x0000026cffb2d520 nmethod 1112 0x0000026c87c4a190 code [0x0000026c87c4a3c0, 0x0000026c87c4ace8]
Event: 1.411 Thread 0x0000026cffb2d520 1113       3       sun.nio.ch.ChannelInputStream::read (10 bytes)
Event: 1.411 Thread 0x0000026cffb2d520 nmethod 1113 0x0000026c87c4b010 code [0x0000026c87c4b1a0, 0x0000026c87c4b308]
Event: 1.413 Thread 0x0000026cffb2d520 1117       3       jdk.internal.jimage.ImageStringsReader::stringFromByteBufferMatches (138 bytes)
Event: 1.413 Thread 0x0000026cffb2ca80 1119       4       java.lang.StringBuilder::append (8 bytes)
Event: 1.414 Thread 0x0000026cffb2d520 nmethod 1117 0x0000026c87c4b390 code [0x0000026c87c4b680, 0x0000026c87c4c848]
Event: 1.414 Thread 0x0000026cffb2d520 1115       3       jdk.internal.jimage.ImageStringsReader::match (11 bytes)
Event: 1.414 Thread 0x0000026cffb2d520 nmethod 1115 0x0000026c87c4d010 code [0x0000026c87c4d1c0, 0x0000026c87c4d3a8]
Event: 1.414 Thread 0x0000026cffb2d520 1116       3       jdk.internal.jimage.BasicImageReader::match (37 bytes)
Event: 1.414 Thread 0x0000026cffb2d520 nmethod 1116 0x0000026c87c4d490 code [0x0000026c87c4d660, 0x0000026c87c4d938]
Event: 1.414 Thread 0x0000026cffb2d520 1118       3       jdk.internal.jimage.ImageLocation::verifyName (161 bytes)
Event: 1.415 Thread 0x0000026cffb2d520 nmethod 1118 0x0000026c87c4da90 code [0x0000026c87c4dde0, 0x0000026c87c4f478]
Event: 1.416 Thread 0x0000026cffb2d520 1121       3       jdk.internal.misc.Unsafe::checkNativeAddress (28 bytes)
Event: 1.416 Thread 0x0000026cffb2d520 nmethod 1121 0x0000026c87c4fe90 code [0x0000026c87c50020, 0x0000026c87c50138]
Event: 1.417 Thread 0x0000026cffb2ca80 nmethod 1119 0x0000026c8f642a10 code [0x0000026c8f642bc0, 0x0000026c8f643188]
Event: 1.417 Thread 0x0000026cffb2ca80 1120       4       java.lang.StringLatin1::indexOf (121 bytes)
Event: 1.417 Thread 0x0000026cffb2d520 1123       3       sun.misc.Unsafe::putLong (11 bytes)
Event: 1.417 Thread 0x0000026cffb2d520 nmethod 1123 0x0000026c87c50210 code [0x0000026c87c503a0, 0x0000026c87c504b8]
Event: 1.417 Thread 0x0000026cffb2d520 1124       3       org.lwjgl.system.MemoryUtil::memPutAddress (29 bytes)
Event: 1.417 Thread 0x0000026cffb2d520 nmethod 1124 0x0000026c87c50590 code [0x0000026c87c50740, 0x0000026c87c50938]

GC Heap History (2 events):
Event: 1.388 GC heap before
{Heap before GC invocations=0 (full 0):
 garbage-first heap   total 524288K, used 20480K [0x0000000603800000, 0x0000000800000000)
  region size 4096K, 6 young (24576K), 0 survivors (0K)
 Metaspace       used 7520K, committed 7680K, reserved 1114112K
  class space    used 859K, committed 960K, reserved 1048576K
}
Event: 1.392 GC heap after
{Heap after GC invocations=1 (full 0):
 garbage-first heap   total 524288K, used 3840K [0x0000000603800000, 0x0000000800000000)
  region size 4096K, 1 young (4096K), 1 survivors (4096K)
 Metaspace       used 7520K, committed 7680K, reserved 1114112K
  class space    used 859K, committed 960K, reserved 1048576K
}

Dll operation events (8 events):
Event: 0.007 Loaded shared library C:\Program Files\Microsoft\jdk-17.0.7.7-hotspot\bin\java.dll
Event: 0.016 Loaded shared library C:\Program Files\Microsoft\jdk-17.0.7.7-hotspot\bin\jsvml.dll
Event: 0.110 Loaded shared library C:\Program Files\Microsoft\jdk-17.0.7.7-hotspot\bin\net.dll
Event: 0.111 Loaded shared library C:\Program Files\Microsoft\jdk-17.0.7.7-hotspot\bin\nio.dll
Event: 0.115 Loaded shared library C:\Program Files\Microsoft\jdk-17.0.7.7-hotspot\bin\zip.dll
Event: 0.369 Loaded shared library C:\Program Files\Microsoft\jdk-17.0.7.7-hotspot\bin\jimage.dll
Event: 0.468 Loaded shared library C:\Users\weicl\AppData\Local\Temp\lwjgl_weicl\3.3.2+13\x64\lwjgl.dll
Event: 1.412 Loaded shared library C:\Users\weicl\AppData\Local\Temp\lwjgl_weicl\3.3.2+13\x64\lwjgl_opengl.dll

Deoptimization events (20 events):
Event: 0.501 Thread 0x0000026cfc031f40 DEOPT PACKING pc=0x0000026c87bf955a sp=0x000000e4042fb710
Event: 0.501 Thread 0x0000026cfc031f40 DEOPT UNPACKING pc=0x0000026c8eed7143 sp=0x000000e4042fab98 mode 0
Event: 0.504 Thread 0x0000026cfc031f40 DEOPT PACKING pc=0x0000026c87bdaaf9 sp=0x000000e4042fafe0
Event: 0.504 Thread 0x0000026cfc031f40 DEOPT UNPACKING pc=0x0000026c8eed7143 sp=0x000000e4042fa440 mode 0
Event: 0.536 Thread 0x0000026cfc031f40 DEOPT PACKING pc=0x0000026c87bdaaf9 sp=0x000000e4042fc920
Event: 0.536 Thread 0x0000026cfc031f40 DEOPT UNPACKING pc=0x0000026c8eed7143 sp=0x000000e4042fbd80 mode 0
Event: 0.537 Thread 0x0000026cfc031f40 DEOPT PACKING pc=0x0000026c87af4784 sp=0x000000e4042fc9f0
Event: 0.537 Thread 0x0000026cfc031f40 DEOPT UNPACKING pc=0x0000026c8eed7143 sp=0x000000e4042fbe88 mode 1
Event: 0.537 Thread 0x0000026cfc031f40 DEOPT PACKING pc=0x0000026c87af305c sp=0x000000e4042fcac0
Event: 0.537 Thread 0x0000026cfc031f40 DEOPT UNPACKING pc=0x0000026c8eed7143 sp=0x000000e4042fbf78 mode 1
Event: 0.554 Thread 0x0000026cfc031f40 DEOPT PACKING pc=0x0000026c87bdaaf9 sp=0x000000e4042fc260
Event: 0.554 Thread 0x0000026cfc031f40 DEOPT UNPACKING pc=0x0000026c8eed7143 sp=0x000000e4042fb6c0 mode 0
Event: 1.397 Thread 0x0000026cab8344b0 DEOPT PACKING pc=0x0000026c87bdaaf9 sp=0x000000e405bf7790
Event: 1.397 Thread 0x0000026cab8344b0 DEOPT UNPACKING pc=0x0000026c8eed7143 sp=0x000000e405bf6bf0 mode 0
Event: 1.407 Thread 0x0000026cab8344b0 Uncommon trap: trap_request=0xffffff45 fr.pc=0x0000026c8f6177ec relative=0x00000000000000cc
Event: 1.407 Thread 0x0000026cab8344b0 Uncommon trap: reason=unstable_if action=reinterpret pc=0x0000026c8f6177ec method=sun.net.www.ParseUtil.firstEncodeIndex(Ljava/lang/String;)I @ 51 c2
Event: 1.407 Thread 0x0000026cab8344b0 DEOPT PACKING pc=0x0000026c8f6177ec sp=0x000000e405bf8730
Event: 1.407 Thread 0x0000026cab8344b0 DEOPT UNPACKING pc=0x0000026c8eed69a3 sp=0x000000e405bf86c8 mode 2
Event: 1.415 Thread 0x0000026cab8344b0 DEOPT PACKING pc=0x0000026c87bdaaf9 sp=0x000000e405bf7350
Event: 1.415 Thread 0x0000026cab8344b0 DEOPT UNPACKING pc=0x0000026c8eed7143 sp=0x000000e405bf67b0 mode 0

Classes unloaded (0 events):
No events

Classes redefined (0 events):
No events

Internal exceptions (20 events):
Event: 0.354 Thread 0x0000026cfc031f40 Exception <a 'java/lang/NoSuchMethodError'{0x000000062252b600}: 'java.lang.Object java.lang.invoke.DirectMethodHandle$Holder.newInvokeSpecial(java.lang.Object, java.lang.Object, java.lang.Object, java.lang.Object, java.lang.Object, java.lang.Object, java.lang.Object)'> (0x000000062252b600) 
thrown [s\src\hotspot\share\interpreter\linkResolver.cpp, line 759]
Event: 0.354 Thread 0x0000026cfc031f40 Exception <a 'java/lang/NoSuchMethodError'{0x00000006225308e0}: 'java.lang.Object java.lang.invoke.Invokers$Holder.linkToTargetMethod(java.lang.Object, java.lang.Object, java.lang.Object, java.lang.Object, java.lang.Object, java.lang.Object, java.lang.Object)'> (0x00000006225308e0) 
thrown [s\src\hotspot\share\interpreter\linkResolver.cpp, line 759]
Event: 0.403 Thread 0x0000026cfc031f40 Exception <a 'java/lang/NoSuchMethodError'{0x00000006227a2d28}: 'void java.lang.invoke.DirectMethodHandle$Holder.invokeSpecial(java.lang.Object, java.lang.Object, java.lang.Object, java.lang.Object, java.lang.Object)'> (0x00000006227a2d28) 
thrown [s\src\hotspot\share\interpreter\linkResolver.cpp, line 759]
Event: 0.444 Thread 0x0000026cfc031f40 Exception <a 'java/lang/NoSuchMethodError'{0x000000062210ea20}: 'void java.lang.invoke.DirectMethodHandle$Holder.invokeStatic(java.lang.Object, java.lang.Object)'> (0x000000062210ea20) 
thrown [s\src\hotspot\share\interpreter\linkResolver.cpp, line 759]
Event: 0.446 Thread 0x0000026cfc031f40 Exception <a 'java/lang/NoSuchMethodError'{0x0000000622122730}: 'java.lang.Object java.lang.invoke.DirectMethodHandle$Holder.invokeStatic(java.lang.Object, java.lang.Object, int)'> (0x0000000622122730) 
thrown [s\src\hotspot\share\interpreter\linkResolver.cpp, line 759]
Event: 0.447 Thread 0x0000026cfc031f40 Exception <a 'java/lang/NoSuchMethodError'{0x000000062212e420}: 'void java.lang.invoke.DelegatingMethodHandle$Holder.delegate(java.lang.Object, java.lang.Object, int, java.lang.Object)'> (0x000000062212e420) 
thrown [s\src\hotspot\share\interpreter\linkResolver.cpp, line 759]
Event: 0.467 Thread 0x0000026cfc031f40 Exception <a 'sun/nio/fs/WindowsException'{0x0000000622178f88}> (0x0000000622178f88) 
thrown [s\src\hotspot\share\prims\jni.cpp, line 516]
Event: 0.467 Thread 0x0000026cfc031f40 Exception <a 'sun/nio/fs/WindowsException'{0x00000006221794d8}> (0x00000006221794d8) 
thrown [s\src\hotspot\share\prims\jni.cpp, line 516]
Event: 0.509 Thread 0x0000026cfc031f40 Exception <a 'java/lang/NoSuchMethodError'{0x000000062221e9c0}: 'int java.lang.invoke.DirectMethodHandle$Holder.invokeStaticInit(java.lang.Object, java.lang.Object, int, long)'> (0x000000062221e9c0) 
thrown [s\src\hotspot\share\interpreter\linkResolver.cpp, line 759]
Event: 0.510 Thread 0x0000026cfc031f40 Exception <a 'java/lang/NoSuchMethodError'{0x0000000622224288}: 'java.lang.Object java.lang.invoke.DirectMethodHandle$Holder.newInvokeSpecial(java.lang.Object, java.lang.Object, int)'> (0x0000000622224288) 
thrown [s\src\hotspot\share\interpreter\linkResolver.cpp, line 759]
Event: 0.513 Thread 0x0000026cfc031f40 Exception <a 'java/lang/NoSuchMethodError'{0x0000000622233580}: 'int java.lang.invoke.DirectMethodHandle$Holder.invokeStaticInit(java.lang.Object, java.lang.Object, long, long)'> (0x0000000622233580) 
thrown [s\src\hotspot\share\interpreter\linkResolver.cpp, line 759]
Event: 0.514 Thread 0x0000026cfc031f40 Exception <a 'java/lang/NoSuchMethodError'{0x00000006222396b0}: 'java.lang.Object java.lang.invoke.DirectMethodHandle$Holder.newInvokeSpecial(java.lang.Object, java.lang.Object, long)'> (0x00000006222396b0) 
thrown [s\src\hotspot\share\interpreter\linkResolver.cpp, line 759]
Event: 0.515 Thread 0x0000026cfc031f40 Exception <a 'java/lang/NoSuchMethodError'{0x000000062223d9a0}: 'java.lang.Object java.lang.invoke.Invokers$Holder.linkToTargetMethod(java.lang.Object, long, java.lang.Object)'> (0x000000062223d9a0) 
thrown [s\src\hotspot\share\interpreter\linkResolver.cpp, line 759]
Event: 0.517 Thread 0x0000026cfc031f40 Exception <a 'java/lang/NoSuchMethodError'{0x00000006222450b8}: 'int java.lang.invoke.DirectMethodHandle$Holder.invokeStaticInit(java.lang.Object, java.lang.Object, java.lang.Object, long)'> (0x00000006222450b8) 
thrown [s\src\hotspot\share\interpreter\linkResolver.cpp, line 759]
Event: 0.552 Thread 0x0000026cfc031f40 Exception <a 'sun/nio/fs/WindowsException'{0x00000006222f2140}> (0x00000006222f2140) 
thrown [s\src\hotspot\share\prims\jni.cpp, line 516]
Event: 0.552 Thread 0x0000026cfc031f40 Exception <a 'sun/nio/fs/WindowsException'{0x00000006222f24a0}> (0x00000006222f24a0) 
thrown [s\src\hotspot\share\prims\jni.cpp, line 516]
Event: 1.411 Thread 0x0000026cab8344b0 Exception <a 'sun/nio/fs/WindowsException'{0x0000000623471f70}> (0x0000000623471f70) 
thrown [s\src\hotspot\share\prims\jni.cpp, line 516]
Event: 1.411 Thread 0x0000026cab8344b0 Exception <a 'sun/nio/fs/WindowsException'{0x0000000623472318}> (0x0000000623472318) 
thrown [s\src\hotspot\share\prims\jni.cpp, line 516]
Event: 1.416 Thread 0x0000026cab8344b0 Exception <a 'sun/nio/fs/WindowsException'{0x000000062347e598}> (0x000000062347e598) 
thrown [s\src\hotspot\share\prims\jni.cpp, line 516]
Event: 1.416 Thread 0x0000026cab8344b0 Exception <a 'sun/nio/fs/WindowsException'{0x000000062347e878}> (0x000000062347e878) 
thrown [s\src\hotspot\share\prims\jni.cpp, line 516]

VM Operations (12 events):
Event: 0.062 Executing VM operation: ChangeBreakpoints
Event: 0.062 Executing VM operation: ChangeBreakpoints done
Event: 0.115 Executing VM operation: HandshakeAllThreads
Event: 0.115 Executing VM operation: HandshakeAllThreads done
Event: 0.238 Executing VM operation: HandshakeAllThreads
Event: 0.238 Executing VM operation: HandshakeAllThreads done
Event: 0.323 Executing VM operation: HandshakeAllThreads
Event: 0.323 Executing VM operation: HandshakeAllThreads done
Event: 0.461 Executing VM operation: HandshakeAllThreads
Event: 0.461 Executing VM operation: HandshakeAllThreads done
Event: 1.388 Executing VM operation: G1CollectForAllocation
Event: 1.392 Executing VM operation: G1CollectForAllocation done

Events (20 events):
Event: 0.510 loading class jdk/internal/access/foreign/MemorySegmentProxy done
Event: 0.520 loading class java/nio/InvalidMarkException
Event: 0.520 loading class java/nio/InvalidMarkException done
Event: 0.520 loading class java/nio/BufferUnderflowException
Event: 0.520 loading class java/nio/BufferUnderflowException done
Event: 0.538 loading class java/util/Formatter$FixedString
Event: 0.538 loading class java/util/Formatter$FixedString done
Event: 0.552 loading class java/lang/NoSuchFieldError
Event: 0.553 loading class java/lang/NoSuchFieldError done
Event: 0.559 loading class jdk/internal/reflect/UnsafeQualifiedStaticIntegerFieldAccessorImpl
Event: 0.560 loading class jdk/internal/reflect/UnsafeQualifiedStaticIntegerFieldAccessorImpl done
Event: 0.720 Thread 0x0000026cb0442780 Thread exited: 0x0000026cb0442780
Event: 0.751 Thread 0x0000026cfc031f40 Thread exited: 0x0000026cfc031f40
Event: 0.751 Thread 0x0000026cfc031f40 Thread added: 0x0000026cfc031f40
Event: 1.393 Thread 0x0000026cab454f10 Thread exited: 0x0000026cab454f10
Event: 1.393 Thread 0x0000026cb01ef1d0 Thread exited: 0x0000026cb01ef1d0
Event: 1.393 Thread 0x0000026cffb4d1c0 Thread exited: 0x0000026cffb4d1c0
Event: 1.394 Thread 0x0000026cab57a590 Thread exited: 0x0000026cab57a590
Event: 1.410 loading class jdk/internal/misc/ScopedMemoryAccess$Scope
Event: 1.410 loading class jdk/internal/misc/ScopedMemoryAccess$Scope done


Dynamic libraries:
0x00007ff7e65c0000 - 0x00007ff7e65ce000 	C:\Program Files\Microsoft\jdk-17.0.7.7-hotspot\bin\java.exe
0x00007ff9f6370000 - 0x00007ff9f6584000 	C:\WINDOWS\SYSTEM32\ntdll.dll
0x00007ff9f5980000 - 0x00007ff9f5a42000 	C:\WINDOWS\System32\KERNEL32.DLL
0x00007ff9f3a90000 - 0x00007ff9f3e33000 	C:\WINDOWS\System32\KERNELBASE.dll
0x00007ff9f4050000 - 0x00007ff9f4161000 	C:\WINDOWS\System32\ucrtbase.dll
0x00007ff9e63e0000 - 0x00007ff9e63fb000 	C:\Program Files\Microsoft\jdk-17.0.7.7-hotspot\bin\VCRUNTIME140.dll
0x00007ff9e4150000 - 0x00007ff9e4167000 	C:\Program Files\Microsoft\jdk-17.0.7.7-hotspot\bin\jli.dll
0x00007ff9f4900000 - 0x00007ff9f4aab000 	C:\WINDOWS\System32\USER32.dll
0x00007ff9f3a60000 - 0x00007ff9f3a86000 	C:\WINDOWS\System32\win32u.dll
0x00007ff9f6300000 - 0x00007ff9f6329000 	C:\WINDOWS\System32\GDI32.dll
0x00007ff9e45c0000 - 0x00007ff9e484e000 	C:\WINDOWS\WinSxS\amd64_microsoft.windows.common-controls_6595b64144ccf1df_6.0.22621.1635_none_270f70857386168e\COMCTL32.dll
0x00007ff9f3f30000 - 0x00007ff9f4048000 	C:\WINDOWS\System32\gdi32full.dll
0x00007ff9f39c0000 - 0x00007ff9f3a5a000 	C:\WINDOWS\System32\msvcp_win.dll
0x00007ff9f4ab0000 - 0x00007ff9f4b57000 	C:\WINDOWS\System32\msvcrt.dll
0x00007ff9f46a0000 - 0x00007ff9f46d1000 	C:\WINDOWS\System32\IMM32.DLL
0x00007ff9efd80000 - 0x00007ff9efd8c000 	C:\Program Files\Microsoft\jdk-17.0.7.7-hotspot\bin\vcruntime140_1.dll
0x00007ff9db4d0000 - 0x00007ff9db55d000 	C:\Program Files\Microsoft\jdk-17.0.7.7-hotspot\bin\msvcp140.dll
0x00007ff986c10000 - 0x00007ff987873000 	C:\Program Files\Microsoft\jdk-17.0.7.7-hotspot\bin\server\jvm.dll
0x00007ff9f46f0000 - 0x00007ff9f479e000 	C:\WINDOWS\System32\ADVAPI32.dll
0x00007ff9f5820000 - 0x00007ff9f58c4000 	C:\WINDOWS\System32\sechost.dll
0x00007ff9f5ac0000 - 0x00007ff9f5bd7000 	C:\WINDOWS\System32\RPCRT4.dll
0x00007ff9ef210000 - 0x00007ff9ef219000 	C:\WINDOWS\SYSTEM32\WSOCK32.dll
0x00007ff9e6990000 - 0x00007ff9e69c4000 	C:\WINDOWS\SYSTEM32\WINMM.dll
0x00007ff9ed100000 - 0x00007ff9ed10a000 	C:\WINDOWS\SYSTEM32\VERSION.dll
0x00007ff9f57a0000 - 0x00007ff9f5811000 	C:\WINDOWS\System32\WS2_32.dll
0x00007ff9f2840000 - 0x00007ff9f2858000 	C:\WINDOWS\SYSTEM32\kernel.appcore.dll
0x00007ff9e7120000 - 0x00007ff9e712a000 	C:\Program Files\Microsoft\jdk-17.0.7.7-hotspot\bin\jimage.dll
0x00007ff9f1190000 - 0x00007ff9f13be000 	C:\WINDOWS\SYSTEM32\DBGHELP.DLL
0x00007ff9f41d0000 - 0x00007ff9f4559000 	C:\WINDOWS\System32\combase.dll
0x00007ff9f45c0000 - 0x00007ff9f4697000 	C:\WINDOWS\System32\OLEAUT32.dll
0x00007ff9d71c0000 - 0x00007ff9d71f2000 	C:\WINDOWS\SYSTEM32\dbgcore.DLL
0x00007ff9f3e40000 - 0x00007ff9f3ebb000 	C:\WINDOWS\System32\bcryptPrimitives.dll
0x00007ff9e65f0000 - 0x00007ff9e662b000 	C:\Program Files\Microsoft\jdk-17.0.7.7-hotspot\bin\jdwp.dll
0x00007ff9e4120000 - 0x00007ff9e4145000 	C:\Program Files\Microsoft\jdk-17.0.7.7-hotspot\bin\java.dll
0x00007ff9cf6f0000 - 0x00007ff9cf7c7000 	C:\Program Files\Microsoft\jdk-17.0.7.7-hotspot\bin\jsvml.dll
0x00007ff9f4b60000 - 0x00007ff9f535a000 	C:\WINDOWS\System32\SHELL32.dll
0x00007ff9f1750000 - 0x00007ff9f201e000 	C:\WINDOWS\SYSTEM32\windows.storage.dll
0x00007ff9f1610000 - 0x00007ff9f174e000 	C:\WINDOWS\SYSTEM32\wintypes.dll
0x00007ff9f4800000 - 0x00007ff9f48f1000 	C:\WINDOWS\System32\SHCORE.dll
0x00007ff9f4170000 - 0x00007ff9f41ce000 	C:\WINDOWS\System32\shlwapi.dll
0x00007ff9f36c0000 - 0x00007ff9f36e1000 	C:\WINDOWS\SYSTEM32\profapi.dll
0x00007ff9f04f0000 - 0x00007ff9f04fc000 	C:\Program Files\Microsoft\jdk-17.0.7.7-hotspot\bin\dt_socket.dll
0x00007ff9f22f0000 - 0x00007ff9f231d000 	C:\WINDOWS\SYSTEM32\IPHLPAPI.DLL
0x00007ff9b5540000 - 0x00007ff9b564d000 	C:\WINDOWS\SysWOW64\ierd_tgp_lsp64.dll
0x00007ff9f6160000 - 0x00007ff9f62fc000 	C:\WINDOWS\System32\ole32.dll
0x00007ff9f2cf0000 - 0x00007ff9f2d59000 	C:\WINDOWS\system32\mswsock.dll
0x00007ff9e3e20000 - 0x00007ff9e3e39000 	C:\Program Files\Microsoft\jdk-17.0.7.7-hotspot\bin\net.dll
0x00007ff9ed9b0000 - 0x00007ff9edae7000 	C:\WINDOWS\SYSTEM32\WINHTTP.dll
0x00007ff9e3e00000 - 0x00007ff9e3e16000 	C:\Program Files\Microsoft\jdk-17.0.7.7-hotspot\bin\nio.dll
0x00007ff9db4b0000 - 0x00007ff9db4c8000 	C:\Program Files\Microsoft\jdk-17.0.7.7-hotspot\bin\zip.dll
0x00007ff9b5cf0000 - 0x00007ff9b5d6a000 	C:\Users\weicl\AppData\Local\Temp\lwjgl_weicl\3.3.2+13\x64\lwjgl.dll
0x00007ff9a5510000 - 0x00007ff9a5592000 	C:\Users\weicl\AppData\Local\Temp\lwjgl_weicl\3.3.2+13\x64\glfw.dll
0x00007ff9c0300000 - 0x00007ff9c0346000 	C:\WINDOWS\SYSTEM32\dinput8.dll
0x00007ff9a29a0000 - 0x00007ff9a29b1000 	C:\WINDOWS\SYSTEM32\xinput1_4.dll
0x00007ff9f34a0000 - 0x00007ff9f34cc000 	C:\WINDOWS\SYSTEM32\DEVOBJ.dll
0x00007ff9f3450000 - 0x00007ff9f349e000 	C:\WINDOWS\SYSTEM32\cfgmgr32.dll
0x00007ff9f09d0000 - 0x00007ff9f09fb000 	C:\WINDOWS\SYSTEM32\dwmapi.dll
0x00007ff9cfde0000 - 0x00007ff9cffe1000 	C:\WINDOWS\SYSTEM32\inputhost.dll
0x00007ff9f01a0000 - 0x00007ff9f02d3000 	C:\WINDOWS\SYSTEM32\CoreMessaging.dll
0x00007ff9f06a0000 - 0x00007ff9f074b000 	C:\WINDOWS\system32\uxtheme.dll
0x00007ff9f55e0000 - 0x00007ff9f56fe000 	C:\WINDOWS\System32\MSCTF.dll
0x00007ff9f2ff0000 - 0x00007ff9f2ffc000 	C:\WINDOWS\SYSTEM32\CRYPTBASE.DLL
0x00007ff9e5c00000 - 0x00007ff9e5d00000 	C:\WINDOWS\SYSTEM32\opengl32.dll
0x00007ff9e65c0000 - 0x00007ff9e65ed000 	C:\WINDOWS\SYSTEM32\GLU32.dll
0x00007ff9f0860000 - 0x00007ff9f0896000 	C:\WINDOWS\SYSTEM32\dxcore.dll
0x00007ff9f58d0000 - 0x00007ff9f5980000 	C:\WINDOWS\System32\clbcatq.dll
0x00007ff958a30000 - 0x00007ff95c687000 	C:\WINDOWS\System32\DriverStore\FileRepository\nv_dispi.inf_amd64_e34a87a86b660c23\nvoglv64.dll
0x00007ff9f5ce0000 - 0x00007ff9f6154000 	C:\WINDOWS\System32\SETUPAPI.dll
0x00007ff9f0610000 - 0x00007ff9f0624000 	C:\WINDOWS\SYSTEM32\WTSAPI32.dll
0x00007ff9f3140000 - 0x00007ff9f3168000 	C:\WINDOWS\SYSTEM32\bcrypt.dll
0x00007ff9f3430000 - 0x00007ff9f3442000 	C:\WINDOWS\SYSTEM32\msasn1.dll
0x00007ff9ea020000 - 0x00007ff9ea052000 	C:\WINDOWS\SYSTEM32\cryptnet.dll
0x00007ff9f3850000 - 0x00007ff9f39b7000 	C:\WINDOWS\System32\CRYPT32.dll
0x00007ff9e9e40000 - 0x00007ff9e9fa1000 	C:\WINDOWS\SYSTEM32\drvstore.dll
0x00007ff9f2f70000 - 0x00007ff9f2fb8000 	C:\WINDOWS\SYSTEM32\wldp.dll
0x00007ff9f3ec0000 - 0x00007ff9f3f2b000 	C:\WINDOWS\System32\WINTRUST.dll
0x00007ff9f28b0000 - 0x00007ff9f28e4000 	C:\WINDOWS\SYSTEM32\ntmarta.dll
0x00007ff99aa60000 - 0x00007ff99ad31000 	C:\WINDOWS\system32\nvspcap64.dll
0x00007ff9f2660000 - 0x00007ff9f26ad000 	C:\WINDOWS\SYSTEM32\powrprof.dll
0x00007ff9f2640000 - 0x00007ff9f2653000 	C:\WINDOWS\SYSTEM32\UMPDC.dll
0x00007ff9f2270000 - 0x00007ff9f22d6000 	C:\WINDOWS\SYSTEM32\WINSTA.dll
0x00007ff9c98a0000 - 0x00007ff9c99cd000 	C:\WINDOWS\SYSTEM32\textinputframework.dll
0x00007ff9cf5e0000 - 0x00007ff9cf63e000 	C:\Users\weicl\AppData\Local\Temp\lwjgl_weicl\3.3.2+13\x64\lwjgl_opengl.dll

dbghelp: loaded successfully - version: 4.0.5 - missing functions: none
symbol engine: initialized successfully - sym options: 0x614 - pdb path: .;C:\Program Files\Microsoft\jdk-17.0.7.7-hotspot\bin;C:\WINDOWS\SYSTEM32;C:\WINDOWS\WinSxS\amd64_microsoft.windows.common-controls_6595b64144ccf1df_6.0.22621.1635_none_270f70857386168e;C:\Program Files\Microsoft\jdk-17.0.7.7-hotspot\bin\server;C:\WINDOWS\SysWOW64;C:\Users\weicl\AppData\Local\Temp\lwjgl_weicl\3.3.2+13\x64;C:\WINDOWS\System32\DriverStore\FileRepository\nv_dispi.inf_amd64_e34a87a86b660c23

VM Arguments:
jvm_args: -Duser.dir=C:\Users\weicl\Desktop\kepler\compose -agentlib:jdwp=transport=dt_socket,server=y,suspend=y,quiet=n -Duser.dir=C:\Users\weicl\Desktop\kepler\compose 
java_command: main
java_class_path (initial): C:\Users\weicl\Desktop\kepler\.bloop\compose\bloop-bsp-clients-classes\classes-Metals-1ffyVRsCTduHUqNuoGIxjA==;C:\Users\weicl\AppData\Local\Coursier\Cache\v1\https\repo1.maven.org\maven2\org\scala-lang\scala3-library_3\3.2.2\scala3-library_3-3.2.2.jar;C:\Users\weicl\AppData\Local\Coursier\Cache\v1\https\repo1.maven.org\maven2\org\typelevel\cats-core_3\2.9.0\cats-core_3-2.9.0.jar;C:\Users\weicl\AppData\Local\Coursier\Cache\v1\https\repo1.maven.org\maven2\org\lwjgl\lwjgl\3.3.2\lwjgl-3.3.2.jar;C:\Users\weicl\AppData\Local\Coursier\Cache\v1\https\repo1.maven.org\maven2\org\lwjgl\lwjgl\3.3.2\lwjgl-3.3.2-natives-windows.jar;C:\Users\weicl\AppData\Local\Coursier\Cache\v1\https\repo1.maven.org\maven2\org\lwjgl\lwjgl-assimp\3.3.2\lwjgl-assimp-3.3.2.jar;C:\Users\weicl\AppData\Local\Coursier\Cache\v1\https\repo1.maven.org\maven2\org\lwjgl\lwjgl-assimp\3.3.2\lwjgl-assimp-3.3.2-natives-windows.jar;C:\Users\weicl\AppData\Local\Coursier\Cache\v1\https\repo1.maven.org\maven2\org\lwjgl\lwjgl-glfw\3.3.2\lwjgl-glfw-3.3.2.jar;C:\Users\weicl\AppData\Local\Coursier\Cache\v1\https\repo1.maven.org\maven2\org\lwjgl\lwjgl-glfw\3.3.2\lwjgl-glfw-3.3.2-natives-windows.jar;C:\Users\weicl\AppData\Local\Coursier\Cache\v1\https\repo1.maven.org\maven2\org\lwjgl\lwjgl-openal\3.3.2\lwjgl-openal-3.3.2.jar;C:\Users\weicl\AppData\Local\Coursier\Cache\v1\https\repo1.maven.org\maven2\org\lwjgl\lwjgl-openal\3.3.2\lwjgl-openal-3.3.2-natives-windows.jar;C:\Users\weicl\AppData\Local\Coursier\Cache\v1\https\repo1.maven.org\maven2\org\lwjgl\lwjgl-opengl\3.3.2\lwjgl-opengl-3.3.2.jar;C:\Users\weicl\AppData\Local\Coursier\Cache\v1\https\repo1.maven.org\maven2\org\lwjgl\lwjgl-opengl\3.3.2\lwjgl-opengl-3.3.2-natives-windows.jar;C:\Users\weicl\AppData\Local\Coursier\Cache\v1\https\repo1.maven.org\maven2\org\lwjgl\lwjgl-stb\3.3.2\lwjgl-stb-3.3.2.jar;C:\Users\weicl\AppData\Local\Coursier\Cache\v1\https\repo1.maven.org\maven2\org\lwjgl\lwjgl-stb\3.3.2\lwjgl-stb-3.3.2-natives-windows.jar;C:\Us
Launcher Type: SUN_STANDARD

[Global flags]
     intx CICompilerCount                          = 12                                        {product} {ergonomic}
     uint ConcGCThreads                            = 3                                         {product} {ergonomic}
     uint G1ConcRefinementThreads                  = 13                                        {product} {ergonomic}
   size_t G1HeapRegionSize                         = 4194304                                   {product} {ergonomic}
    uintx GCDrainStackTargetSize                   = 64                                        {product} {ergonomic}
   size_t InitialHeapSize                          = 536870912                                 {product} {ergonomic}
   size_t MarkStackSize                            = 4194304                                   {product} {ergonomic}
   size_t MaxHeapSize                              = 8531214336                                {product} {ergonomic}
   size_t MaxNewSize                               = 5117050880                                {product} {ergonomic}
   size_t MinHeapDeltaBytes                        = 4194304                                   {product} {ergonomic}
   size_t MinHeapSize                              = 8388608                                   {product} {ergonomic}
    uintx NonNMethodCodeHeapSize                   = 7602480                                {pd product} {ergonomic}
    uintx NonProfiledCodeHeapSize                  = 122027880                              {pd product} {ergonomic}
    uintx ProfiledCodeHeapSize                     = 122027880                              {pd product} {ergonomic}
    uintx ReservedCodeCacheSize                    = 251658240                              {pd product} {ergonomic}
     bool SegmentedCodeCache                       = true                                      {product} {ergonomic}
   size_t SoftMaxHeapSize                          = 8531214336                             {manageable} {ergonomic}
     bool UseCompressedClassPointers               = true                           {product lp64_product} {ergonomic}
     bool UseCompressedOops                        = true                           {product lp64_product} {ergonomic}
     bool UseG1GC                                  = true                                      {product} {ergonomic}
     bool UseLargePagesIndividualAllocation        = false                                  {pd product} {ergonomic}

Logging:
Log output configuration:
 #0: stdout all=warning uptime,level,tags
 #1: stderr all=off uptime,level,tags

Environment Variables:
JAVA_HOME=C:\Program Files\Microsoft\jdk-17.0.7.7-hotspot\
PATH=C:\Program Files\Microsoft\jdk-17.0.7.7-hotspot\bin;C:\WINDOWS\system32;C:\WINDOWS;C:\WINDOWS\System32\Wbem;C:\WINDOWS\System32\WindowsPowerShell\v1.0\;C:\WINDOWS\System32\OpenSSH\;C:\Program Files\dotnet\;C:\Program Files\NVIDIA Corporation\NVIDIA NvDLISR;C:\Program Files (x86)\NVIDIA Corporation\PhysX\Common;C:\Program Files\Git\cmd;C:\Program Files (x86)\sbt\bin;C:\Users\weicl\AppData\Local\Microsoft\WindowsApps;C:\Users\weicl\AppData\Local\Microsoft\WinGet\Packages\Kubernetes.kubectl_Microsoft.Winget.Source_8wekyb3d8bbwe;C:\Users\weicl\AppData\Local\Programs\Microsoft VS Code\bin;C:\ProgramData\chectl\chectl\bin;
USERNAME=weicl
OS=Windows_NT
PROCESSOR_IDENTIFIER=Intel64 Family 6 Model 154 Stepping 3, GenuineIntel
TMP=C:\Users\weicl\AppData\Local\Temp
TEMP=C:\Users\weicl\AppData\Local\Temp



---------------  S Y S T E M  ---------------

OS:
 Windows 11 , 64 bit Build 22621 (10.0.22621.1635)
OS uptime: 5 days 0:53 hours
Hyper-V role detected

CPU: total 16 (initial active 16) (8 cores per cpu, 2 threads per core) family 6 model 154 stepping 3 microcode 0x423, cx8, cmov, fxsr, ht, mmx, 3dnowpref, sse, sse2, sse3, ssse3, sse4.1, sse4.2, popcnt, lzcnt, tsc, tscinvbit, avx, avx2, aes, erms, clmul, bmi1, bmi2, adx, sha, fma, vzeroupper, clflush, clflushopt, clwb, hv

Memory: 4k page, system-wide physical 32533M (20790M free)
TotalPageFile size 34874M (AvailPageFile size 19321M)
current process WorkingSet (physical memory assigned to process): 128M, peak: 128M
current process commit charge ("private bytes"): 710M, peak: 710M

vm_info: OpenJDK 64-Bit Server VM (17.0.7+7-LTS) for windows-amd64 JRE (17.0.7+7-LTS), built on Apr 13 2023 20:59:12 by "MicrosoftCorporation" with MS VC++ 16.10 / 16.11 (VS2019)

END.
