#
# A fatal error has been detected by the Java Runtime Environment:
#
#  EXCEPTION_ACCESS_VIOLATION (0xc0000005) at pc=0x00007ff9a55170d0, pid=15556, tid=19376
#
# JRE version: OpenJDK Runtime Environment Microsoft-7626293 (17.0.7+7) (build 17.0.7+7-LTS)
# Java VM: OpenJDK 64-Bit Server VM Microsoft-7626293 (17.0.7+7-LTS, mixed mode, sharing, tiered, compressed oops, compressed class ptrs, g1 gc, windows-amd64)
# Problematic frame:
# C  [glfw.dll+0x70d0]
#
# No core dump will be written. Minidumps are not enabled by default on client versions of Windows
#
# If you would like to submit a bug report, please visit:
#   https://github.com/microsoft/openjdk/issues
# The crash happened outside the Java Virtual Machine in native code.
# See problematic frame for where to report the bug.
#

---------------  S U M M A R Y ------------

Command Line: -Duser.dir=C:\Users\weicl\Desktop\kepler\compose -agentlib:jdwp=transport=dt_socket,server=y,suspend=y,quiet=n -Duser.dir=C:\Users\weicl\Desktop\kepler\compose main

Host: 12th Gen Intel(R) Core(TM) i5-1240P, 16 cores, 31G,  Windows 11 , 64 bit Build 22621 (10.0.22621.1635)
Time: Fri May 19 21:23:17 2023  Windows 11 , 64 bit Build 22621 (10.0.22621.1635) elapsed time: 4.386657 seconds (0d 0h 0m 4s)

---------------  T H R E A D  ---------------

Current thread (0x0000027f876f2240):  JavaThread "main" [_thread_in_native, id=19376, stack(0x000000f784a00000,0x000000f784b00000)]

Stack: [0x000000f784a00000,0x000000f784b00000],  sp=0x000000f784afedf0,  free space=1019k
Native frames: (J=compiled Java code, j=interpreted, Vv=VM code, C=native code)
C  [glfw.dll+0x70d0]

Java frames: (J=compiled Java code, j=interpreted, Vv=VM code)
J 1289  org.lwjgl.system.JNI.invokePV(JJ)V (0 bytes) @ 0x0000027f986159ec [0x0000027f986159a0+0x000000000000004c]
j  org.lwjgl.glfw.GLFW.glfwDestroyWindow(J)V+6
J 1339 c1 com.github.yjgbg.compose.OpenGLRuntime$.loop$$anonfun$2(Lscala/Tuple2;)V (60 bytes) @ 0x0000027f90c6447c [0x0000027f90c64120+0x000000000000035c]
J 1338 c1 com.github.yjgbg.compose.OpenGLRuntime$$$Lambda$113+0x00000008010f5248.applyVoid(Ljava/lang/Object;)V (12 bytes) @ 0x0000027f90c62c3c [0x0000027f90c62ac0+0x000000000000017c]
J 1247 c1 scala.runtime.function.JProcedure1.apply(Ljava/lang/Object;)Lscala/runtime/BoxedUnit; (11 bytes) @ 0x0000027f90c261d4 [0x0000027f90c260c0+0x0000000000000114]
J 1246 c1 scala.runtime.function.JProcedure1.apply(Ljava/lang/Object;)Ljava/lang/Object; (8 bytes) @ 0x0000027f90c25d54 [0x0000027f90c25c40+0x0000000000000114]
J 1329 c1 scala.collection.IterableOnceOps.foreach(Lscala/Function1;)V (36 bytes) @ 0x0000027f90c5e89c [0x0000027f90c5e500+0x000000000000039c]
J 1327 c1 scala.collection.AbstractIterable.foreach(Lscala/Function1;)V (6 bytes) @ 0x0000027f90c5f384 [0x0000027f90c5f2c0+0x00000000000000c4]
J 1323 c1 scala.collection.IterableOps$WithFilter.foreach(Lscala/Function1;)V (11 bytes) @ 0x0000027f90c5d9fc [0x0000027f90c5d840+0x00000000000001bc]
j  com.github.yjgbg.compose.OpenGLRuntime$.loop(Lcom/github/yjgbg/compose/Rx;)V+38
j  com.github.yjgbg.compose.OpenGLRuntime$.apply(Lcom/github/yjgbg/compose/Rx;)V+233
j  com.github.yjgbg.compose.OpenGLRuntime$.apply(Ljava/lang/Object;)Ljava/lang/Object;+5
j  com.github.yjgbg.compose.Document$Runtime.Application(Lscala/Function1;Lscala/Function1;)V+21
j  com.github.yjgbg.compose.Document$Runtime.Application$(Lcom/github/yjgbg/compose/Document$Runtime;Lscala/Function1;Lscala/Function1;)V+3
j  com.github.yjgbg.compose.OpenGLRuntime$.Application(Lscala/Function1;Lscala/Function1;)V+3
j  App$package$.main()V+18
j  main.main([Ljava/lang/String;)V+3
v  ~StubRoutines::call_stub

siginfo: EXCEPTION_ACCESS_VIOLATION (0xc0000005), reading address 0x0000000000000000


Register to memory mapping:

RIP=0x00007ff9a55170d0 glfw.dll
RAX=0x00007ff9a55248f0 glfw.dll
RBX=0x0000027fbbacea60 points into unknown readable memory: 0x0000000000000000 | 00 00 00 00 00 00 00 00
RCX=0x0 is NULL
RDX=0x00007ff9a5587de8 glfw.dll
RSP=0x000000f784afedf0 is pointing into the stack for thread: 0x0000027f876f2240
RBP=0x000000f784afee80 is pointing into the stack for thread: 0x0000027f876f2240
RSI=0x0000000000000198 is an unknown value
RDI=0x0000000000000002 is an unknown value
R8 =0x0000027fbbacea60 points into unknown readable memory: 0x0000000000000000 | 00 00 00 00 00 00 00 00
R9 =0x00007ff9a5517020 glfw.dll
R10=0x00007ff9b5cf1380 lwjgl.dll
R11=0x0000027f986159c0 is at entry_point+32 in (nmethod*)0x0000027f98615810
R12=0x0 is NULL
R13=0x000000f784afeea0 is pointing into the stack for thread: 0x0000027f876f2240
R14=0x000000f784afee70 is pointing into the stack for thread: 0x0000027f876f2240
R15=0x0000027f876f2240 is a thread


Registers:
RAX=0x00007ff9a55248f0, RBX=0x0000027fbbacea60, RCX=0x0000000000000000, RDX=0x00007ff9a5587de8
RSP=0x000000f784afedf0, RBP=0x000000f784afee80, RSI=0x0000000000000198, RDI=0x0000000000000002
R8 =0x0000027fbbacea60, R9 =0x00007ff9a5517020, R10=0x00007ff9b5cf1380, R11=0x0000027f986159c0
R12=0x0000000000000000, R13=0x000000f784afeea0, R14=0x000000f784afee70, R15=0x0000027f876f2240
RIP=0x00007ff9a55170d0, EFLAGS=0x0000000000010287

Top of Stack: (sp=0x000000f784afedf0)
0x000000f784afedf0:   0000027fb783afe8 0000000000000198
0x000000f784afee00:   00007ff9b5d0c074 0000000000000000
0x000000f784afee10:   0000027fb783afe8 0000027f98615a8c
0x000000f784afee20:   000000f784afef30 0000000000000000
0x000000f784afee30:   0000000000000f56 0000000000000f56
0x000000f784afee40:   0000000000000001 0000027f9861f48c
0x000000f784afee50:   00000000000c069c 00000000000002a2
0x000000f784afee60:   0000000000000000 0000000000000000
0x000000f784afee70:   0000000603835ff8 0000000000000001
0x000000f784afee80:   000000f784afef08 0000027f97e39efa
0x000000f784afee90:   000001570000005b 0000027f97e39efa
0x000000f784afeea0:   00007ff9a5517020 0000000000000000
0x000000f784afeeb0:   0000027fbbacea60 0000000000000000
0x000000f784afeec0:   000000f784afeec0 0000027fb78119ce
0x000000f784afeed0:   000000f784afef30 0000027fb781d0e8
0x000000f784afeee0:   0000027fb796fa58 00000006039ed2d0 

Instructions: (pc=0x00007ff9a55170d0)
0x00007ff9a5516fd0:   0f 7f 05 29 09 07 00 48 89 05 62 09 07 00 c7 05
0x00007ff9a5516fe0:   28 09 07 00 18 00 00 00 c7 05 22 09 07 00 08 00
0x00007ff9a5516ff0:   00 00 c7 05 3c 09 07 00 01 00 00 00 c7 05 ca 0d
0x00007ff9a5517000:   07 00 ff ff ff ff c7 05 7c 09 07 00 01 00 00 00
0x00007ff9a5517010:   48 83 c4 28 c3 cc cc cc cc cc cc cc cc cc cc cc
0x00007ff9a5517020:   40 53 48 83 ec 20 83 3d 43 06 07 00 00 48 8b d9
0x00007ff9a5517030:   75 11 33 d2 b9 01 00 01 00 48 83 c4 20 5b e9 5d
0x00007ff9a5517040:   ae ff ff 48 85 db 0f 84 a5 00 00 00 0f 57 c0 33
0x00007ff9a5517050:   c0 0f 11 81 d0 02 00 00 0f 11 81 e0 02 00 00 0f
0x00007ff9a5517060:   11 81 f0 02 00 00 0f 11 81 00 03 00 00 0f 11 81
0x00007ff9a5517070:   10 03 00 00 0f 11 81 20 03 00 00 0f 11 81 30 03
0x00007ff9a5517080:   00 00 0f 11 81 40 03 00 00 48 89 81 50 03 00 00
0x00007ff9a5517090:   48 8d 0d 7d 1f 07 00 e8 d4 42 00 00 48 3b d8 75
0x00007ff9a55170a0:   07 33 c9 e8 48 ac ff ff 48 8b cb ff 15 d7 06 07
0x00007ff9a55170b0:   00 48 8b 0d 30 0d 07 00 48 8d 15 29 0d 07 00 48
0x00007ff9a55170c0:   3b cb 74 1a 0f 1f 40 00 0f 1f 84 00 00 00 00 00
0x00007ff9a55170d0:   48 8b 01 48 8b d1 48 8b c8 48 3b c3 75 f2 48 8b
0x00007ff9a55170e0:   03 48 8b cb 48 89 02 48 83 c4 20 5b e9 cf b2 ff
0x00007ff9a55170f0:   ff 48 83 c4 20 5b c3 cc cc cc cc cc cc cc cc cc
0x00007ff9a5517100:   83 3d 69 05 07 00 00 75 0c 33 d2 b9 01 00 01 00
0x00007ff9a5517110:   e9 8b ad ff ff 48 ff 25 fc 06 07 00 cc cc cc cc
0x00007ff9a5517120:   33 c0 48 85 d2 74 02 89 02 4d 85 c0 74 03 41 89
0x00007ff9a5517130:   00 39 05 39 05 07 00 75 0c 33 d2 b9 01 00 01 00
0x00007ff9a5517140:   e9 5b ad ff ff 48 ff 25 84 06 07 00 cc cc cc cc
0x00007ff9a5517150:   48 83 ec 28 83 3d 15 05 07 00 00 75 13 33 d2 b9
0x00007ff9a5517160:   01 00 01 00 e8 37 ad ff ff 33 c0 48 83 c4 28 c3
0x00007ff9a5517170:   81 fa 10 10 02 00 0f 8f a5 00 00 00 0f 84 97 00
0x00007ff9a5517180:   00 00 8d 82 ff ff fd ff 83 f8 0c 0f 87 2e 01 00
0x00007ff9a5517190:   00 48 98 4c 8d 05 66 8e ff ff 41 8b 84 80 dc 72
0x00007ff9a55171a0:   00 00 49 03 c0 ff e0 48 83 c4 28 48 ff 25 76 06
0x00007ff9a55171b0:   07 00 48 83 c4 28 48 ff 25 73 06 07 00 48 83 c4
0x00007ff9a55171c0:   28 48 ff 25 70 06 07 00 48 83 c4 28 48 ff 25 6d 


Stack slot to memory mapping:
stack at sp + 0 slots: {method} {0x0000027fb783aff0} 'invokePV' '(JJ)V' in 'org/lwjgl/system/JNI'
stack at sp + 1 slots: 0x0000000000000198 is an unknown value
stack at sp + 2 slots: 0x00007ff9b5d0c074 lwjgl.dll
stack at sp + 3 slots: 0x0 is NULL
stack at sp + 4 slots: {method} {0x0000027fb783aff0} 'invokePV' '(JJ)V' in 'org/lwjgl/system/JNI'
stack at sp + 5 slots: 0x0000027f98615a8c is at entry_point+236 in (nmethod*)0x0000027f98615810
stack at sp + 6 slots: 0x000000f784afef30 is pointing into the stack for thread: 0x0000027f876f2240
stack at sp + 7 slots: 0x0 is NULL


---------------  P R O C E S S  ---------------

Threads class SMR info:
_java_thread_list=0x0000027fbcc4e560, length=16, elements={
0x0000027f876f2240, 0x0000027fb3a2f430, 0x0000027fb3a2ffe0, 0x0000027fb3a49260,
0x0000027fb3a49d20, 0x0000027fb3a4a8d0, 0x0000027fb3a4e2a0, 0x0000027fb3a4fea0,
0x0000027fb3a50850, 0x0000027fb3a5fd30, 0x0000027fb6a49db0, 0x0000027fb6a4ceb0,
0x0000027fb6a44a30, 0x0000027fb6a4fcb0, 0x0000027fb6a74ef0, 0x0000027fbb11c320
}

Java Threads: ( => current thread )
=>0x0000027f876f2240 JavaThread "main" [_thread_in_native, id=19376, stack(0x000000f784a00000,0x000000f784b00000)]
  0x0000027fb3a2f430 JavaThread "Reference Handler" daemon [_thread_blocked, id=4684, stack(0x000000f785100000,0x000000f785200000)]
  0x0000027fb3a2ffe0 JavaThread "Finalizer" daemon [_thread_blocked, id=7640, stack(0x000000f785200000,0x000000f785300000)]
  0x0000027fb3a49260 JavaThread "Signal Dispatcher" daemon [_thread_blocked, id=20316, stack(0x000000f785300000,0x000000f785400000)]
  0x0000027fb3a49d20 JavaThread "Attach Listener" daemon [_thread_blocked, id=21268, stack(0x000000f785400000,0x000000f785500000)]
  0x0000027fb3a4a8d0 JavaThread "Service Thread" daemon [_thread_blocked, id=3600, stack(0x000000f785500000,0x000000f785600000)]
  0x0000027fb3a4e2a0 JavaThread "Monitor Deflation Thread" daemon [_thread_blocked, id=20320, stack(0x000000f785600000,0x000000f785700000)]
  0x0000027fb3a4fea0 JavaThread "C2 CompilerThread0" daemon [_thread_blocked, id=7580, stack(0x000000f785700000,0x000000f785800000)]
  0x0000027fb3a50850 JavaThread "C1 CompilerThread0" daemon [_thread_blocked, id=20816, stack(0x000000f785800000,0x000000f785900000)]
  0x0000027fb3a5fd30 JavaThread "Sweeper thread" daemon [_thread_blocked, id=9272, stack(0x000000f785900000,0x000000f785a00000)]
  0x0000027fb6a49db0 JavaThread "JDWP Transport Listener: dt_socket" daemon [_thread_blocked, id=14220, stack(0x000000f785b00000,0x000000f785c00000)]
  0x0000027fb6a4ceb0 JavaThread "JDWP Event Helper Thread" daemon [_thread_blocked, id=13528, stack(0x000000f785c00000,0x000000f785d00000)]
  0x0000027fb6a44a30 JavaThread "JDWP Command Reader" daemon [_thread_in_native, id=17428, stack(0x000000f785d00000,0x000000f785e00000)]
  0x0000027fb6a4fcb0 JavaThread "Notification Thread" daemon [_thread_blocked, id=17912, stack(0x000000f785e00000,0x000000f785f00000)]
  0x0000027fb6a74ef0 JavaThread "Common-Cleaner" daemon [_thread_blocked, id=9708, stack(0x000000f786000000,0x000000f786100000)]
  0x0000027fbb11c320 JavaThread "Thread-0" [_thread_blocked, id=6872, stack(0x000000f786200000,0x000000f786300000)]

Other Threads:
  0x0000027fb3a29980 VMThread "VM Thread" [stack: 0x000000f785000000,0x000000f785100000] [id=7360]
  0x0000027fb38828f0 WatcherThread [stack: 0x000000f785f00000,0x000000f786000000] [id=10328]
  0x0000027f8779ff00 GCTaskThread "GC Thread#0" [stack: 0x000000f784b00000,0x000000f784c00000] [id=18280]
  0x0000027fbb5e0610 GCTaskThread "GC Thread#1" [stack: 0x000000f786300000,0x000000f786400000] [id=844]
  0x0000027fbb5e08c0 GCTaskThread "GC Thread#2" [stack: 0x000000f786400000,0x000000f786500000] [id=23008]
  0x0000027fbb5e0b70 GCTaskThread "GC Thread#3" [stack: 0x000000f786c00000,0x000000f786d00000] [id=21604]
  0x0000027fbb5df090 GCTaskThread "GC Thread#4" [stack: 0x000000f786d00000,0x000000f786e00000] [id=1760]
  0x0000027fbb5df340 GCTaskThread "GC Thread#5" [stack: 0x000000f786e00000,0x000000f786f00000] [id=14076]
  0x0000027fbb5df5f0 GCTaskThread "GC Thread#6" [stack: 0x000000f786f00000,0x000000f787000000] [id=9256]
  0x0000027fbb5df8a0 GCTaskThread "GC Thread#7" [stack: 0x000000f787000000,0x000000f787100000] [id=12200]
  0x0000027fbb5dfb50 GCTaskThread "GC Thread#8" [stack: 0x000000f787100000,0x000000f787200000] [id=5304]
  0x0000027fbb5dfe00 GCTaskThread "GC Thread#9" [stack: 0x000000f787200000,0x000000f787300000] [id=16972]
  0x0000027fbb5e00b0 GCTaskThread "GC Thread#10" [stack: 0x000000f787300000,0x000000f787400000] [id=11884]
  0x0000027fbc3d7f80 GCTaskThread "GC Thread#11" [stack: 0x000000f787400000,0x000000f787500000] [id=23204]
  0x0000027fbc3d9a60 GCTaskThread "GC Thread#12" [stack: 0x000000f786100000,0x000000f786200000] [id=4912]
  0x0000027fb3874020 ConcurrentGCThread "G1 Main Marker" [stack: 0x000000f784c00000,0x000000f784d00000] [id=12356]
  0x0000027fb3874a30 ConcurrentGCThread "G1 Conc#0" [stack: 0x000000f784d00000,0x000000f784e00000] [id=6092]
  0x0000027fb3960140 ConcurrentGCThread "G1 Refine#0" [stack: 0x000000f784e00000,0x000000f784f00000] [id=14608]
  0x0000027fb3961a10 ConcurrentGCThread "G1 Service" [stack: 0x000000f784f00000,0x000000f785000000] [id=7156]

Threads with active compile tasks:

VM state: not at safepoint (normal execution)

VM Mutex/Monitor currently owned by a thread: None

Heap address: 0x0000000603800000, size: 8136 MB, Compressed Oops mode: Zero based, Oop shift amount: 3

CDS archive(s) mapped at: [0x0000000800000000-0x0000000800bc0000-0x0000000800bc0000), size 12320768, SharedBaseAddress: 0x0000000800000000, ArchiveRelocationMode: 0.
Compressed class space mapped at: 0x0000000801000000-0x0000000841000000, reserved size: 1073741824
Narrow klass base: 0x0000000800000000, Narrow klass shift: 0, Narrow klass range: 0x100000000

GC Precious Log:
 CPUs: 16 total, 16 available
 Memory: 32533M
 Large Page Support: Disabled
 NUMA Support: Disabled
 Compressed Oops: Enabled (Zero based)
 Heap Region Size: 4M
 Heap Min Capacity: 8M
 Heap Initial Capacity: 512M
 Heap Max Capacity: 8136M
 Pre-touch: Disabled
 Parallel Workers: 13
 Concurrent Workers: 3
 Concurrent Refinement Workers: 13
 Periodic GC: Disabled

Heap:
 garbage-first heap   total 524288K, used 122958K [0x0000000603800000, 0x0000000800000000)
  region size 4096K, 31 young (126976K), 1 survivors (4096K)
 Metaspace       used 9077K, committed 9216K, reserved 1114112K
  class space    used 902K, committed 960K, reserved 1048576K

Heap Regions: E=young(eden), S=young(survivor), O=old, HS=humongous(starts), HC=humongous(continues), CS=collection set, F=free, OA=open archive, CA=closed archive, TAMS=top-at-mark-start (previous, next)
|   0|0x0000000603800000, 0x0000000603bac600, 0x0000000603c00000| 91%| O|  |TAMS 0x0000000603800000, 0x0000000603800000| Untracked 
|   1|0x0000000603c00000, 0x0000000603c00000, 0x0000000604000000|  0%| F|  |TAMS 0x0000000603c00000, 0x0000000603c00000| Untracked 
|   2|0x0000000604000000, 0x0000000604000000, 0x0000000604400000|  0%| F|  |TAMS 0x0000000604000000, 0x0000000604000000| Untracked 
|   3|0x0000000604400000, 0x0000000604400000, 0x0000000604800000|  0%| F|  |TAMS 0x0000000604400000, 0x0000000604400000| Untracked 
|   4|0x0000000604800000, 0x0000000604800000, 0x0000000604c00000|  0%| F|  |TAMS 0x0000000604800000, 0x0000000604800000| Untracked 
|   5|0x0000000604c00000, 0x0000000604c00000, 0x0000000605000000|  0%| F|  |TAMS 0x0000000604c00000, 0x0000000604c00000| Untracked 
|   6|0x0000000605000000, 0x0000000605000000, 0x0000000605400000|  0%| F|  |TAMS 0x0000000605000000, 0x0000000605000000| Untracked 
|   7|0x0000000605400000, 0x0000000605400000, 0x0000000605800000|  0%| F|  |TAMS 0x0000000605400000, 0x0000000605400000| Untracked 
|   8|0x0000000605800000, 0x0000000605800000, 0x0000000605c00000|  0%| F|  |TAMS 0x0000000605800000, 0x0000000605800000| Untracked 
|   9|0x0000000605c00000, 0x0000000605c00000, 0x0000000606000000|  0%| F|  |TAMS 0x0000000605c00000, 0x0000000605c00000| Untracked 
|  10|0x0000000606000000, 0x0000000606000000, 0x0000000606400000|  0%| F|  |TAMS 0x0000000606000000, 0x0000000606000000| Untracked 
|  11|0x0000000606400000, 0x0000000606400000, 0x0000000606800000|  0%| F|  |TAMS 0x0000000606400000, 0x0000000606400000| Untracked 
|  12|0x0000000606800000, 0x0000000606800000, 0x0000000606c00000|  0%| F|  |TAMS 0x0000000606800000, 0x0000000606800000| Untracked 
|  13|0x0000000606c00000, 0x0000000606c00000, 0x0000000607000000|  0%| F|  |TAMS 0x0000000606c00000, 0x0000000606c00000| Untracked 
|  14|0x0000000607000000, 0x0000000607000000, 0x0000000607400000|  0%| F|  |TAMS 0x0000000607000000, 0x0000000607000000| Untracked 
|  15|0x0000000607400000, 0x0000000607400000, 0x0000000607800000|  0%| F|  |TAMS 0x0000000607400000, 0x0000000607400000| Untracked 
|  16|0x0000000607800000, 0x0000000607800000, 0x0000000607c00000|  0%| F|  |TAMS 0x0000000607800000, 0x0000000607800000| Untracked 
|  17|0x0000000607c00000, 0x0000000607c00000, 0x0000000608000000|  0%| F|  |TAMS 0x0000000607c00000, 0x0000000607c00000| Untracked 
|  18|0x0000000608000000, 0x0000000608000000, 0x0000000608400000|  0%| F|  |TAMS 0x0000000608000000, 0x0000000608000000| Untracked 
|  19|0x0000000608400000, 0x0000000608400000, 0x0000000608800000|  0%| F|  |TAMS 0x0000000608400000, 0x0000000608400000| Untracked 
|  20|0x0000000608800000, 0x0000000608800000, 0x0000000608c00000|  0%| F|  |TAMS 0x0000000608800000, 0x0000000608800000| Untracked 
|  21|0x0000000608c00000, 0x0000000608c00000, 0x0000000609000000|  0%| F|  |TAMS 0x0000000608c00000, 0x0000000608c00000| Untracked 
|  22|0x0000000609000000, 0x0000000609000000, 0x0000000609400000|  0%| F|  |TAMS 0x0000000609000000, 0x0000000609000000| Untracked 
|  23|0x0000000609400000, 0x0000000609400000, 0x0000000609800000|  0%| F|  |TAMS 0x0000000609400000, 0x0000000609400000| Untracked 
|  24|0x0000000609800000, 0x0000000609800000, 0x0000000609c00000|  0%| F|  |TAMS 0x0000000609800000, 0x0000000609800000| Untracked 
|  25|0x0000000609c00000, 0x0000000609c00000, 0x000000060a000000|  0%| F|  |TAMS 0x0000000609c00000, 0x0000000609c00000| Untracked 
|  26|0x000000060a000000, 0x000000060a000000, 0x000000060a400000|  0%| F|  |TAMS 0x000000060a000000, 0x000000060a000000| Untracked 
|  27|0x000000060a400000, 0x000000060a400000, 0x000000060a800000|  0%| F|  |TAMS 0x000000060a400000, 0x000000060a400000| Untracked 
|  28|0x000000060a800000, 0x000000060a800000, 0x000000060ac00000|  0%| F|  |TAMS 0x000000060a800000, 0x000000060a800000| Untracked 
|  29|0x000000060ac00000, 0x000000060ac00000, 0x000000060b000000|  0%| F|  |TAMS 0x000000060ac00000, 0x000000060ac00000| Untracked 
|  30|0x000000060b000000, 0x000000060b000000, 0x000000060b400000|  0%| F|  |TAMS 0x000000060b000000, 0x000000060b000000| Untracked 
|  31|0x000000060b400000, 0x000000060b400000, 0x000000060b800000|  0%| F|  |TAMS 0x000000060b400000, 0x000000060b400000| Untracked 
|  32|0x000000060b800000, 0x000000060b800000, 0x000000060bc00000|  0%| F|  |TAMS 0x000000060b800000, 0x000000060b800000| Untracked 
|  33|0x000000060bc00000, 0x000000060bc00000, 0x000000060c000000|  0%| F|  |TAMS 0x000000060bc00000, 0x000000060bc00000| Untracked 
|  34|0x000000060c000000, 0x000000060c000000, 0x000000060c400000|  0%| F|  |TAMS 0x000000060c000000, 0x000000060c000000| Untracked 
|  35|0x000000060c400000, 0x000000060c400000, 0x000000060c800000|  0%| F|  |TAMS 0x000000060c400000, 0x000000060c400000| Untracked 
|  36|0x000000060c800000, 0x000000060c800000, 0x000000060cc00000|  0%| F|  |TAMS 0x000000060c800000, 0x000000060c800000| Untracked 
|  37|0x000000060cc00000, 0x000000060cc00000, 0x000000060d000000|  0%| F|  |TAMS 0x000000060cc00000, 0x000000060cc00000| Untracked 
|  38|0x000000060d000000, 0x000000060d000000, 0x000000060d400000|  0%| F|  |TAMS 0x000000060d000000, 0x000000060d000000| Untracked 
|  39|0x000000060d400000, 0x000000060d400000, 0x000000060d800000|  0%| F|  |TAMS 0x000000060d400000, 0x000000060d400000| Untracked 
|  40|0x000000060d800000, 0x000000060d800000, 0x000000060dc00000|  0%| F|  |TAMS 0x000000060d800000, 0x000000060d800000| Untracked 
|  41|0x000000060dc00000, 0x000000060dc00000, 0x000000060e000000|  0%| F|  |TAMS 0x000000060dc00000, 0x000000060dc00000| Untracked 
|  42|0x000000060e000000, 0x000000060e000000, 0x000000060e400000|  0%| F|  |TAMS 0x000000060e000000, 0x000000060e000000| Untracked 
|  43|0x000000060e400000, 0x000000060e400000, 0x000000060e800000|  0%| F|  |TAMS 0x000000060e400000, 0x000000060e400000| Untracked 
|  44|0x000000060e800000, 0x000000060e800000, 0x000000060ec00000|  0%| F|  |TAMS 0x000000060e800000, 0x000000060e800000| Untracked 
|  45|0x000000060ec00000, 0x000000060ec00000, 0x000000060f000000|  0%| F|  |TAMS 0x000000060ec00000, 0x000000060ec00000| Untracked 
|  46|0x000000060f000000, 0x000000060f000000, 0x000000060f400000|  0%| F|  |TAMS 0x000000060f000000, 0x000000060f000000| Untracked 
|  47|0x000000060f400000, 0x000000060f400000, 0x000000060f800000|  0%| F|  |TAMS 0x000000060f400000, 0x000000060f400000| Untracked 
|  48|0x000000060f800000, 0x000000060f800000, 0x000000060fc00000|  0%| F|  |TAMS 0x000000060f800000, 0x000000060f800000| Untracked 
|  49|0x000000060fc00000, 0x000000060fc00000, 0x0000000610000000|  0%| F|  |TAMS 0x000000060fc00000, 0x000000060fc00000| Untracked 
|  50|0x0000000610000000, 0x0000000610000000, 0x0000000610400000|  0%| F|  |TAMS 0x0000000610000000, 0x0000000610000000| Untracked 
|  51|0x0000000610400000, 0x0000000610400000, 0x0000000610800000|  0%| F|  |TAMS 0x0000000610400000, 0x0000000610400000| Untracked 
|  52|0x0000000610800000, 0x0000000610800000, 0x0000000610c00000|  0%| F|  |TAMS 0x0000000610800000, 0x0000000610800000| Untracked 
|  53|0x0000000610c00000, 0x0000000610c00000, 0x0000000611000000|  0%| F|  |TAMS 0x0000000610c00000, 0x0000000610c00000| Untracked 
|  54|0x0000000611000000, 0x0000000611000000, 0x0000000611400000|  0%| F|  |TAMS 0x0000000611000000, 0x0000000611000000| Untracked 
|  55|0x0000000611400000, 0x0000000611400000, 0x0000000611800000|  0%| F|  |TAMS 0x0000000611400000, 0x0000000611400000| Untracked 
|  56|0x0000000611800000, 0x0000000611800000, 0x0000000611c00000|  0%| F|  |TAMS 0x0000000611800000, 0x0000000611800000| Untracked 
|  57|0x0000000611c00000, 0x0000000611c00000, 0x0000000612000000|  0%| F|  |TAMS 0x0000000611c00000, 0x0000000611c00000| Untracked 
|  58|0x0000000612000000, 0x0000000612000000, 0x0000000612400000|  0%| F|  |TAMS 0x0000000612000000, 0x0000000612000000| Untracked 
|  59|0x0000000612400000, 0x0000000612400000, 0x0000000612800000|  0%| F|  |TAMS 0x0000000612400000, 0x0000000612400000| Untracked 
|  60|0x0000000612800000, 0x0000000612800000, 0x0000000612c00000|  0%| F|  |TAMS 0x0000000612800000, 0x0000000612800000| Untracked 
|  61|0x0000000612c00000, 0x0000000612c00000, 0x0000000613000000|  0%| F|  |TAMS 0x0000000612c00000, 0x0000000612c00000| Untracked 
|  62|0x0000000613000000, 0x0000000613000000, 0x0000000613400000|  0%| F|  |TAMS 0x0000000613000000, 0x0000000613000000| Untracked 
|  63|0x0000000613400000, 0x0000000613400000, 0x0000000613800000|  0%| F|  |TAMS 0x0000000613400000, 0x0000000613400000| Untracked 
|  64|0x0000000613800000, 0x0000000613800000, 0x0000000613c00000|  0%| F|  |TAMS 0x0000000613800000, 0x0000000613800000| Untracked 
|  65|0x0000000613c00000, 0x0000000613c00000, 0x0000000614000000|  0%| F|  |TAMS 0x0000000613c00000, 0x0000000613c00000| Untracked 
|  66|0x0000000614000000, 0x0000000614000000, 0x0000000614400000|  0%| F|  |TAMS 0x0000000614000000, 0x0000000614000000| Untracked 
|  67|0x0000000614400000, 0x0000000614400000, 0x0000000614800000|  0%| F|  |TAMS 0x0000000614400000, 0x0000000614400000| Untracked 
|  68|0x0000000614800000, 0x0000000614800000, 0x0000000614c00000|  0%| F|  |TAMS 0x0000000614800000, 0x0000000614800000| Untracked 
|  69|0x0000000614c00000, 0x0000000614c00000, 0x0000000615000000|  0%| F|  |TAMS 0x0000000614c00000, 0x0000000614c00000| Untracked 
|  70|0x0000000615000000, 0x0000000615000000, 0x0000000615400000|  0%| F|  |TAMS 0x0000000615000000, 0x0000000615000000| Untracked 
|  71|0x0000000615400000, 0x0000000615400000, 0x0000000615800000|  0%| F|  |TAMS 0x0000000615400000, 0x0000000615400000| Untracked 
|  72|0x0000000615800000, 0x0000000615800000, 0x0000000615c00000|  0%| F|  |TAMS 0x0000000615800000, 0x0000000615800000| Untracked 
|  73|0x0000000615c00000, 0x0000000615c00000, 0x0000000616000000|  0%| F|  |TAMS 0x0000000615c00000, 0x0000000615c00000| Untracked 
|  74|0x0000000616000000, 0x0000000616000000, 0x0000000616400000|  0%| F|  |TAMS 0x0000000616000000, 0x0000000616000000| Untracked 
|  75|0x0000000616400000, 0x0000000616400000, 0x0000000616800000|  0%| F|  |TAMS 0x0000000616400000, 0x0000000616400000| Untracked 
|  76|0x0000000616800000, 0x0000000616800000, 0x0000000616c00000|  0%| F|  |TAMS 0x0000000616800000, 0x0000000616800000| Untracked 
|  77|0x0000000616c00000, 0x0000000616c00000, 0x0000000617000000|  0%| F|  |TAMS 0x0000000616c00000, 0x0000000616c00000| Untracked 
|  78|0x0000000617000000, 0x0000000617000000, 0x0000000617400000|  0%| F|  |TAMS 0x0000000617000000, 0x0000000617000000| Untracked 
|  79|0x0000000617400000, 0x0000000617400000, 0x0000000617800000|  0%| F|  |TAMS 0x0000000617400000, 0x0000000617400000| Untracked 
|  80|0x0000000617800000, 0x0000000617800000, 0x0000000617c00000|  0%| F|  |TAMS 0x0000000617800000, 0x0000000617800000| Untracked 
|  81|0x0000000617c00000, 0x0000000617c00000, 0x0000000618000000|  0%| F|  |TAMS 0x0000000617c00000, 0x0000000617c00000| Untracked 
|  82|0x0000000618000000, 0x0000000618000000, 0x0000000618400000|  0%| F|  |TAMS 0x0000000618000000, 0x0000000618000000| Untracked 
|  83|0x0000000618400000, 0x0000000618400000, 0x0000000618800000|  0%| F|  |TAMS 0x0000000618400000, 0x0000000618400000| Untracked 
|  84|0x0000000618800000, 0x0000000618800000, 0x0000000618c00000|  0%| F|  |TAMS 0x0000000618800000, 0x0000000618800000| Untracked 
|  85|0x0000000618c00000, 0x0000000618c00000, 0x0000000619000000|  0%| F|  |TAMS 0x0000000618c00000, 0x0000000618c00000| Untracked 
|  86|0x0000000619000000, 0x0000000619000000, 0x0000000619400000|  0%| F|  |TAMS 0x0000000619000000, 0x0000000619000000| Untracked 
|  87|0x0000000619400000, 0x0000000619400000, 0x0000000619800000|  0%| F|  |TAMS 0x0000000619400000, 0x0000000619400000| Untracked 
|  88|0x0000000619800000, 0x0000000619800000, 0x0000000619c00000|  0%| F|  |TAMS 0x0000000619800000, 0x0000000619800000| Untracked 
|  89|0x0000000619c00000, 0x0000000619c00000, 0x000000061a000000|  0%| F|  |TAMS 0x0000000619c00000, 0x0000000619c00000| Untracked 
|  90|0x000000061a000000, 0x000000061a000000, 0x000000061a400000|  0%| F|  |TAMS 0x000000061a000000, 0x000000061a000000| Untracked 
|  91|0x000000061a400000, 0x000000061a400000, 0x000000061a800000|  0%| F|  |TAMS 0x000000061a400000, 0x000000061a400000| Untracked 
|  92|0x000000061a800000, 0x000000061a800000, 0x000000061ac00000|  0%| F|  |TAMS 0x000000061a800000, 0x000000061a800000| Untracked 
|  93|0x000000061ac00000, 0x000000061ac00000, 0x000000061b000000|  0%| F|  |TAMS 0x000000061ac00000, 0x000000061ac00000| Untracked 
|  94|0x000000061b000000, 0x000000061b000000, 0x000000061b400000|  0%| F|  |TAMS 0x000000061b000000, 0x000000061b000000| Untracked 
|  95|0x000000061b400000, 0x000000061b400000, 0x000000061b800000|  0%| F|  |TAMS 0x000000061b400000, 0x000000061b400000| Untracked 
|  96|0x000000061b800000, 0x000000061b800000, 0x000000061bc00000|  0%| F|  |TAMS 0x000000061b800000, 0x000000061b800000| Untracked 
|  97|0x000000061bc00000, 0x000000061be00800, 0x000000061c000000| 50%| E|  |TAMS 0x000000061bc00000, 0x000000061bc00000| Complete 
|  98|0x000000061c000000, 0x000000061c400000, 0x000000061c400000|100%| E|CS|TAMS 0x000000061c000000, 0x000000061c000000| Complete 
|  99|0x000000061c400000, 0x000000061c800000, 0x000000061c800000|100%| E|CS|TAMS 0x000000061c400000, 0x000000061c400000| Complete 
| 100|0x000000061c800000, 0x000000061cc00000, 0x000000061cc00000|100%| E|CS|TAMS 0x000000061c800000, 0x000000061c800000| Complete 
| 101|0x000000061cc00000, 0x000000061d000000, 0x000000061d000000|100%| E|CS|TAMS 0x000000061cc00000, 0x000000061cc00000| Complete 
| 102|0x000000061d000000, 0x000000061d400000, 0x000000061d400000|100%| E|CS|TAMS 0x000000061d000000, 0x000000061d000000| Complete 
| 103|0x000000061d400000, 0x000000061d800000, 0x000000061d800000|100%| E|CS|TAMS 0x000000061d400000, 0x000000061d400000| Complete 
| 104|0x000000061d800000, 0x000000061dc00000, 0x000000061dc00000|100%| E|CS|TAMS 0x000000061d800000, 0x000000061d800000| Complete 
| 105|0x000000061dc00000, 0x000000061e000000, 0x000000061e000000|100%| E|CS|TAMS 0x000000061dc00000, 0x000000061dc00000| Complete 
| 106|0x000000061e000000, 0x000000061e400000, 0x000000061e400000|100%| E|CS|TAMS 0x000000061e000000, 0x000000061e000000| Complete 
| 107|0x000000061e400000, 0x000000061e800000, 0x000000061e800000|100%| E|CS|TAMS 0x000000061e400000, 0x000000061e400000| Complete 
| 108|0x000000061e800000, 0x000000061ec00000, 0x000000061ec00000|100%| E|CS|TAMS 0x000000061e800000, 0x000000061e800000| Complete 
| 109|0x000000061ec00000, 0x000000061ec67520, 0x000000061f000000| 10%| S|CS|TAMS 0x000000061ec00000, 0x000000061ec00000| Complete 
| 110|0x000000061f000000, 0x000000061f400000, 0x000000061f400000|100%| E|CS|TAMS 0x000000061f000000, 0x000000061f000000| Complete 
| 111|0x000000061f400000, 0x000000061f800000, 0x000000061f800000|100%| E|CS|TAMS 0x000000061f400000, 0x000000061f400000| Complete 
| 112|0x000000061f800000, 0x000000061fc00000, 0x000000061fc00000|100%| E|CS|TAMS 0x000000061f800000, 0x000000061f800000| Complete 
| 113|0x000000061fc00000, 0x0000000620000000, 0x0000000620000000|100%| E|CS|TAMS 0x000000061fc00000, 0x000000061fc00000| Complete 
| 114|0x0000000620000000, 0x0000000620400000, 0x0000000620400000|100%| E|CS|TAMS 0x0000000620000000, 0x0000000620000000| Complete 
| 115|0x0000000620400000, 0x0000000620800000, 0x0000000620800000|100%| E|CS|TAMS 0x0000000620400000, 0x0000000620400000| Complete 
| 116|0x0000000620800000, 0x0000000620c00000, 0x0000000620c00000|100%| E|CS|TAMS 0x0000000620800000, 0x0000000620800000| Complete 
| 117|0x0000000620c00000, 0x0000000621000000, 0x0000000621000000|100%| E|CS|TAMS 0x0000000620c00000, 0x0000000620c00000| Complete 
| 118|0x0000000621000000, 0x0000000621400000, 0x0000000621400000|100%| E|CS|TAMS 0x0000000621000000, 0x0000000621000000| Complete 
| 119|0x0000000621400000, 0x0000000621800000, 0x0000000621800000|100%| E|CS|TAMS 0x0000000621400000, 0x0000000621400000| Complete 
| 120|0x0000000621800000, 0x0000000621c00000, 0x0000000621c00000|100%| E|CS|TAMS 0x0000000621800000, 0x0000000621800000| Complete 
| 121|0x0000000621c00000, 0x0000000622000000, 0x0000000622000000|100%| E|CS|TAMS 0x0000000621c00000, 0x0000000621c00000| Complete 
| 122|0x0000000622000000, 0x0000000622400000, 0x0000000622400000|100%| E|CS|TAMS 0x0000000622000000, 0x0000000622000000| Complete 
| 123|0x0000000622400000, 0x0000000622800000, 0x0000000622800000|100%| E|CS|TAMS 0x0000000622400000, 0x0000000622400000| Complete 
| 124|0x0000000622800000, 0x0000000622c00000, 0x0000000622c00000|100%| E|CS|TAMS 0x0000000622800000, 0x0000000622800000| Complete 
| 125|0x0000000622c00000, 0x0000000623000000, 0x0000000623000000|100%| E|CS|TAMS 0x0000000622c00000, 0x0000000622c00000| Complete 
| 126|0x0000000623000000, 0x0000000623400000, 0x0000000623400000|100%| E|CS|TAMS 0x0000000623000000, 0x0000000623000000| Complete 
| 127|0x0000000623400000, 0x0000000623800000, 0x0000000623800000|100%| E|CS|TAMS 0x0000000623400000, 0x0000000623400000| Complete 

Card table byte_map: [0x0000027fa1980000,0x0000027fa2970000] _byte_map_base: 0x0000027f9e964000

Marking Bits (Prev, Next): (CMBitMap*) 0x0000027f877a0510, (CMBitMap*) 0x0000027f877a0550
 Prev Bits: [0x0000027fa3960000, 0x0000027fab880000)
 Next Bits: [0x0000027fab880000, 0x0000027fb37a0000)

Polling page: 0x0000027f877b0000

Metaspace:

Usage:
  Non-class:      7.98 MB used.
      Class:    902.89 KB used.
       Both:      8.87 MB used.

Virtual space:
  Non-class space:       64.00 MB reserved,       8.06 MB ( 13%) committed,  1 nodes.
      Class space:        1.00 GB reserved,     960.00 KB ( <1%) committed,  1 nodes.
             Both:        1.06 GB reserved,       9.00 MB ( <1%) committed. 

Chunk freelists:
   Non-Class:  6.03 MB
       Class:  15.01 MB
        Both:  21.04 MB

MaxMetaspaceSize: unlimited
CompressedClassSpaceSize: 1.00 GB
Initial GC threshold: 21.00 MB
Current GC threshold: 21.00 MB
CDS: on
MetaspaceReclaimPolicy: balanced
 - commit_granule_bytes: 65536.
 - commit_granule_words: 8192.
 - virtual_space_node_default_size: 8388608.
 - enlarge_chunks_in_place: 1.
 - new_chunks_are_fully_committed: 0.
 - uncommit_free_chunks: 1.
 - use_allocation_guard: 0.
 - handle_deallocations: 1.


Internal statistics:

num_allocs_failed_limit: 0.
num_arena_births: 112.
num_arena_deaths: 0.
num_vsnodes_births: 2.
num_vsnodes_deaths: 0.
num_space_committed: 140.
num_space_uncommitted: 0.
num_chunks_returned_to_freelist: 0.
num_chunks_taken_from_freelist: 378.
num_chunk_merges: 0.
num_chunk_splits: 271.
num_chunks_enlarged: 214.
num_inconsistent_stats: 0.

CodeHeap 'non-profiled nmethods': size=119168Kb used=654Kb max_used=654Kb free=118513Kb
 bounds [0x0000027f98580000, 0x0000027f987f0000, 0x0000027f9f9e0000]
CodeHeap 'profiled nmethods': size=119104Kb used=4273Kb max_used=4273Kb free=114830Kb
 bounds [0x0000027f909e0000, 0x0000027f90e10000, 0x0000027f97e30000]
CodeHeap 'non-nmethods': size=7488Kb used=1687Kb max_used=3391Kb free=5801Kb
 bounds [0x0000027f97e30000, 0x0000027f98190000, 0x0000027f98580000]
 total_blobs=2654 nmethods=1601 adapters=966
 compilation: enabled
              stopped_count=0, restarted_count=0
 full_count=0

Compilation events (20 events):
Event: 3.492 Thread 0x0000027fb3a50850 1592       1       scala.collection.immutable.BitmapIndexedMapNode::cachedJavaKeySetHashCode (5 bytes)
Event: 3.492 Thread 0x0000027fb3a50850 nmethod 1592 0x0000027f98622910 code [0x0000027f98622aa0, 0x0000027f98622b78]
Event: 3.492 Thread 0x0000027fb3a50850 1594       1       scala.collection.immutable.ChampBaseReverseIterator::currentValueCursor_$eq (6 bytes)
Event: 3.492 Thread 0x0000027fb3a50850 nmethod 1594 0x0000027f98622c10 code [0x0000027f98622da0, 0x0000027f98622e78]
Event: 3.492 Thread 0x0000027fb3a50850 1595       3       scala.collection.immutable.ChampBaseReverseIterator::hasNext (19 bytes)
Event: 3.492 Thread 0x0000027fb3a50850 nmethod 1595 0x0000027f90e09b90 code [0x0000027f90e09d40, 0x0000027f90e09fc8]
Event: 3.492 Thread 0x0000027fb3a50850 1597       3       scala.runtime.Statics::releaseFence (7 bytes)
Event: 3.492 Thread 0x0000027fb3a50850 nmethod 1597 0x0000027f90e0a090 code [0x0000027f90e0a280, 0x0000027f90e0a898]
Event: 3.492 Thread 0x0000027fb3a50850 1598       3       java.lang.invoke.LambdaForm$MH/0x0000000801094000::invoke_MT (21 bytes)
Event: 3.492 Thread 0x0000027fb3a50850 nmethod 1598 0x0000027f90e0aa90 code [0x0000027f90e0aca0, 0x0000027f90e0b6f8]
Event: 3.492 Thread 0x0000027fb3a50850 1599       3       java.lang.invoke.Invokers::checkGenericType (6 bytes)
Event: 3.493 Thread 0x0000027fb3a50850 nmethod 1599 0x0000027f90e0b990 code [0x0000027f90e0bb40, 0x0000027f90e0bf68]
Event: 3.493 Thread 0x0000027fb3a50850 1600       3       java.lang.invoke.VarHandle::releaseFence (7 bytes)
Event: 3.493 Thread 0x0000027fb3a50850 nmethod 1600 0x0000027f90e0c110 code [0x0000027f90e0c2a0, 0x0000027f90e0c398]
Event: 3.493 Thread 0x0000027fb3a50850 1596       1       scala.collection.immutable.$colon$colon::head (5 bytes)
Event: 3.493 Thread 0x0000027fb3a50850 nmethod 1596 0x0000027f98622f10 code [0x0000027f986230a0, 0x0000027f98623178]
Event: 3.493 Thread 0x0000027fb3a50850 1601       3       scala.collection.immutable.List::isEmpty (11 bytes)
Event: 3.493 Thread 0x0000027fb3a50850 nmethod 1601 0x0000027f90e0c410 code [0x0000027f90e0c5a0, 0x0000027f90e0c718]
Event: 3.746 Thread 0x0000027fb3a4fea0 1602       4       scala.collection.Iterator$$anon$6::hasNext (94 bytes)
Event: 3.748 Thread 0x0000027fb3a4fea0 nmethod 1602 0x0000027f98623210 code [0x0000027f986233a0, 0x0000027f98623678]

GC Heap History (6 events):
Event: 0.866 GC heap before
{Heap before GC invocations=0 (full 0):
 garbage-first heap   total 524288K, used 20480K [0x0000000603800000, 0x0000000800000000)
  region size 4096K, 6 young (24576K), 0 survivors (0K)
 Metaspace       used 7520K, committed 7744K, reserved 1114112K
  class space    used 853K, committed 960K, reserved 1048576K
}
Event: 0.869 GC heap after
{Heap after GC invocations=1 (full 0):
 garbage-first heap   total 524288K, used 3947K [0x0000000603800000, 0x0000000800000000)
  region size 4096K, 1 young (4096K), 1 survivors (4096K)
 Metaspace       used 7520K, committed 7744K, reserved 1114112K
  class space    used 853K, committed 960K, reserved 1048576K
}
Event: 1.469 GC heap before
{Heap before GC invocations=1 (full 0):
 garbage-first heap   total 524288K, used 28523K [0x0000000603800000, 0x0000000800000000)
  region size 4096K, 7 young (28672K), 1 survivors (4096K)
 Metaspace       used 8674K, committed 8896K, reserved 1114112K
  class space    used 892K, committed 960K, reserved 1048576K
}
Event: 1.472 GC heap after
{Heap after GC invocations=2 (full 0):
 garbage-first heap   total 524288K, used 4346K [0x0000000603800000, 0x0000000800000000)
  region size 4096K, 1 young (4096K), 1 survivors (4096K)
 Metaspace       used 8674K, committed 8896K, reserved 1114112K
  class space    used 892K, committed 960K, reserved 1048576K
}
Event: 2.453 GC heap before
{Heap before GC invocations=2 (full 0):
 garbage-first heap   total 524288K, used 73978K [0x0000000603800000, 0x0000000800000000)
  region size 4096K, 18 young (73728K), 1 survivors (4096K)
 Metaspace       used 9071K, committed 9216K, reserved 1114112K
  class space    used 902K, committed 960K, reserved 1048576K
}
Event: 2.454 GC heap after
{Heap after GC invocations=3 (full 0):
 garbage-first heap   total 524288K, used 4174K [0x0000000603800000, 0x0000000800000000)
  region size 4096K, 1 young (4096K), 1 survivors (4096K)
 Metaspace       used 9071K, committed 9216K, reserved 1114112K
  class space    used 902K, committed 960K, reserved 1048576K
}

Dll operation events (8 events):
Event: 0.010 Loaded shared library C:\Program Files\Microsoft\jdk-17.0.7.7-hotspot\bin\java.dll
Event: 0.026 Loaded shared library C:\Program Files\Microsoft\jdk-17.0.7.7-hotspot\bin\jsvml.dll
Event: 0.126 Loaded shared library C:\Program Files\Microsoft\jdk-17.0.7.7-hotspot\bin\net.dll
Event: 0.128 Loaded shared library C:\Program Files\Microsoft\jdk-17.0.7.7-hotspot\bin\nio.dll
Event: 0.134 Loaded shared library C:\Program Files\Microsoft\jdk-17.0.7.7-hotspot\bin\zip.dll
Event: 0.440 Loaded shared library C:\Program Files\Microsoft\jdk-17.0.7.7-hotspot\bin\jimage.dll
Event: 0.520 Loaded shared library C:\Users\weicl\AppData\Local\Temp\lwjgl_weicl\3.3.2+13\x64\lwjgl.dll
Event: 0.883 Loaded shared library C:\Users\weicl\AppData\Local\Temp\lwjgl_weicl\3.3.2+13\x64\lwjgl_opengl.dll

Deoptimization events (20 events):
Event: 1.214 Thread 0x0000027f876f2240 DEOPT PACKING pc=0x0000027f90c0bda8 sp=0x000000f784afeb50
Event: 1.214 Thread 0x0000027f876f2240 DEOPT UNPACKING pc=0x0000027f97e87143 sp=0x000000f784afe030 mode 0
Event: 1.297 Thread 0x0000027f876f2240 DEOPT PACKING pc=0x0000027f909fc903 sp=0x000000f784afeb10
Event: 1.297 Thread 0x0000027f876f2240 DEOPT UNPACKING pc=0x0000027f97e87143 sp=0x000000f784afdf88 mode 0
Event: 1.348 Thread 0x0000027f876f2240 Uncommon trap: trap_request=0xffffff54 fr.pc=0x0000027f9860a3ec relative=0x000000000000006c
Event: 1.348 Thread 0x0000027f876f2240 Uncommon trap: reason=speculate_null_assert action=make_not_entrant pc=0x0000027f9860a3ec method=sun.misc.Unsafe.putLong(Ljava/lang/Object;JJ)V @ 7 c2
Event: 1.348 Thread 0x0000027f876f2240 DEOPT PACKING pc=0x0000027f9860a3ec sp=0x000000f784afe890
Event: 1.348 Thread 0x0000027f876f2240 DEOPT UNPACKING pc=0x0000027f97e869a3 sp=0x000000f784afe828 mode 2
Event: 1.473 Thread 0x0000027fbb11c320 Uncommon trap: trap_request=0xffffff45 fr.pc=0x0000027f985855ac relative=0x00000000000001ac
Event: 1.473 Thread 0x0000027fbb11c320 Uncommon trap: reason=unstable_if action=reinterpret pc=0x0000027f985855ac method=java.lang.String.isLatin1()Z @ 10 c2
Event: 1.473 Thread 0x0000027fbb11c320 DEOPT PACKING pc=0x0000027f985855ac sp=0x000000f7862f8bf0
Event: 1.473 Thread 0x0000027fbb11c320 DEOPT UNPACKING pc=0x0000027f97e869a3 sp=0x000000f7862f8b28 mode 2
Event: 1.498 Thread 0x0000027f876f2240 DEOPT PACKING pc=0x0000027f90c157ad sp=0x000000f784afeb70
Event: 1.498 Thread 0x0000027f876f2240 DEOPT UNPACKING pc=0x0000027f97e87143 sp=0x000000f784afe178 mode 0
Event: 1.522 Thread 0x0000027f876f2240 DEOPT PACKING pc=0x0000027f90c157ad sp=0x000000f784afeb70
Event: 1.522 Thread 0x0000027f876f2240 DEOPT UNPACKING pc=0x0000027f97e87143 sp=0x000000f784afe178 mode 0
Event: 1.548 Thread 0x0000027f876f2240 DEOPT PACKING pc=0x0000027f90c157ad sp=0x000000f784afeb70
Event: 1.548 Thread 0x0000027f876f2240 DEOPT UNPACKING pc=0x0000027f97e87143 sp=0x000000f784afe178 mode 0
Event: 1.573 Thread 0x0000027f876f2240 DEOPT PACKING pc=0x0000027f90c157ad sp=0x000000f784afeb70
Event: 1.573 Thread 0x0000027f876f2240 DEOPT UNPACKING pc=0x0000027f97e87143 sp=0x000000f784afe178 mode 0

Classes unloaded (0 events):
No events

Classes redefined (0 events):
No events

Internal exceptions (20 events):
Event: 0.455 Thread 0x0000027f876f2240 Exception <a 'java/lang/NoSuchMethodError'{0x0000000622747f58}: 'void java.lang.invoke.DirectMethodHandle$Holder.invokeSpecial(java.lang.Object, java.lang.Object, java.lang.Object, java.lang.Object, java.lang.Object)'> (0x0000000622747f58) 
thrown [s\src\hotspot\share\interpreter\linkResolver.cpp, line 759]
Event: 0.495 Thread 0x0000027f876f2240 Exception <a 'java/lang/NoSuchMethodError'{0x000000062206f258}: 'void java.lang.invoke.DirectMethodHandle$Holder.invokeStatic(java.lang.Object, java.lang.Object)'> (0x000000062206f258) 
thrown [s\src\hotspot\share\interpreter\linkResolver.cpp, line 759]
Event: 0.497 Thread 0x0000027f876f2240 Exception <a 'java/lang/NoSuchMethodError'{0x0000000622082f68}: 'java.lang.Object java.lang.invoke.DirectMethodHandle$Holder.invokeStatic(java.lang.Object, java.lang.Object, int)'> (0x0000000622082f68) 
thrown [s\src\hotspot\share\interpreter\linkResolver.cpp, line 759]
Event: 0.498 Thread 0x0000027f876f2240 Exception <a 'java/lang/NoSuchMethodError'{0x000000062208eee0}: 'void java.lang.invoke.DelegatingMethodHandle$Holder.delegate(java.lang.Object, java.lang.Object, int, java.lang.Object)'> (0x000000062208eee0) 
thrown [s\src\hotspot\share\interpreter\linkResolver.cpp, line 759]
Event: 0.519 Thread 0x0000027f876f2240 Exception <a 'sun/nio/fs/WindowsException'{0x00000006220d7cf8}> (0x00000006220d7cf8) 
thrown [s\src\hotspot\share\prims\jni.cpp, line 516]
Event: 0.519 Thread 0x0000027f876f2240 Exception <a 'sun/nio/fs/WindowsException'{0x00000006220d8248}> (0x00000006220d8248) 
thrown [s\src\hotspot\share\prims\jni.cpp, line 516]
Event: 0.563 Thread 0x0000027f876f2240 Exception <a 'java/lang/NoSuchMethodError'{0x000000062217de50}: 'int java.lang.invoke.DirectMethodHandle$Holder.invokeStaticInit(java.lang.Object, java.lang.Object, int, long)'> (0x000000062217de50) 
thrown [s\src\hotspot\share\interpreter\linkResolver.cpp, line 759]
Event: 0.565 Thread 0x0000027f876f2240 Exception <a 'java/lang/NoSuchMethodError'{0x0000000622183718}: 'java.lang.Object java.lang.invoke.DirectMethodHandle$Holder.newInvokeSpecial(java.lang.Object, java.lang.Object, int)'> (0x0000000622183718) 
thrown [s\src\hotspot\share\interpreter\linkResolver.cpp, line 759]
Event: 0.569 Thread 0x0000027f876f2240 Exception <a 'java/lang/NoSuchMethodError'{0x0000000622192a10}: 'int java.lang.invoke.DirectMethodHandle$Holder.invokeStaticInit(java.lang.Object, java.lang.Object, long, long)'> (0x0000000622192a10) 
thrown [s\src\hotspot\share\interpreter\linkResolver.cpp, line 759]
Event: 0.570 Thread 0x0000027f876f2240 Exception <a 'java/lang/NoSuchMethodError'{0x0000000622198b20}: 'java.lang.Object java.lang.invoke.DirectMethodHandle$Holder.newInvokeSpecial(java.lang.Object, java.lang.Object, long)'> (0x0000000622198b20) 
thrown [s\src\hotspot\share\interpreter\linkResolver.cpp, line 759]
Event: 0.571 Thread 0x0000027f876f2240 Exception <a 'java/lang/NoSuchMethodError'{0x000000062219ce10}: 'java.lang.Object java.lang.invoke.Invokers$Holder.linkToTargetMethod(java.lang.Object, long, java.lang.Object)'> (0x000000062219ce10) 
thrown [s\src\hotspot\share\interpreter\linkResolver.cpp, line 759]
Event: 0.572 Thread 0x0000027f876f2240 Exception <a 'java/lang/NoSuchMethodError'{0x00000006221a4528}: 'int java.lang.invoke.DirectMethodHandle$Holder.invokeStaticInit(java.lang.Object, java.lang.Object, java.lang.Object, long)'> (0x00000006221a4528) 
thrown [s\src\hotspot\share\interpreter\linkResolver.cpp, line 759]
Event: 0.626 Thread 0x0000027f876f2240 Exception <a 'sun/nio/fs/WindowsException'{0x000000062224e748}> (0x000000062224e748) 
thrown [s\src\hotspot\share\prims\jni.cpp, line 516]
Event: 0.626 Thread 0x0000027f876f2240 Exception <a 'sun/nio/fs/WindowsException'{0x000000062224eaa8}> (0x000000062224eaa8) 
thrown [s\src\hotspot\share\prims\jni.cpp, line 516]
Event: 0.860 Thread 0x0000027f876f2240 Exception <a 'java/lang/NoSuchMethodError'{0x00000006223c2e30}: 'java.lang.Object java.lang.invoke.DirectMethodHandle$Holder.invokeSpecial(java.lang.Object, java.lang.Object, java.lang.Object, long, java.lang.Object)'> (0x00000006223c2e30) 
thrown [s\src\hotspot\share\interpreter\linkResolver.cpp, line 759]
Event: 0.860 Thread 0x0000027f876f2240 Exception <a 'java/lang/NoSuchMethodError'{0x00000006223c6758}: 'java.lang.Object java.lang.invoke.Invokers$Holder.linkToTargetMethod(java.lang.Object, long, java.lang.Object, java.lang.Object)'> (0x00000006223c6758) 
thrown [s\src\hotspot\share\interpreter\linkResolver.cpp, line 759]
Event: 0.882 Thread 0x0000027f876f2240 Exception <a 'sun/nio/fs/WindowsException'{0x0000000623457800}> (0x0000000623457800) 
thrown [s\src\hotspot\share\prims\jni.cpp, line 516]
Event: 0.882 Thread 0x0000027f876f2240 Exception <a 'sun/nio/fs/WindowsException'{0x0000000623457ba8}> (0x0000000623457ba8) 
thrown [s\src\hotspot\share\prims\jni.cpp, line 516]
Event: 0.886 Thread 0x0000027f876f2240 Exception <a 'sun/nio/fs/WindowsException'{0x0000000623462130}> (0x0000000623462130) 
thrown [s\src\hotspot\share\prims\jni.cpp, line 516]
Event: 0.886 Thread 0x0000027f876f2240 Exception <a 'sun/nio/fs/WindowsException'{0x0000000623462410}> (0x0000000623462410) 
thrown [s\src\hotspot\share\prims\jni.cpp, line 516]

VM Operations (20 events):
Event: 0.135 Executing VM operation: HandshakeAllThreads
Event: 0.135 Executing VM operation: HandshakeAllThreads done
Event: 0.295 Executing VM operation: HandshakeAllThreads
Event: 0.295 Executing VM operation: HandshakeAllThreads done
Event: 0.373 Executing VM operation: HandshakeAllThreads
Event: 0.373 Executing VM operation: HandshakeAllThreads done
Event: 0.435 Executing VM operation: HandshakeAllThreads
Event: 0.435 Executing VM operation: HandshakeAllThreads done
Event: 0.513 Executing VM operation: HandshakeAllThreads
Event: 0.513 Executing VM operation: HandshakeAllThreads done
Event: 0.853 Executing VM operation: HandshakeAllThreads
Event: 0.853 Executing VM operation: HandshakeAllThreads done
Event: 0.866 Executing VM operation: G1CollectForAllocation
Event: 0.869 Executing VM operation: G1CollectForAllocation done
Event: 1.469 Executing VM operation: G1CollectForAllocation
Event: 1.472 Executing VM operation: G1CollectForAllocation done
Event: 2.453 Executing VM operation: G1CollectForAllocation
Event: 2.454 Executing VM operation: G1CollectForAllocation done
Event: 3.457 Executing VM operation: Cleanup
Event: 3.457 Executing VM operation: Cleanup done

Events (20 events):
Event: 0.627 loading class java/lang/NoSuchFieldError
Event: 0.627 loading class java/lang/NoSuchFieldError done
Event: 0.634 Thread 0x0000027fbbca17d0 Thread added: 0x0000027fbbca17d0
Event: 0.636 loading class jdk/internal/misc/ScopedMemoryAccess$Scope
Event: 0.636 loading class jdk/internal/misc/ScopedMemoryAccess$Scope done
Event: 0.636 loading class jdk/internal/reflect/UnsafeQualifiedStaticIntegerFieldAccessorImpl
Event: 0.636 loading class jdk/internal/reflect/UnsafeQualifiedStaticIntegerFieldAccessorImpl done
Event: 0.851 Thread 0x0000027fbb5e9c60 Thread exited: 0x0000027fbb5e9c60
Event: 0.851 Thread 0x0000027fbb60fbb0 Thread exited: 0x0000027fbb60fbb0
Event: 0.852 loading class java/lang/InheritableThreadLocal
Event: 0.852 loading class java/lang/InheritableThreadLocal done
Event: 1.193 Thread 0x0000027fb6bdeb50 Thread exited: 0x0000027fb6bdeb50
Event: 1.463 loading class java/lang/invoke/MethodHandle$1
Event: 1.463 loading class java/lang/invoke/MethodHandle$1 done
Event: 1.474 Thread 0x0000027fbc606650 Thread added: 0x0000027fbc606650
Event: 1.683 Thread 0x0000027fbc606650 Thread exited: 0x0000027fbc606650
Event: 1.689 Thread 0x0000027fbc606650 Thread added: 0x0000027fbc606650
Event: 3.043 Thread 0x0000027fbc606650 Thread exited: 0x0000027fbc606650
Event: 3.043 Thread 0x0000027fbbca17d0 Thread exited: 0x0000027fbbca17d0
Event: 3.491 Thread 0x0000027fb6962360 Thread exited: 0x0000027fb6962360


Dynamic libraries:
0x00007ff7e65c0000 - 0x00007ff7e65ce000 	C:\Program Files\Microsoft\jdk-17.0.7.7-hotspot\bin\java.exe
0x00007ff9f6370000 - 0x00007ff9f6584000 	C:\WINDOWS\SYSTEM32\ntdll.dll
0x00007ff9f5980000 - 0x00007ff9f5a42000 	C:\WINDOWS\System32\KERNEL32.DLL
0x00007ff9f3a90000 - 0x00007ff9f3e33000 	C:\WINDOWS\System32\KERNELBASE.dll
0x00007ff9f4050000 - 0x00007ff9f4161000 	C:\WINDOWS\System32\ucrtbase.dll
0x00007ff9e63e0000 - 0x00007ff9e63fb000 	C:\Program Files\Microsoft\jdk-17.0.7.7-hotspot\bin\VCRUNTIME140.dll
0x00007ff9e4150000 - 0x00007ff9e4167000 	C:\Program Files\Microsoft\jdk-17.0.7.7-hotspot\bin\jli.dll
0x00007ff9f4900000 - 0x00007ff9f4aab000 	C:\WINDOWS\System32\USER32.dll
0x00007ff9f3a60000 - 0x00007ff9f3a86000 	C:\WINDOWS\System32\win32u.dll
0x00007ff9e45c0000 - 0x00007ff9e484e000 	C:\WINDOWS\WinSxS\amd64_microsoft.windows.common-controls_6595b64144ccf1df_6.0.22621.1635_none_270f70857386168e\COMCTL32.dll
0x00007ff9f6300000 - 0x00007ff9f6329000 	C:\WINDOWS\System32\GDI32.dll
0x00007ff9f3f30000 - 0x00007ff9f4048000 	C:\WINDOWS\System32\gdi32full.dll
0x00007ff9f4ab0000 - 0x00007ff9f4b57000 	C:\WINDOWS\System32\msvcrt.dll
0x00007ff9f39c0000 - 0x00007ff9f3a5a000 	C:\WINDOWS\System32\msvcp_win.dll
0x00007ff9f46a0000 - 0x00007ff9f46d1000 	C:\WINDOWS\System32\IMM32.DLL
0x00007ff9efd80000 - 0x00007ff9efd8c000 	C:\Program Files\Microsoft\jdk-17.0.7.7-hotspot\bin\vcruntime140_1.dll
0x00007ff9db4d0000 - 0x00007ff9db55d000 	C:\Program Files\Microsoft\jdk-17.0.7.7-hotspot\bin\msvcp140.dll
0x00007ff986c10000 - 0x00007ff987873000 	C:\Program Files\Microsoft\jdk-17.0.7.7-hotspot\bin\server\jvm.dll
0x00007ff9f46f0000 - 0x00007ff9f479e000 	C:\WINDOWS\System32\ADVAPI32.dll
0x00007ff9f5820000 - 0x00007ff9f58c4000 	C:\WINDOWS\System32\sechost.dll
0x00007ff9f5ac0000 - 0x00007ff9f5bd7000 	C:\WINDOWS\System32\RPCRT4.dll
0x00007ff9e6990000 - 0x00007ff9e69c4000 	C:\WINDOWS\SYSTEM32\WINMM.dll
0x00007ff9ed100000 - 0x00007ff9ed10a000 	C:\WINDOWS\SYSTEM32\VERSION.dll
0x00007ff9ef210000 - 0x00007ff9ef219000 	C:\WINDOWS\SYSTEM32\WSOCK32.dll
0x00007ff9f57a0000 - 0x00007ff9f5811000 	C:\WINDOWS\System32\WS2_32.dll
0x00007ff9f2840000 - 0x00007ff9f2858000 	C:\WINDOWS\SYSTEM32\kernel.appcore.dll
0x00007ff9e7120000 - 0x00007ff9e712a000 	C:\Program Files\Microsoft\jdk-17.0.7.7-hotspot\bin\jimage.dll
0x00007ff9f1190000 - 0x00007ff9f13be000 	C:\WINDOWS\SYSTEM32\DBGHELP.DLL
0x00007ff9f41d0000 - 0x00007ff9f4559000 	C:\WINDOWS\System32\combase.dll
0x00007ff9f45c0000 - 0x00007ff9f4697000 	C:\WINDOWS\System32\OLEAUT32.dll
0x00007ff9d71c0000 - 0x00007ff9d71f2000 	C:\WINDOWS\SYSTEM32\dbgcore.DLL
0x00007ff9f3e40000 - 0x00007ff9f3ebb000 	C:\WINDOWS\System32\bcryptPrimitives.dll
0x00007ff9e65f0000 - 0x00007ff9e662b000 	C:\Program Files\Microsoft\jdk-17.0.7.7-hotspot\bin\jdwp.dll
0x00007ff9e4120000 - 0x00007ff9e4145000 	C:\Program Files\Microsoft\jdk-17.0.7.7-hotspot\bin\java.dll
0x00007ff9cf6f0000 - 0x00007ff9cf7c7000 	C:\Program Files\Microsoft\jdk-17.0.7.7-hotspot\bin\jsvml.dll
0x00007ff9f4b60000 - 0x00007ff9f535a000 	C:\WINDOWS\System32\SHELL32.dll
0x00007ff9f1750000 - 0x00007ff9f201e000 	C:\WINDOWS\SYSTEM32\windows.storage.dll
0x00007ff9f1610000 - 0x00007ff9f174e000 	C:\WINDOWS\SYSTEM32\wintypes.dll
0x00007ff9f4800000 - 0x00007ff9f48f1000 	C:\WINDOWS\System32\SHCORE.dll
0x00007ff9f4170000 - 0x00007ff9f41ce000 	C:\WINDOWS\System32\shlwapi.dll
0x00007ff9f36c0000 - 0x00007ff9f36e1000 	C:\WINDOWS\SYSTEM32\profapi.dll
0x00007ff9e6ab0000 - 0x00007ff9e6abc000 	C:\Program Files\Microsoft\jdk-17.0.7.7-hotspot\bin\dt_socket.dll
0x00007ff9f22f0000 - 0x00007ff9f231d000 	C:\WINDOWS\SYSTEM32\IPHLPAPI.DLL
0x00007ff9b5540000 - 0x00007ff9b564d000 	C:\WINDOWS\SysWOW64\ierd_tgp_lsp64.dll
0x00007ff9f6160000 - 0x00007ff9f62fc000 	C:\WINDOWS\System32\ole32.dll
0x00007ff9f2cf0000 - 0x00007ff9f2d59000 	C:\WINDOWS\system32\mswsock.dll
0x00007ff9e3e20000 - 0x00007ff9e3e39000 	C:\Program Files\Microsoft\jdk-17.0.7.7-hotspot\bin\net.dll
0x00007ff9ed9b0000 - 0x00007ff9edae7000 	C:\WINDOWS\SYSTEM32\WINHTTP.dll
0x00007ff9e3e00000 - 0x00007ff9e3e16000 	C:\Program Files\Microsoft\jdk-17.0.7.7-hotspot\bin\nio.dll
0x00007ff9db4b0000 - 0x00007ff9db4c8000 	C:\Program Files\Microsoft\jdk-17.0.7.7-hotspot\bin\zip.dll
0x00007ff9b5cf0000 - 0x00007ff9b5d6a000 	C:\Users\weicl\AppData\Local\Temp\lwjgl_weicl\3.3.2+13\x64\lwjgl.dll
0x00007ff9a5510000 - 0x00007ff9a5592000 	C:\Users\weicl\AppData\Local\Temp\lwjgl_weicl\3.3.2+13\x64\glfw.dll
0x00007ff9c0300000 - 0x00007ff9c0346000 	C:\WINDOWS\SYSTEM32\dinput8.dll
0x00007ff9a29a0000 - 0x00007ff9a29b1000 	C:\WINDOWS\SYSTEM32\xinput1_4.dll
0x00007ff9f3450000 - 0x00007ff9f349e000 	C:\WINDOWS\SYSTEM32\cfgmgr32.dll
0x00007ff9f34a0000 - 0x00007ff9f34cc000 	C:\WINDOWS\SYSTEM32\DEVOBJ.dll
0x00007ff9f09d0000 - 0x00007ff9f09fb000 	C:\WINDOWS\SYSTEM32\dwmapi.dll
0x00007ff9cfde0000 - 0x00007ff9cffe1000 	C:\WINDOWS\SYSTEM32\inputhost.dll
0x00007ff9f01a0000 - 0x00007ff9f02d3000 	C:\WINDOWS\SYSTEM32\CoreMessaging.dll
0x00007ff9f06a0000 - 0x00007ff9f074b000 	C:\WINDOWS\system32\uxtheme.dll
0x00007ff9f55e0000 - 0x00007ff9f56fe000 	C:\WINDOWS\System32\MSCTF.dll
0x00007ff9f2ff0000 - 0x00007ff9f2ffc000 	C:\WINDOWS\SYSTEM32\CRYPTBASE.DLL
0x00007ff98b330000 - 0x00007ff98b430000 	C:\WINDOWS\SYSTEM32\opengl32.dll
0x00007ff9e5bf0000 - 0x00007ff9e5c1d000 	C:\WINDOWS\SYSTEM32\GLU32.dll
0x00007ff9f0860000 - 0x00007ff9f0896000 	C:\WINDOWS\SYSTEM32\dxcore.dll
0x00007ff9f58d0000 - 0x00007ff9f5980000 	C:\WINDOWS\System32\clbcatq.dll
0x00007ff958a30000 - 0x00007ff95c687000 	C:\WINDOWS\System32\DriverStore\FileRepository\nv_dispi.inf_amd64_e34a87a86b660c23\nvoglv64.dll
0x00007ff9f5ce0000 - 0x00007ff9f6154000 	C:\WINDOWS\System32\SETUPAPI.dll
0x00007ff9f3140000 - 0x00007ff9f3168000 	C:\WINDOWS\SYSTEM32\bcrypt.dll
0x00007ff9f0610000 - 0x00007ff9f0624000 	C:\WINDOWS\SYSTEM32\WTSAPI32.dll
0x00007ff9f3430000 - 0x00007ff9f3442000 	C:\WINDOWS\SYSTEM32\msasn1.dll
0x00007ff9ea020000 - 0x00007ff9ea052000 	C:\WINDOWS\SYSTEM32\cryptnet.dll
0x00007ff9f3850000 - 0x00007ff9f39b7000 	C:\WINDOWS\System32\CRYPT32.dll
0x00007ff9e9e40000 - 0x00007ff9e9fa1000 	C:\WINDOWS\SYSTEM32\drvstore.dll
0x00007ff9f2f70000 - 0x00007ff9f2fb8000 	C:\WINDOWS\SYSTEM32\wldp.dll
0x00007ff9f3ec0000 - 0x00007ff9f3f2b000 	C:\WINDOWS\System32\WINTRUST.dll
0x00007ff9f28b0000 - 0x00007ff9f28e4000 	C:\WINDOWS\SYSTEM32\ntmarta.dll
0x00007ff99aa60000 - 0x00007ff99ad31000 	C:\WINDOWS\system32\nvspcap64.dll
0x00007ff9f2660000 - 0x00007ff9f26ad000 	C:\WINDOWS\SYSTEM32\powrprof.dll
0x00007ff9f2640000 - 0x00007ff9f2653000 	C:\WINDOWS\SYSTEM32\UMPDC.dll
0x00007ff9f2270000 - 0x00007ff9f22d6000 	C:\WINDOWS\SYSTEM32\WINSTA.dll
0x00007ff9c98a0000 - 0x00007ff9c99cd000 	C:\WINDOWS\SYSTEM32\textinputframework.dll
0x00007ff999eb0000 - 0x00007ff999f0e000 	C:\Users\weicl\AppData\Local\Temp\lwjgl_weicl\3.3.2+13\x64\lwjgl_opengl.dll
0x00007ff9ed150000 - 0x00007ff9ed4bc000 	C:\WINDOWS\SYSTEM32\CoreUIComponents.dll

dbghelp: loaded successfully - version: 4.0.5 - missing functions: none
symbol engine: initialized successfully - sym options: 0x614 - pdb path: .;C:\Program Files\Microsoft\jdk-17.0.7.7-hotspot\bin;C:\WINDOWS\SYSTEM32;C:\WINDOWS\WinSxS\amd64_microsoft.windows.common-controls_6595b64144ccf1df_6.0.22621.1635_none_270f70857386168e;C:\Program Files\Microsoft\jdk-17.0.7.7-hotspot\bin\server;C:\WINDOWS\SysWOW64;C:\Users\weicl\AppData\Local\Temp\lwjgl_weicl\3.3.2+13\x64;C:\WINDOWS\System32\DriverStore\FileRepository\nv_dispi.inf_amd64_e34a87a86b660c23

VM Arguments:
jvm_args: -Duser.dir=C:\Users\weicl\Desktop\kepler\compose -agentlib:jdwp=transport=dt_socket,server=y,suspend=y,quiet=n -Duser.dir=C:\Users\weicl\Desktop\kepler\compose 
java_command: main
java_class_path (initial): C:\Users\weicl\Desktop\kepler\.bloop\compose\bloop-bsp-clients-classes\classes-Metals-1ffyVRsCTduHUqNuoGIxjA==;C:\Users\weicl\AppData\Local\Coursier\Cache\v1\https\repo1.maven.org\maven2\org\scala-lang\scala3-library_3\3.2.2\scala3-library_3-3.2.2.jar;C:\Users\weicl\AppData\Local\Coursier\Cache\v1\https\repo1.maven.org\maven2\org\typelevel\cats-core_3\2.9.0\cats-core_3-2.9.0.jar;C:\Users\weicl\AppData\Local\Coursier\Cache\v1\https\repo1.maven.org\maven2\org\lwjgl\lwjgl\3.3.2\lwjgl-3.3.2.jar;C:\Users\weicl\AppData\Local\Coursier\Cache\v1\https\repo1.maven.org\maven2\org\lwjgl\lwjgl\3.3.2\lwjgl-3.3.2-natives-windows.jar;C:\Users\weicl\AppData\Local\Coursier\Cache\v1\https\repo1.maven.org\maven2\org\lwjgl\lwjgl-assimp\3.3.2\lwjgl-assimp-3.3.2.jar;C:\Users\weicl\AppData\Local\Coursier\Cache\v1\https\repo1.maven.org\maven2\org\lwjgl\lwjgl-assimp\3.3.2\lwjgl-assimp-3.3.2-natives-windows.jar;C:\Users\weicl\AppData\Local\Coursier\Cache\v1\https\repo1.maven.org\maven2\org\lwjgl\lwjgl-glfw\3.3.2\lwjgl-glfw-3.3.2.jar;C:\Users\weicl\AppData\Local\Coursier\Cache\v1\https\repo1.maven.org\maven2\org\lwjgl\lwjgl-glfw\3.3.2\lwjgl-glfw-3.3.2-natives-windows.jar;C:\Users\weicl\AppData\Local\Coursier\Cache\v1\https\repo1.maven.org\maven2\org\lwjgl\lwjgl-openal\3.3.2\lwjgl-openal-3.3.2.jar;C:\Users\weicl\AppData\Local\Coursier\Cache\v1\https\repo1.maven.org\maven2\org\lwjgl\lwjgl-openal\3.3.2\lwjgl-openal-3.3.2-natives-windows.jar;C:\Users\weicl\AppData\Local\Coursier\Cache\v1\https\repo1.maven.org\maven2\org\lwjgl\lwjgl-opengl\3.3.2\lwjgl-opengl-3.3.2.jar;C:\Users\weicl\AppData\Local\Coursier\Cache\v1\https\repo1.maven.org\maven2\org\lwjgl\lwjgl-opengl\3.3.2\lwjgl-opengl-3.3.2-natives-windows.jar;C:\Users\weicl\AppData\Local\Coursier\Cache\v1\https\repo1.maven.org\maven2\org\lwjgl\lwjgl-stb\3.3.2\lwjgl-stb-3.3.2.jar;C:\Users\weicl\AppData\Local\Coursier\Cache\v1\https\repo1.maven.org\maven2\org\lwjgl\lwjgl-stb\3.3.2\lwjgl-stb-3.3.2-natives-windows.jar;C:\Us
Launcher Type: SUN_STANDARD

[Global flags]
     intx CICompilerCount                          = 12                                        {product} {ergonomic}
     uint ConcGCThreads                            = 3                                         {product} {ergonomic}
     uint G1ConcRefinementThreads                  = 13                                        {product} {ergonomic}
   size_t G1HeapRegionSize                         = 4194304                                   {product} {ergonomic}
    uintx GCDrainStackTargetSize                   = 64                                        {product} {ergonomic}
   size_t InitialHeapSize                          = 536870912                                 {product} {ergonomic}
   size_t MarkStackSize                            = 4194304                                   {product} {ergonomic}
   size_t MaxHeapSize                              = 8531214336                                {product} {ergonomic}
   size_t MaxNewSize                               = 5117050880                                {product} {ergonomic}
   size_t MinHeapDeltaBytes                        = 4194304                                   {product} {ergonomic}
   size_t MinHeapSize                              = 8388608                                   {product} {ergonomic}
    uintx NonNMethodCodeHeapSize                   = 7602480                                {pd product} {ergonomic}
    uintx NonProfiledCodeHeapSize                  = 122027880                              {pd product} {ergonomic}
    uintx ProfiledCodeHeapSize                     = 122027880                              {pd product} {ergonomic}
    uintx ReservedCodeCacheSize                    = 251658240                              {pd product} {ergonomic}
     bool SegmentedCodeCache                       = true                                      {product} {ergonomic}
   size_t SoftMaxHeapSize                          = 8531214336                             {manageable} {ergonomic}
     bool UseCompressedClassPointers               = true                           {product lp64_product} {ergonomic}
     bool UseCompressedOops                        = true                           {product lp64_product} {ergonomic}
     bool UseG1GC                                  = true                                      {product} {ergonomic}
     bool UseLargePagesIndividualAllocation        = false                                  {pd product} {ergonomic}

Logging:
Log output configuration:
 #0: stdout all=warning uptime,level,tags
 #1: stderr all=off uptime,level,tags

Environment Variables:
JAVA_HOME=C:\Program Files\Microsoft\jdk-17.0.7.7-hotspot\
PATH=C:\Program Files\Microsoft\jdk-17.0.7.7-hotspot\bin;C:\WINDOWS\system32;C:\WINDOWS;C:\WINDOWS\System32\Wbem;C:\WINDOWS\System32\WindowsPowerShell\v1.0\;C:\WINDOWS\System32\OpenSSH\;C:\Program Files\dotnet\;C:\Program Files\NVIDIA Corporation\NVIDIA NvDLISR;C:\Program Files (x86)\NVIDIA Corporation\PhysX\Common;C:\Program Files\Git\cmd;C:\Program Files (x86)\sbt\bin;C:\Users\weicl\AppData\Local\Microsoft\WindowsApps;C:\Users\weicl\AppData\Local\Microsoft\WinGet\Packages\Kubernetes.kubectl_Microsoft.Winget.Source_8wekyb3d8bbwe;C:\Users\weicl\AppData\Local\Programs\Microsoft VS Code\bin;C:\ProgramData\chectl\chectl\bin;
USERNAME=weicl
OS=Windows_NT
PROCESSOR_IDENTIFIER=Intel64 Family 6 Model 154 Stepping 3, GenuineIntel
TMP=C:\Users\weicl\AppData\Local\Temp
TEMP=C:\Users\weicl\AppData\Local\Temp



---------------  S Y S T E M  ---------------

OS:
 Windows 11 , 64 bit Build 22621 (10.0.22621.1635)
OS uptime: 4 days 21:17 hours
Hyper-V role detected

CPU: total 16 (initial active 16) (8 cores per cpu, 2 threads per core) family 6 model 154 stepping 3 microcode 0x423, cx8, cmov, fxsr, ht, mmx, 3dnowpref, sse, sse2, sse3, ssse3, sse4.1, sse4.2, popcnt, lzcnt, tsc, tscinvbit, avx, avx2, aes, erms, clmul, bmi1, bmi2, adx, sha, fma, vzeroupper, clflush, clflushopt, clwb, hv

Memory: 4k page, system-wide physical 32533M (19290M free)
TotalPageFile size 34874M (AvailPageFile size 16954M)
current process WorkingSet (physical memory assigned to process): 253M, peak: 253M
current process commit charge ("private bytes"): 721M, peak: 723M

vm_info: OpenJDK 64-Bit Server VM (17.0.7+7-LTS) for windows-amd64 JRE (17.0.7+7-LTS), built on Apr 13 2023 20:59:12 by "MicrosoftCorporation" with MS VC++ 16.10 / 16.11 (VS2019)

END.
