#
# A fatal error has been detected by the Java Runtime Environment:
#
#  EXCEPTION_ACCESS_VIOLATION (0xc0000005) at pc=0x00007ff9a55170d0, pid=19996, tid=17336
#
# JRE version: OpenJDK Runtime Environment Microsoft-7626293 (17.0.7+7) (build 17.0.7+7-LTS)
# Java VM: OpenJDK 64-Bit Server VM Microsoft-7626293 (17.0.7+7-LTS, mixed mode, sharing, tiered, compressed oops, compressed class ptrs, g1 gc, windows-amd64)
# Problematic frame:
# C  [glfw.dll+0x70d0]
#
# No core dump will be written. Minidumps are not enabled by default on client versions of Windows
#
# If you would like to submit a bug report, please visit:
#   https://github.com/microsoft/openjdk/issues
# The crash happened outside the Java Virtual Machine in native code.
# See problematic frame for where to report the bug.
#

---------------  S U M M A R Y ------------

Command Line: -Duser.dir=C:\Users\weicl\Desktop\kepler\compose -agentlib:jdwp=transport=dt_socket,server=y,suspend=y,quiet=n -Duser.dir=C:\Users\weicl\Desktop\kepler\compose main

Host: 12th Gen Intel(R) Core(TM) i5-1240P, 16 cores, 31G,  Windows 11 , 64 bit Build 22621 (10.0.22621.1635)
Time: Fri May 19 23:33:42 2023  Windows 11 , 64 bit Build 22621 (10.0.22621.1635) elapsed time: 7.503673 seconds (0d 0h 0m 7s)

---------------  T H R E A D  ---------------

Current thread (0x000001974eee3060):  JavaThread "main" [_thread_in_native, id=17336, stack(0x0000000822a00000,0x0000000822b00000)]

Stack: [0x0000000822a00000,0x0000000822b00000],  sp=0x0000000822afed80,  free space=1019k
Native frames: (J=compiled Java code, j=interpreted, Vv=VM code, C=native code)
C  [glfw.dll+0x70d0]

Java frames: (J=compiled Java code, j=interpreted, Vv=VM code)
J 1301  org.lwjgl.system.JNI.invokePV(JJ)V (0 bytes) @ 0x000001975e5feaec [0x000001975e5feaa0+0x000000000000004c]
j  org.lwjgl.glfw.GLFW.glfwDestroyWindow(J)V+6
J 1351 c1 com.github.yjgbg.compose.OpenGLRuntime$.apply$$anonfun$4(Lscala/Tuple2;)V (60 bytes) @ 0x0000019756c6af7c [0x0000019756c6ac20+0x000000000000035c]
J 1350 c1 com.github.yjgbg.compose.OpenGLRuntime$$$Lambda$109+0x00000197010f1718.applyVoid(Ljava/lang/Object;)V (12 bytes) @ 0x0000019756c69a3c [0x0000019756c698c0+0x000000000000017c]
J 1271 c1 scala.runtime.function.JProcedure1.apply(Ljava/lang/Object;)Lscala/runtime/BoxedUnit; (11 bytes) @ 0x0000019756c1c954 [0x0000019756c1c840+0x0000000000000114]
J 1270 c1 scala.runtime.function.JProcedure1.apply(Ljava/lang/Object;)Ljava/lang/Object; (8 bytes) @ 0x0000019756c1c4d4 [0x0000019756c1c3c0+0x0000000000000114]
J 1340 c1 scala.collection.IterableOnceOps.foreach(Lscala/Function1;)V (36 bytes) @ 0x0000019756c63e1c [0x0000019756c63a80+0x000000000000039c]
J 1338 c1 scala.collection.AbstractIterable.foreach(Lscala/Function1;)V (6 bytes) @ 0x0000019756c65a84 [0x0000019756c659c0+0x00000000000000c4]
J 1334 c1 scala.collection.IterableOps$WithFilter.foreach(Lscala/Function1;)V (11 bytes) @ 0x0000019756c6367c [0x0000019756c634c0+0x00000000000001bc]
j  com.github.yjgbg.compose.OpenGLRuntime$.apply(Lcom/github/yjgbg/compose/Rx;)V+203
j  com.github.yjgbg.compose.OpenGLRuntime$.apply(Ljava/lang/Object;)Ljava/lang/Object;+5
j  com.github.yjgbg.compose.Document$Runtime.Application(Lscala/Function1;Lscala/Function1;)V+21
j  com.github.yjgbg.compose.Document$Runtime.Application$(Lcom/github/yjgbg/compose/Document$Runtime;Lscala/Function1;Lscala/Function1;)V+3
j  com.github.yjgbg.compose.OpenGLRuntime$.Application(Lscala/Function1;Lscala/Function1;)V+3
j  App$package$.main()V+18
j  main.main([Ljava/lang/String;)V+3
v  ~StubRoutines::call_stub

siginfo: EXCEPTION_ACCESS_VIOLATION (0xc0000005), reading address 0x0000000000000000


Register to memory mapping:

RIP=0x00007ff9a55170d0 glfw.dll
RAX=0x00007ff9a55248f0 glfw.dll
RBX=0x000001977c6a3100 points into unknown readable memory: 0x0000000000000000 | 00 00 00 00 00 00 00 00
RCX=0x0 is NULL
RDX=0x00007ff9a5587de8 glfw.dll
RSP=0x0000000822afed80 is pointing into the stack for thread: 0x000001974eee3060
RBP=0x0000000822afee10 is pointing into the stack for thread: 0x000001974eee3060
RSI=0x0000000000000198 is an unknown value
RDI=0x0000000000000002 is an unknown value
R8 =0x000001977c6a3100 points into unknown readable memory: 0x0000000000000000 | 00 00 00 00 00 00 00 00
R9 =0x00007ff9a5517020 glfw.dll
R10=0x00007ff9b5cf1380 lwjgl.dll
R11=0x000001975e5feac0 is at entry_point+32 in (nmethod*)0x000001975e5fe910
R12=0x0 is NULL
R13=0x0000000822afee30 is pointing into the stack for thread: 0x000001974eee3060
R14=0x0000000822afee00 is pointing into the stack for thread: 0x000001974eee3060
R15=0x000001974eee3060 is a thread


Registers:
RAX=0x00007ff9a55248f0, RBX=0x000001977c6a3100, RCX=0x0000000000000000, RDX=0x00007ff9a5587de8
RSP=0x0000000822afed80, RBP=0x0000000822afee10, RSI=0x0000000000000198, RDI=0x0000000000000002
R8 =0x000001977c6a3100, R9 =0x00007ff9a5517020, R10=0x00007ff9b5cf1380, R11=0x000001975e5feac0
R12=0x0000000000000000, R13=0x0000000822afee30, R14=0x0000000822afee00, R15=0x000001974eee3060
RIP=0x00007ff9a55170d0, EFLAGS=0x0000000000010287

Top of Stack: (sp=0x0000000822afed80)
0x0000000822afed80:   0000019741839d18 0000000000000198
0x0000000822afed90:   00007ff9b5d0c0f9 0000000000000000
0x0000000822afeda0:   0000019741839d18 000001975e5feb8c
0x0000000822afedb0:   0000000822afeec0 0000000000000000
0x0000000822afedc0:   0000000000001fec 0000000000001fec
0x0000000822afedd0:   0000000000000001 000001975e60870c
0x0000000822afede0:   0000000000320826 00000000000002a2
0x0000000822afedf0:   0000000000000000 0000000000000000
0x0000000822afee00:   000000060389f458 0000000000000001
0x0000000822afee10:   0000000822afee98 000001975de29efa
0x0000000822afee20:   000001570000005b 000001975de29efa
0x0000000822afee30:   00007ff9a5517020 0000000000000000
0x0000000822afee40:   000001977c6a3100 0000000000000000
0x0000000822afee50:   0000000822afee50 000001974180fb8e
0x0000000822afee60:   0000000822afeec0 000001974181ac20
0x0000000822afee70:   0000019741964648 00000006039bdb48 

Instructions: (pc=0x00007ff9a55170d0)
0x00007ff9a5516fd0:   0f 7f 05 29 09 07 00 48 89 05 62 09 07 00 c7 05
0x00007ff9a5516fe0:   28 09 07 00 18 00 00 00 c7 05 22 09 07 00 08 00
0x00007ff9a5516ff0:   00 00 c7 05 3c 09 07 00 01 00 00 00 c7 05 ca 0d
0x00007ff9a5517000:   07 00 ff ff ff ff c7 05 7c 09 07 00 01 00 00 00
0x00007ff9a5517010:   48 83 c4 28 c3 cc cc cc cc cc cc cc cc cc cc cc
0x00007ff9a5517020:   40 53 48 83 ec 20 83 3d 43 06 07 00 00 48 8b d9
0x00007ff9a5517030:   75 11 33 d2 b9 01 00 01 00 48 83 c4 20 5b e9 5d
0x00007ff9a5517040:   ae ff ff 48 85 db 0f 84 a5 00 00 00 0f 57 c0 33
0x00007ff9a5517050:   c0 0f 11 81 d0 02 00 00 0f 11 81 e0 02 00 00 0f
0x00007ff9a5517060:   11 81 f0 02 00 00 0f 11 81 00 03 00 00 0f 11 81
0x00007ff9a5517070:   10 03 00 00 0f 11 81 20 03 00 00 0f 11 81 30 03
0x00007ff9a5517080:   00 00 0f 11 81 40 03 00 00 48 89 81 50 03 00 00
0x00007ff9a5517090:   48 8d 0d 7d 1f 07 00 e8 d4 42 00 00 48 3b d8 75
0x00007ff9a55170a0:   07 33 c9 e8 48 ac ff ff 48 8b cb ff 15 d7 06 07
0x00007ff9a55170b0:   00 48 8b 0d 30 0d 07 00 48 8d 15 29 0d 07 00 48
0x00007ff9a55170c0:   3b cb 74 1a 0f 1f 40 00 0f 1f 84 00 00 00 00 00
0x00007ff9a55170d0:   48 8b 01 48 8b d1 48 8b c8 48 3b c3 75 f2 48 8b
0x00007ff9a55170e0:   03 48 8b cb 48 89 02 48 83 c4 20 5b e9 cf b2 ff
0x00007ff9a55170f0:   ff 48 83 c4 20 5b c3 cc cc cc cc cc cc cc cc cc
0x00007ff9a5517100:   83 3d 69 05 07 00 00 75 0c 33 d2 b9 01 00 01 00
0x00007ff9a5517110:   e9 8b ad ff ff 48 ff 25 fc 06 07 00 cc cc cc cc
0x00007ff9a5517120:   33 c0 48 85 d2 74 02 89 02 4d 85 c0 74 03 41 89
0x00007ff9a5517130:   00 39 05 39 05 07 00 75 0c 33 d2 b9 01 00 01 00
0x00007ff9a5517140:   e9 5b ad ff ff 48 ff 25 84 06 07 00 cc cc cc cc
0x00007ff9a5517150:   48 83 ec 28 83 3d 15 05 07 00 00 75 13 33 d2 b9
0x00007ff9a5517160:   01 00 01 00 e8 37 ad ff ff 33 c0 48 83 c4 28 c3
0x00007ff9a5517170:   81 fa 10 10 02 00 0f 8f a5 00 00 00 0f 84 97 00
0x00007ff9a5517180:   00 00 8d 82 ff ff fd ff 83 f8 0c 0f 87 2e 01 00
0x00007ff9a5517190:   00 48 98 4c 8d 05 66 8e ff ff 41 8b 84 80 dc 72
0x00007ff9a55171a0:   00 00 49 03 c0 ff e0 48 83 c4 28 48 ff 25 76 06
0x00007ff9a55171b0:   07 00 48 83 c4 28 48 ff 25 73 06 07 00 48 83 c4
0x00007ff9a55171c0:   28 48 ff 25 70 06 07 00 48 83 c4 28 48 ff 25 6d 


Stack slot to memory mapping:
stack at sp + 0 slots: {method} {0x0000019741839d20} 'invokePV' '(JJ)V' in 'org/lwjgl/system/JNI'
stack at sp + 1 slots: 0x0000000000000198 is an unknown value
stack at sp + 2 slots: 0x00007ff9b5d0c0f9 lwjgl.dll
stack at sp + 3 slots: 0x0 is NULL
stack at sp + 4 slots: {method} {0x0000019741839d20} 'invokePV' '(JJ)V' in 'org/lwjgl/system/JNI'
stack at sp + 5 slots: 0x000001975e5feb8c is at entry_point+236 in (nmethod*)0x000001975e5fe910
stack at sp + 6 slots: 0x0000000822afeec0 is pointing into the stack for thread: 0x000001974eee3060
stack at sp + 7 slots: 0x0 is NULL


---------------  P R O C E S S  ---------------

Threads class SMR info:
_java_thread_list=0x000001977d6ff160, length=16, elements={
0x000001974eee3060, 0x000001977922f3e0, 0x000001977922ff90, 0x0000019779254640,
0x0000019779247d10, 0x000001977924a6d0, 0x000001977924c090, 0x000001977924d380,
0x000001977924dd70, 0x000001977924e760, 0x000001977c22e580, 0x000001977c2348e0,
0x000001977c2373a0, 0x000001977c23d120, 0x000001977c2425d0, 0x000001977c6965c0
}

Java Threads: ( => current thread )
=>0x000001974eee3060 JavaThread "main" [_thread_in_native, id=17336, stack(0x0000000822a00000,0x0000000822b00000)]
  0x000001977922f3e0 JavaThread "Reference Handler" daemon [_thread_blocked, id=22400, stack(0x0000000823100000,0x0000000823200000)]
  0x000001977922ff90 JavaThread "Finalizer" daemon [_thread_blocked, id=20044, stack(0x0000000823200000,0x0000000823300000)]
  0x0000019779254640 JavaThread "Signal Dispatcher" daemon [_thread_blocked, id=16820, stack(0x0000000823300000,0x0000000823400000)]
  0x0000019779247d10 JavaThread "Attach Listener" daemon [_thread_blocked, id=22668, stack(0x0000000823400000,0x0000000823500000)]
  0x000001977924a6d0 JavaThread "Service Thread" daemon [_thread_blocked, id=6872, stack(0x0000000823500000,0x0000000823600000)]
  0x000001977924c090 JavaThread "Monitor Deflation Thread" daemon [_thread_blocked, id=9264, stack(0x0000000823600000,0x0000000823700000)]
  0x000001977924d380 JavaThread "C2 CompilerThread0" daemon [_thread_blocked, id=9460, stack(0x0000000823700000,0x0000000823800000)]
  0x000001977924dd70 JavaThread "C1 CompilerThread0" daemon [_thread_blocked, id=18100, stack(0x0000000823800000,0x0000000823900000)]
  0x000001977924e760 JavaThread "Sweeper thread" daemon [_thread_blocked, id=13388, stack(0x0000000823900000,0x0000000823a00000)]
  0x000001977c22e580 JavaThread "JDWP Transport Listener: dt_socket" daemon [_thread_blocked, id=8000, stack(0x0000000823b00000,0x0000000823c00000)]
  0x000001977c2348e0 JavaThread "JDWP Event Helper Thread" daemon [_thread_blocked, id=21864, stack(0x0000000823c00000,0x0000000823d00000)]
  0x000001977c2373a0 JavaThread "JDWP Command Reader" daemon [_thread_in_native, id=18600, stack(0x0000000823d00000,0x0000000823e00000)]
  0x000001977c23d120 JavaThread "Notification Thread" daemon [_thread_blocked, id=15032, stack(0x0000000823e00000,0x0000000823f00000)]
  0x000001977c2425d0 JavaThread "Common-Cleaner" daemon [_thread_blocked, id=1484, stack(0x0000000824000000,0x0000000824100000)]
  0x000001977c6965c0 JavaThread "Thread-0" [_thread_blocked, id=21656, stack(0x0000000824200000,0x0000000824300000)]

Other Threads:
  0x000001977922a940 VMThread "VM Thread" [stack: 0x0000000823000000,0x0000000823100000] [id=22016]
  0x000001977c23e600 WatcherThread [stack: 0x0000000823f00000,0x0000000824000000] [id=9916]
  0x000001974ef90f10 GCTaskThread "GC Thread#0" [stack: 0x0000000822b00000,0x0000000822c00000] [id=18680]
  0x000001977cb93880 GCTaskThread "GC Thread#1" [stack: 0x0000000824100000,0x0000000824200000] [id=6276]
  0x000001977cb92b10 GCTaskThread "GC Thread#2" [stack: 0x0000000824a00000,0x0000000824b00000] [id=5436]
  0x000001977cb925b0 GCTaskThread "GC Thread#3" [stack: 0x0000000824b00000,0x0000000824c00000] [id=23472]
  0x000001977cb92dc0 GCTaskThread "GC Thread#4" [stack: 0x0000000824c00000,0x0000000824d00000] [id=19316]
  0x000001977cb92300 GCTaskThread "GC Thread#5" [stack: 0x0000000824d00000,0x0000000824e00000] [id=23148]
  0x000001977cb92860 GCTaskThread "GC Thread#6" [stack: 0x0000000824e00000,0x0000000824f00000] [id=9160]
  0x000001977cb93320 GCTaskThread "GC Thread#7" [stack: 0x0000000824f00000,0x0000000825000000] [id=416]
  0x000001977cb935d0 GCTaskThread "GC Thread#8" [stack: 0x0000000825000000,0x0000000825100000] [id=2104]
  0x000001977cb93b30 GCTaskThread "GC Thread#9" [stack: 0x0000000825100000,0x0000000825200000] [id=11692]
  0x000001977cb93de0 GCTaskThread "GC Thread#10" [stack: 0x0000000825200000,0x0000000825300000] [id=3660]
  0x000001977d6d4e30 GCTaskThread "GC Thread#11" [stack: 0x0000000825300000,0x0000000825400000] [id=15232]
  0x000001977d6d58f0 GCTaskThread "GC Thread#12" [stack: 0x0000000825500000,0x0000000825600000] [id=17164]
  0x0000019779074020 ConcurrentGCThread "G1 Main Marker" [stack: 0x0000000822c00000,0x0000000822d00000] [id=7892]
  0x0000019779074b90 ConcurrentGCThread "G1 Conc#0" [stack: 0x0000000822d00000,0x0000000822e00000] [id=3136]
  0x00000197791601f0 ConcurrentGCThread "G1 Refine#0" [stack: 0x0000000822e00000,0x0000000822f00000] [id=8856]
  0x0000019779160c10 ConcurrentGCThread "G1 Service" [stack: 0x0000000822f00000,0x0000000823000000] [id=5720]

Threads with active compile tasks:

VM state: not at safepoint (normal execution)

VM Mutex/Monitor currently owned by a thread: None

Heap address: 0x0000000603800000, size: 8136 MB, Compressed Oops mode: Zero based, Oop shift amount: 3

CDS archive(s) mapped at: [0x0000019700000000-0x0000019700bc0000-0x0000019700bc0000), size 12320768, SharedBaseAddress: 0x0000019700000000, ArchiveRelocationMode: 0.
Compressed class space mapped at: 0x0000019701000000-0x0000019741000000, reserved size: 1073741824
Narrow klass base: 0x0000019700000000, Narrow klass shift: 0, Narrow klass range: 0x100000000

GC Precious Log:
 CPUs: 16 total, 16 available
 Memory: 32533M
 Large Page Support: Disabled
 NUMA Support: Disabled
 Compressed Oops: Enabled (Zero based)
 Heap Region Size: 4M
 Heap Min Capacity: 8M
 Heap Initial Capacity: 512M
 Heap Max Capacity: 8136M
 Pre-touch: Disabled
 Parallel Workers: 13
 Concurrent Workers: 3
 Concurrent Refinement Workers: 13
 Periodic GC: Disabled

Heap:
 garbage-first heap   total 524288K, used 12537K [0x0000000603800000, 0x0000000800000000)
  region size 4096K, 4 young (16384K), 1 survivors (4096K)
 Metaspace       used 9035K, committed 9216K, reserved 1114112K
  class space    used 892K, committed 960K, reserved 1048576K

Heap Regions: E=young(eden), S=young(survivor), O=old, HS=humongous(starts), HC=humongous(continues), CS=collection set, F=free, OA=open archive, CA=closed archive, TAMS=top-at-mark-start (previous, next)
|   0|0x0000000603800000, 0x0000000603bace00, 0x0000000603c00000| 91%| O|  |TAMS 0x0000000603800000, 0x0000000603800000| Untracked 
|   1|0x0000000603c00000, 0x0000000603c00000, 0x0000000604000000|  0%| F|  |TAMS 0x0000000603c00000, 0x0000000603c00000| Untracked 
|   2|0x0000000604000000, 0x0000000604000000, 0x0000000604400000|  0%| F|  |TAMS 0x0000000604000000, 0x0000000604000000| Untracked 
|   3|0x0000000604400000, 0x0000000604400000, 0x0000000604800000|  0%| F|  |TAMS 0x0000000604400000, 0x0000000604400000| Untracked 
|   4|0x0000000604800000, 0x0000000604800000, 0x0000000604c00000|  0%| F|  |TAMS 0x0000000604800000, 0x0000000604800000| Untracked 
|   5|0x0000000604c00000, 0x0000000604c00000, 0x0000000605000000|  0%| F|  |TAMS 0x0000000604c00000, 0x0000000604c00000| Untracked 
|   6|0x0000000605000000, 0x0000000605000000, 0x0000000605400000|  0%| F|  |TAMS 0x0000000605000000, 0x0000000605000000| Untracked 
|   7|0x0000000605400000, 0x0000000605400000, 0x0000000605800000|  0%| F|  |TAMS 0x0000000605400000, 0x0000000605400000| Untracked 
|   8|0x0000000605800000, 0x0000000605800000, 0x0000000605c00000|  0%| F|  |TAMS 0x0000000605800000, 0x0000000605800000| Untracked 
|   9|0x0000000605c00000, 0x0000000605c00000, 0x0000000606000000|  0%| F|  |TAMS 0x0000000605c00000, 0x0000000605c00000| Untracked 
|  10|0x0000000606000000, 0x0000000606000000, 0x0000000606400000|  0%| F|  |TAMS 0x0000000606000000, 0x0000000606000000| Untracked 
|  11|0x0000000606400000, 0x0000000606400000, 0x0000000606800000|  0%| F|  |TAMS 0x0000000606400000, 0x0000000606400000| Untracked 
|  12|0x0000000606800000, 0x0000000606800000, 0x0000000606c00000|  0%| F|  |TAMS 0x0000000606800000, 0x0000000606800000| Untracked 
|  13|0x0000000606c00000, 0x0000000606c00000, 0x0000000607000000|  0%| F|  |TAMS 0x0000000606c00000, 0x0000000606c00000| Untracked 
|  14|0x0000000607000000, 0x0000000607000000, 0x0000000607400000|  0%| F|  |TAMS 0x0000000607000000, 0x0000000607000000| Untracked 
|  15|0x0000000607400000, 0x0000000607400000, 0x0000000607800000|  0%| F|  |TAMS 0x0000000607400000, 0x0000000607400000| Untracked 
|  16|0x0000000607800000, 0x0000000607800000, 0x0000000607c00000|  0%| F|  |TAMS 0x0000000607800000, 0x0000000607800000| Untracked 
|  17|0x0000000607c00000, 0x0000000607c00000, 0x0000000608000000|  0%| F|  |TAMS 0x0000000607c00000, 0x0000000607c00000| Untracked 
|  18|0x0000000608000000, 0x0000000608000000, 0x0000000608400000|  0%| F|  |TAMS 0x0000000608000000, 0x0000000608000000| Untracked 
|  19|0x0000000608400000, 0x0000000608400000, 0x0000000608800000|  0%| F|  |TAMS 0x0000000608400000, 0x0000000608400000| Untracked 
|  20|0x0000000608800000, 0x0000000608800000, 0x0000000608c00000|  0%| F|  |TAMS 0x0000000608800000, 0x0000000608800000| Untracked 
|  21|0x0000000608c00000, 0x0000000608c00000, 0x0000000609000000|  0%| F|  |TAMS 0x0000000608c00000, 0x0000000608c00000| Untracked 
|  22|0x0000000609000000, 0x0000000609000000, 0x0000000609400000|  0%| F|  |TAMS 0x0000000609000000, 0x0000000609000000| Untracked 
|  23|0x0000000609400000, 0x0000000609400000, 0x0000000609800000|  0%| F|  |TAMS 0x0000000609400000, 0x0000000609400000| Untracked 
|  24|0x0000000609800000, 0x0000000609800000, 0x0000000609c00000|  0%| F|  |TAMS 0x0000000609800000, 0x0000000609800000| Untracked 
|  25|0x0000000609c00000, 0x0000000609c00000, 0x000000060a000000|  0%| F|  |TAMS 0x0000000609c00000, 0x0000000609c00000| Untracked 
|  26|0x000000060a000000, 0x000000060a000000, 0x000000060a400000|  0%| F|  |TAMS 0x000000060a000000, 0x000000060a000000| Untracked 
|  27|0x000000060a400000, 0x000000060a400000, 0x000000060a800000|  0%| F|  |TAMS 0x000000060a400000, 0x000000060a400000| Untracked 
|  28|0x000000060a800000, 0x000000060a800000, 0x000000060ac00000|  0%| F|  |TAMS 0x000000060a800000, 0x000000060a800000| Untracked 
|  29|0x000000060ac00000, 0x000000060ac00000, 0x000000060b000000|  0%| F|  |TAMS 0x000000060ac00000, 0x000000060ac00000| Untracked 
|  30|0x000000060b000000, 0x000000060b000000, 0x000000060b400000|  0%| F|  |TAMS 0x000000060b000000, 0x000000060b000000| Untracked 
|  31|0x000000060b400000, 0x000000060b400000, 0x000000060b800000|  0%| F|  |TAMS 0x000000060b400000, 0x000000060b400000| Untracked 
|  32|0x000000060b800000, 0x000000060b800000, 0x000000060bc00000|  0%| F|  |TAMS 0x000000060b800000, 0x000000060b800000| Untracked 
|  33|0x000000060bc00000, 0x000000060bc00000, 0x000000060c000000|  0%| F|  |TAMS 0x000000060bc00000, 0x000000060bc00000| Untracked 
|  34|0x000000060c000000, 0x000000060c000000, 0x000000060c400000|  0%| F|  |TAMS 0x000000060c000000, 0x000000060c000000| Untracked 
|  35|0x000000060c400000, 0x000000060c400000, 0x000000060c800000|  0%| F|  |TAMS 0x000000060c400000, 0x000000060c400000| Untracked 
|  36|0x000000060c800000, 0x000000060c800000, 0x000000060cc00000|  0%| F|  |TAMS 0x000000060c800000, 0x000000060c800000| Untracked 
|  37|0x000000060cc00000, 0x000000060cc00000, 0x000000060d000000|  0%| F|  |TAMS 0x000000060cc00000, 0x000000060cc00000| Untracked 
|  38|0x000000060d000000, 0x000000060d000000, 0x000000060d400000|  0%| F|  |TAMS 0x000000060d000000, 0x000000060d000000| Untracked 
|  39|0x000000060d400000, 0x000000060d400000, 0x000000060d800000|  0%| F|  |TAMS 0x000000060d400000, 0x000000060d400000| Untracked 
|  40|0x000000060d800000, 0x000000060d800000, 0x000000060dc00000|  0%| F|  |TAMS 0x000000060d800000, 0x000000060d800000| Untracked 
|  41|0x000000060dc00000, 0x000000060dc00000, 0x000000060e000000|  0%| F|  |TAMS 0x000000060dc00000, 0x000000060dc00000| Untracked 
|  42|0x000000060e000000, 0x000000060e000000, 0x000000060e400000|  0%| F|  |TAMS 0x000000060e000000, 0x000000060e000000| Untracked 
|  43|0x000000060e400000, 0x000000060e400000, 0x000000060e800000|  0%| F|  |TAMS 0x000000060e400000, 0x000000060e400000| Untracked 
|  44|0x000000060e800000, 0x000000060e800000, 0x000000060ec00000|  0%| F|  |TAMS 0x000000060e800000, 0x000000060e800000| Untracked 
|  45|0x000000060ec00000, 0x000000060ec00000, 0x000000060f000000|  0%| F|  |TAMS 0x000000060ec00000, 0x000000060ec00000| Untracked 
|  46|0x000000060f000000, 0x000000060f000000, 0x000000060f400000|  0%| F|  |TAMS 0x000000060f000000, 0x000000060f000000| Untracked 
|  47|0x000000060f400000, 0x000000060f400000, 0x000000060f800000|  0%| F|  |TAMS 0x000000060f400000, 0x000000060f400000| Untracked 
|  48|0x000000060f800000, 0x000000060f800000, 0x000000060fc00000|  0%| F|  |TAMS 0x000000060f800000, 0x000000060f800000| Untracked 
|  49|0x000000060fc00000, 0x000000060fc00000, 0x0000000610000000|  0%| F|  |TAMS 0x000000060fc00000, 0x000000060fc00000| Untracked 
|  50|0x0000000610000000, 0x0000000610000000, 0x0000000610400000|  0%| F|  |TAMS 0x0000000610000000, 0x0000000610000000| Untracked 
|  51|0x0000000610400000, 0x00000006104918e0, 0x0000000610800000| 14%| S|CS|TAMS 0x0000000610400000, 0x0000000610400000| Complete 
|  52|0x0000000610800000, 0x0000000610800000, 0x0000000610c00000|  0%| F|  |TAMS 0x0000000610800000, 0x0000000610800000| Untracked 
|  53|0x0000000610c00000, 0x0000000610c00000, 0x0000000611000000|  0%| F|  |TAMS 0x0000000610c00000, 0x0000000610c00000| Untracked 
|  54|0x0000000611000000, 0x0000000611000000, 0x0000000611400000|  0%| F|  |TAMS 0x0000000611000000, 0x0000000611000000| Untracked 
|  55|0x0000000611400000, 0x0000000611400000, 0x0000000611800000|  0%| F|  |TAMS 0x0000000611400000, 0x0000000611400000| Untracked 
|  56|0x0000000611800000, 0x0000000611800000, 0x0000000611c00000|  0%| F|  |TAMS 0x0000000611800000, 0x0000000611800000| Untracked 
|  57|0x0000000611c00000, 0x0000000611c00000, 0x0000000612000000|  0%| F|  |TAMS 0x0000000611c00000, 0x0000000611c00000| Untracked 
|  58|0x0000000612000000, 0x0000000612000000, 0x0000000612400000|  0%| F|  |TAMS 0x0000000612000000, 0x0000000612000000| Untracked 
|  59|0x0000000612400000, 0x0000000612400000, 0x0000000612800000|  0%| F|  |TAMS 0x0000000612400000, 0x0000000612400000| Untracked 
|  60|0x0000000612800000, 0x0000000612800000, 0x0000000612c00000|  0%| F|  |TAMS 0x0000000612800000, 0x0000000612800000| Untracked 
|  61|0x0000000612c00000, 0x0000000612c00000, 0x0000000613000000|  0%| F|  |TAMS 0x0000000612c00000, 0x0000000612c00000| Untracked 
|  62|0x0000000613000000, 0x0000000613000000, 0x0000000613400000|  0%| F|  |TAMS 0x0000000613000000, 0x0000000613000000| Untracked 
|  63|0x0000000613400000, 0x0000000613400000, 0x0000000613800000|  0%| F|  |TAMS 0x0000000613400000, 0x0000000613400000| Untracked 
|  64|0x0000000613800000, 0x0000000613800000, 0x0000000613c00000|  0%| F|  |TAMS 0x0000000613800000, 0x0000000613800000| Untracked 
|  65|0x0000000613c00000, 0x0000000613c00000, 0x0000000614000000|  0%| F|  |TAMS 0x0000000613c00000, 0x0000000613c00000| Untracked 
|  66|0x0000000614000000, 0x0000000614000000, 0x0000000614400000|  0%| F|  |TAMS 0x0000000614000000, 0x0000000614000000| Untracked 
|  67|0x0000000614400000, 0x0000000614400000, 0x0000000614800000|  0%| F|  |TAMS 0x0000000614400000, 0x0000000614400000| Untracked 
|  68|0x0000000614800000, 0x0000000614800000, 0x0000000614c00000|  0%| F|  |TAMS 0x0000000614800000, 0x0000000614800000| Untracked 
|  69|0x0000000614c00000, 0x0000000614c00000, 0x0000000615000000|  0%| F|  |TAMS 0x0000000614c00000, 0x0000000614c00000| Untracked 
|  70|0x0000000615000000, 0x0000000615000000, 0x0000000615400000|  0%| F|  |TAMS 0x0000000615000000, 0x0000000615000000| Untracked 
|  71|0x0000000615400000, 0x0000000615400000, 0x0000000615800000|  0%| F|  |TAMS 0x0000000615400000, 0x0000000615400000| Untracked 
|  72|0x0000000615800000, 0x0000000615800000, 0x0000000615c00000|  0%| F|  |TAMS 0x0000000615800000, 0x0000000615800000| Untracked 
|  73|0x0000000615c00000, 0x0000000615c00000, 0x0000000616000000|  0%| F|  |TAMS 0x0000000615c00000, 0x0000000615c00000| Untracked 
|  74|0x0000000616000000, 0x0000000616000000, 0x0000000616400000|  0%| F|  |TAMS 0x0000000616000000, 0x0000000616000000| Untracked 
|  75|0x0000000616400000, 0x0000000616400000, 0x0000000616800000|  0%| F|  |TAMS 0x0000000616400000, 0x0000000616400000| Untracked 
|  76|0x0000000616800000, 0x0000000616800000, 0x0000000616c00000|  0%| F|  |TAMS 0x0000000616800000, 0x0000000616800000| Untracked 
|  77|0x0000000616c00000, 0x0000000616c00000, 0x0000000617000000|  0%| F|  |TAMS 0x0000000616c00000, 0x0000000616c00000| Untracked 
|  78|0x0000000617000000, 0x0000000617000000, 0x0000000617400000|  0%| F|  |TAMS 0x0000000617000000, 0x0000000617000000| Untracked 
|  79|0x0000000617400000, 0x0000000617400000, 0x0000000617800000|  0%| F|  |TAMS 0x0000000617400000, 0x0000000617400000| Untracked 
|  80|0x0000000617800000, 0x0000000617800000, 0x0000000617c00000|  0%| F|  |TAMS 0x0000000617800000, 0x0000000617800000| Untracked 
|  81|0x0000000617c00000, 0x0000000617c00000, 0x0000000618000000|  0%| F|  |TAMS 0x0000000617c00000, 0x0000000617c00000| Untracked 
|  82|0x0000000618000000, 0x0000000618000000, 0x0000000618400000|  0%| F|  |TAMS 0x0000000618000000, 0x0000000618000000| Untracked 
|  83|0x0000000618400000, 0x0000000618400000, 0x0000000618800000|  0%| F|  |TAMS 0x0000000618400000, 0x0000000618400000| Untracked 
|  84|0x0000000618800000, 0x0000000618800000, 0x0000000618c00000|  0%| F|  |TAMS 0x0000000618800000, 0x0000000618800000| Untracked 
|  85|0x0000000618c00000, 0x0000000618c00000, 0x0000000619000000|  0%| F|  |TAMS 0x0000000618c00000, 0x0000000618c00000| Untracked 
|  86|0x0000000619000000, 0x0000000619000000, 0x0000000619400000|  0%| F|  |TAMS 0x0000000619000000, 0x0000000619000000| Untracked 
|  87|0x0000000619400000, 0x0000000619400000, 0x0000000619800000|  0%| F|  |TAMS 0x0000000619400000, 0x0000000619400000| Untracked 
|  88|0x0000000619800000, 0x0000000619800000, 0x0000000619c00000|  0%| F|  |TAMS 0x0000000619800000, 0x0000000619800000| Untracked 
|  89|0x0000000619c00000, 0x0000000619c00000, 0x000000061a000000|  0%| F|  |TAMS 0x0000000619c00000, 0x0000000619c00000| Untracked 
|  90|0x000000061a000000, 0x000000061a000000, 0x000000061a400000|  0%| F|  |TAMS 0x000000061a000000, 0x000000061a000000| Untracked 
|  91|0x000000061a400000, 0x000000061a400000, 0x000000061a800000|  0%| F|  |TAMS 0x000000061a400000, 0x000000061a400000| Untracked 
|  92|0x000000061a800000, 0x000000061a800000, 0x000000061ac00000|  0%| F|  |TAMS 0x000000061a800000, 0x000000061a800000| Untracked 
|  93|0x000000061ac00000, 0x000000061ac00000, 0x000000061b000000|  0%| F|  |TAMS 0x000000061ac00000, 0x000000061ac00000| Untracked 
|  94|0x000000061b000000, 0x000000061b000000, 0x000000061b400000|  0%| F|  |TAMS 0x000000061b000000, 0x000000061b000000| Untracked 
|  95|0x000000061b400000, 0x000000061b400000, 0x000000061b800000|  0%| F|  |TAMS 0x000000061b400000, 0x000000061b400000| Untracked 
|  96|0x000000061b800000, 0x000000061b800000, 0x000000061bc00000|  0%| F|  |TAMS 0x000000061b800000, 0x000000061b800000| Untracked 
|  97|0x000000061bc00000, 0x000000061bc00000, 0x000000061c000000|  0%| F|  |TAMS 0x000000061bc00000, 0x000000061bc00000| Untracked 
|  98|0x000000061c000000, 0x000000061c000000, 0x000000061c400000|  0%| F|  |TAMS 0x000000061c000000, 0x000000061c000000| Untracked 
|  99|0x000000061c400000, 0x000000061c400000, 0x000000061c800000|  0%| F|  |TAMS 0x000000061c400000, 0x000000061c400000| Untracked 
| 100|0x000000061c800000, 0x000000061c800000, 0x000000061cc00000|  0%| F|  |TAMS 0x000000061c800000, 0x000000061c800000| Untracked 
| 101|0x000000061cc00000, 0x000000061cc00000, 0x000000061d000000|  0%| F|  |TAMS 0x000000061cc00000, 0x000000061cc00000| Untracked 
| 102|0x000000061d000000, 0x000000061d000000, 0x000000061d400000|  0%| F|  |TAMS 0x000000061d000000, 0x000000061d000000| Untracked 
| 103|0x000000061d400000, 0x000000061d400000, 0x000000061d800000|  0%| F|  |TAMS 0x000000061d400000, 0x000000061d400000| Untracked 
| 104|0x000000061d800000, 0x000000061d800000, 0x000000061dc00000|  0%| F|  |TAMS 0x000000061d800000, 0x000000061d800000| Untracked 
| 105|0x000000061dc00000, 0x000000061dc00000, 0x000000061e000000|  0%| F|  |TAMS 0x000000061dc00000, 0x000000061dc00000| Untracked 
| 106|0x000000061e000000, 0x000000061e000000, 0x000000061e400000|  0%| F|  |TAMS 0x000000061e000000, 0x000000061e000000| Untracked 
| 107|0x000000061e400000, 0x000000061e400000, 0x000000061e800000|  0%| F|  |TAMS 0x000000061e400000, 0x000000061e400000| Untracked 
| 108|0x000000061e800000, 0x000000061e800000, 0x000000061ec00000|  0%| F|  |TAMS 0x000000061e800000, 0x000000061e800000| Untracked 
| 109|0x000000061ec00000, 0x000000061ec00000, 0x000000061f000000|  0%| F|  |TAMS 0x000000061ec00000, 0x000000061ec00000| Untracked 
| 110|0x000000061f000000, 0x000000061f000000, 0x000000061f400000|  0%| F|  |TAMS 0x000000061f000000, 0x000000061f000000| Untracked 
| 111|0x000000061f400000, 0x000000061f400000, 0x000000061f800000|  0%| F|  |TAMS 0x000000061f400000, 0x000000061f400000| Untracked 
| 112|0x000000061f800000, 0x000000061f800000, 0x000000061fc00000|  0%| F|  |TAMS 0x000000061f800000, 0x000000061f800000| Untracked 
| 113|0x000000061fc00000, 0x000000061fc00000, 0x0000000620000000|  0%| F|  |TAMS 0x000000061fc00000, 0x000000061fc00000| Untracked 
| 114|0x0000000620000000, 0x0000000620000000, 0x0000000620400000|  0%| F|  |TAMS 0x0000000620000000, 0x0000000620000000| Untracked 
| 115|0x0000000620400000, 0x0000000620400000, 0x0000000620800000|  0%| F|  |TAMS 0x0000000620400000, 0x0000000620400000| Untracked 
| 116|0x0000000620800000, 0x0000000620800000, 0x0000000620c00000|  0%| F|  |TAMS 0x0000000620800000, 0x0000000620800000| Untracked 
| 117|0x0000000620c00000, 0x0000000620c00000, 0x0000000621000000|  0%| F|  |TAMS 0x0000000620c00000, 0x0000000620c00000| Untracked 
| 118|0x0000000621000000, 0x0000000621000000, 0x0000000621400000|  0%| F|  |TAMS 0x0000000621000000, 0x0000000621000000| Untracked 
| 119|0x0000000621400000, 0x0000000621400000, 0x0000000621800000|  0%| F|  |TAMS 0x0000000621400000, 0x0000000621400000| Untracked 
| 120|0x0000000621800000, 0x0000000621800000, 0x0000000621c00000|  0%| F|  |TAMS 0x0000000621800000, 0x0000000621800000| Untracked 
| 121|0x0000000621c00000, 0x0000000621c00000, 0x0000000622000000|  0%| F|  |TAMS 0x0000000621c00000, 0x0000000621c00000| Untracked 
| 122|0x0000000622000000, 0x0000000622000000, 0x0000000622400000|  0%| F|  |TAMS 0x0000000622000000, 0x0000000622000000| Untracked 
| 123|0x0000000622400000, 0x0000000622400000, 0x0000000622800000|  0%| F|  |TAMS 0x0000000622400000, 0x0000000622400000| Untracked 
| 124|0x0000000622800000, 0x0000000622800000, 0x0000000622c00000|  0%| F|  |TAMS 0x0000000622800000, 0x0000000622800000| Untracked 
| 125|0x0000000622c00000, 0x0000000622d47438, 0x0000000623000000| 31%| E|  |TAMS 0x0000000622c00000, 0x0000000622c00000| Complete 
| 126|0x0000000623000000, 0x0000000623400000, 0x0000000623400000|100%| E|CS|TAMS 0x0000000623000000, 0x0000000623000000| Complete 
| 127|0x0000000623400000, 0x0000000623800000, 0x0000000623800000|100%| E|CS|TAMS 0x0000000623400000, 0x0000000623400000| Complete 

Card table byte_map: [0x0000019767250000,0x0000019768240000] _byte_map_base: 0x0000019764234000

Marking Bits (Prev, Next): (CMBitMap*) 0x000001974ef91520, (CMBitMap*) 0x000001974ef91560
 Prev Bits: [0x0000019769230000, 0x0000019771150000)
 Next Bits: [0x0000019771150000, 0x0000019779070000)

Polling page: 0x000001974ce90000

Metaspace:

Usage:
  Non-class:      7.95 MB used.
      Class:    892.45 KB used.
       Both:      8.82 MB used.

Virtual space:
  Non-class space:       64.00 MB reserved,       8.06 MB ( 13%) committed,  1 nodes.
      Class space:        1.00 GB reserved,     960.00 KB ( <1%) committed,  1 nodes.
             Both:        1.06 GB reserved,       9.00 MB ( <1%) committed. 

Chunk freelists:
   Non-Class:  6.06 MB
       Class:  15.01 MB
        Both:  21.08 MB

MaxMetaspaceSize: unlimited
CompressedClassSpaceSize: 1.00 GB
Initial GC threshold: 21.00 MB
Current GC threshold: 21.00 MB
CDS: on
MetaspaceReclaimPolicy: balanced
 - commit_granule_bytes: 65536.
 - commit_granule_words: 8192.
 - virtual_space_node_default_size: 8388608.
 - enlarge_chunks_in_place: 1.
 - new_chunks_are_fully_committed: 0.
 - uncommit_free_chunks: 1.
 - use_allocation_guard: 0.
 - handle_deallocations: 1.


Internal statistics:

num_allocs_failed_limit: 0.
num_arena_births: 112.
num_arena_deaths: 0.
num_vsnodes_births: 2.
num_vsnodes_deaths: 0.
num_space_committed: 140.
num_space_uncommitted: 0.
num_chunks_returned_to_freelist: 0.
num_chunks_taken_from_freelist: 385.
num_chunk_merges: 0.
num_chunk_splits: 270.
num_chunks_enlarged: 203.
num_inconsistent_stats: 0.

CodeHeap 'non-profiled nmethods': size=119168Kb used=637Kb max_used=637Kb free=118530Kb
 bounds [0x000001975e570000, 0x000001975e7e0000, 0x00000197659d0000]
CodeHeap 'profiled nmethods': size=119104Kb used=4321Kb max_used=4321Kb free=114783Kb
 bounds [0x00000197569d0000, 0x0000019756e10000, 0x000001975de20000]
CodeHeap 'non-nmethods': size=7488Kb used=1685Kb max_used=3390Kb free=5803Kb
 bounds [0x000001975de20000, 0x000001975e180000, 0x000001975e570000]
 total_blobs=2699 nmethods=1646 adapters=966
 compilation: enabled
              stopped_count=0, restarted_count=0
 full_count=0

Compilation events (20 events):
Event: 7.487 Thread 0x000001977924dd70 1638       3       java.lang.invoke.DirectMethodHandle$Holder::newInvokeSpecial (28 bytes)
Event: 7.487 Thread 0x000001977924dd70 nmethod 1638 0x0000019756e06510 code [0x0000019756e06700, 0x0000019756e06ee8]
Event: 7.487 Thread 0x000001977924dd70 1639       3       scala.collection.Hashing$::improve (29 bytes)
Event: 7.487 Thread 0x000001977924dd70 nmethod 1639 0x0000019756e07110 code [0x0000019756e072a0, 0x0000019756e073d8]
Event: 7.487 Thread 0x000001977924dd70 1640       3       scala.collection.immutable.$colon$colon::tail (5 bytes)
Event: 7.487 Thread 0x000001977924dd70 nmethod 1640 0x0000019756e07490 code [0x0000019756e07620, 0x0000019756e07798]
Event: 7.487 Thread 0x000001977924dd70 1641       3       scala.collection.immutable.$colon$colon::tail (5 bytes)
Event: 7.487 Thread 0x000001977924dd70 nmethod 1641 0x0000019756e07890 code [0x0000019756e07a20, 0x0000019756e07b38]
Event: 7.487 Thread 0x000001977924d380 1647       4       scala.runtime.BoxesRunTime::unboxToLong (16 bytes)
Event: 7.487 Thread 0x000001977924dd70 1645       3       scala.$less$colon$less$$anon$1::apply (2 bytes)
Event: 7.487 Thread 0x000001977924dd70 nmethod 1645 0x0000019756e07c10 code [0x0000019756e07da0, 0x0000019756e07eb8]
Event: 7.487 Thread 0x000001977924dd70 1646       3       scala.runtime.ScalaRunTime$::_hashCode (8 bytes)
Event: 7.487 Thread 0x000001977924dd70 nmethod 1646 0x0000019756e07f90 code [0x0000019756e08140, 0x0000019756e08308]
Event: 7.487 Thread 0x000001977924dd70 1642       1       com.github.yjgbg.compose.Dsl$Key$Single::productArity (2 bytes)
Event: 7.487 Thread 0x000001977924dd70 nmethod 1642 0x000001975e60e990 code [0x000001975e60eb20, 0x000001975e60ebf8]
Event: 7.487 Thread 0x000001977924dd70 1643       1       com.github.yjgbg.compose.Dsl$Key$Single::productPrefix (3 bytes)
Event: 7.487 Thread 0x000001977924dd70 nmethod 1643 0x000001975e60ec90 code [0x000001975e60ee20, 0x000001975e60eef8]
Event: 7.487 Thread 0x000001977924dd70 1644       1       com.github.yjgbg.compose.Dsl$Key$Single::name (5 bytes)
Event: 7.488 Thread 0x000001977924dd70 nmethod 1644 0x000001975e60ef90 code [0x000001975e60f120, 0x000001975e60f1f8]
Event: 7.488 Thread 0x000001977924d380 nmethod 1647 0x000001975e60f290 code [0x000001975e60f400, 0x000001975e60f498]

GC Heap History (8 events):
Event: 0.771 GC heap before
{Heap before GC invocations=0 (full 0):
 garbage-first heap   total 524288K, used 20480K [0x0000000603800000, 0x0000000800000000)
  region size 4096K, 6 young (24576K), 0 survivors (0K)
 Metaspace       used 7580K, committed 7744K, reserved 1114112K
  class space    used 866K, committed 960K, reserved 1048576K
}
Event: 0.775 GC heap after
{Heap after GC invocations=1 (full 0):
 garbage-first heap   total 524288K, used 3911K [0x0000000603800000, 0x0000000800000000)
  region size 4096K, 1 young (4096K), 1 survivors (4096K)
 Metaspace       used 7580K, committed 7744K, reserved 1114112K
  class space    used 866K, committed 960K, reserved 1048576K
}
Event: 1.437 GC heap before
{Heap before GC invocations=1 (full 0):
 garbage-first heap   total 524288K, used 28487K [0x0000000603800000, 0x0000000800000000)
  region size 4096K, 7 young (28672K), 1 survivors (4096K)
 Metaspace       used 8669K, committed 8832K, reserved 1114112K
  class space    used 892K, committed 960K, reserved 1048576K
}
Event: 1.440 GC heap after
{Heap after GC invocations=2 (full 0):
 garbage-first heap   total 524288K, used 4503K [0x0000000603800000, 0x0000000800000000)
  region size 4096K, 1 young (4096K), 1 survivors (4096K)
 Metaspace       used 8669K, committed 8832K, reserved 1114112K
  class space    used 892K, committed 960K, reserved 1048576K
}
Event: 2.442 GC heap before
{Heap before GC invocations=2 (full 0):
 garbage-first heap   total 524288K, used 74135K [0x0000000603800000, 0x0000000800000000)
  region size 4096K, 18 young (73728K), 1 survivors (4096K)
 Metaspace       used 9016K, committed 9152K, reserved 1114112K
  class space    used 892K, committed 960K, reserved 1048576K
}
Event: 2.443 GC heap after
{Heap after GC invocations=3 (full 0):
 garbage-first heap   total 524288K, used 4206K [0x0000000603800000, 0x0000000800000000)
  region size 4096K, 1 young (4096K), 1 survivors (4096K)
 Metaspace       used 9016K, committed 9152K, reserved 1114112K
  class space    used 892K, committed 960K, reserved 1048576K
}
Event: 7.293 GC heap before
{Heap before GC invocations=3 (full 0):
 garbage-first heap   total 524288K, used 311406K [0x0000000603800000, 0x0000000800000000)
  region size 4096K, 76 young (311296K), 1 survivors (4096K)
 Metaspace       used 9031K, committed 9216K, reserved 1114112K
  class space    used 892K, committed 960K, reserved 1048576K
}
Event: 7.294 GC heap after
{Heap after GC invocations=4 (full 0):
 garbage-first heap   total 524288K, used 4345K [0x0000000603800000, 0x0000000800000000)
  region size 4096K, 1 young (4096K), 1 survivors (4096K)
 Metaspace       used 9031K, committed 9216K, reserved 1114112K
  class space    used 892K, committed 960K, reserved 1048576K
}

Dll operation events (8 events):
Event: 0.008 Loaded shared library C:\Program Files\Microsoft\jdk-17.0.7.7-hotspot\bin\java.dll
Event: 0.026 Loaded shared library C:\Program Files\Microsoft\jdk-17.0.7.7-hotspot\bin\jsvml.dll
Event: 0.124 Loaded shared library C:\Program Files\Microsoft\jdk-17.0.7.7-hotspot\bin\net.dll
Event: 0.125 Loaded shared library C:\Program Files\Microsoft\jdk-17.0.7.7-hotspot\bin\nio.dll
Event: 0.129 Loaded shared library C:\Program Files\Microsoft\jdk-17.0.7.7-hotspot\bin\zip.dll
Event: 0.399 Loaded shared library C:\Program Files\Microsoft\jdk-17.0.7.7-hotspot\bin\jimage.dll
Event: 0.468 Loaded shared library C:\Users\weicl\AppData\Local\Temp\lwjgl_weicl\3.3.2+13\x64\lwjgl.dll
Event: 0.781 Loaded shared library C:\Users\weicl\AppData\Local\Temp\lwjgl_weicl\3.3.2+13\x64\lwjgl_opengl.dll

Deoptimization events (20 events):
Event: 0.809 Thread 0x000001974eee3060 DEOPT PACKING pc=0x000001975e5d816c sp=0x0000000822afe960
Event: 0.809 Thread 0x000001974eee3060 DEOPT UNPACKING pc=0x000001975de769a3 sp=0x0000000822afe8f8 mode 2
Event: 1.115 Thread 0x000001974eee3060 DEOPT PACKING pc=0x0000019756bfce40 sp=0x0000000822afeb30
Event: 1.115 Thread 0x000001974eee3060 DEOPT UNPACKING pc=0x000001975de77143 sp=0x0000000822afdff0 mode 0
Event: 1.116 Thread 0x000001974eee3060 DEOPT PACKING pc=0x0000019756bfdda8 sp=0x0000000822afeae0
Event: 1.116 Thread 0x000001974eee3060 DEOPT UNPACKING pc=0x000001975de77143 sp=0x0000000822afdfc0 mode 0
Event: 1.224 Thread 0x000001974eee3060 DEOPT PACKING pc=0x00000197569fa683 sp=0x0000000822afeaa0
Event: 1.224 Thread 0x000001974eee3060 DEOPT UNPACKING pc=0x000001975de77143 sp=0x0000000822afdf18 mode 0
Event: 1.424 Thread 0x000001977c6965c0 Uncommon trap: trap_request=0xffffff45 fr.pc=0x000001975e575b9c relative=0x000000000000019c
Event: 1.424 Thread 0x000001977c6965c0 Uncommon trap: reason=unstable_if action=reinterpret pc=0x000001975e575b9c method=java.lang.String.isLatin1()Z @ 10 c2
Event: 1.424 Thread 0x000001977c6965c0 DEOPT PACKING pc=0x000001975e575b9c sp=0x00000008242f8f30
Event: 1.424 Thread 0x000001977c6965c0 DEOPT UNPACKING pc=0x000001975de769a3 sp=0x00000008242f8e68 mode 2
Event: 1.464 Thread 0x000001974eee3060 DEOPT PACKING pc=0x0000019756c077ad sp=0x0000000822afeb00
Event: 1.464 Thread 0x000001974eee3060 DEOPT UNPACKING pc=0x000001975de77143 sp=0x0000000822afe108 mode 0
Event: 1.497 Thread 0x000001974eee3060 DEOPT PACKING pc=0x0000019756c077ad sp=0x0000000822afeb00
Event: 1.497 Thread 0x000001974eee3060 DEOPT UNPACKING pc=0x000001975de77143 sp=0x0000000822afe108 mode 0
Event: 1.524 Thread 0x000001974eee3060 DEOPT PACKING pc=0x0000019756c077ad sp=0x0000000822afeb00
Event: 1.524 Thread 0x000001974eee3060 DEOPT UNPACKING pc=0x000001975de77143 sp=0x0000000822afe108 mode 0
Event: 1.553 Thread 0x000001974eee3060 DEOPT PACKING pc=0x0000019756c077ad sp=0x0000000822afeb00
Event: 1.553 Thread 0x000001974eee3060 DEOPT UNPACKING pc=0x000001975de77143 sp=0x0000000822afe108 mode 0

Classes unloaded (0 events):
No events

Classes redefined (0 events):
No events

Internal exceptions (20 events):
Event: 0.444 Thread 0x000001974eee3060 Exception <a 'java/lang/NoSuchMethodError'{0x000000062205fce8}: 'void java.lang.invoke.DirectMethodHandle$Holder.invokeStatic(java.lang.Object, java.lang.Object)'> (0x000000062205fce8) 
thrown [s\src\hotspot\share\interpreter\linkResolver.cpp, line 759]
Event: 0.446 Thread 0x000001974eee3060 Exception <a 'java/lang/NoSuchMethodError'{0x00000006220739f8}: 'java.lang.Object java.lang.invoke.DirectMethodHandle$Holder.invokeStatic(java.lang.Object, java.lang.Object, int)'> (0x00000006220739f8) 
thrown [s\src\hotspot\share\interpreter\linkResolver.cpp, line 759]
Event: 0.448 Thread 0x000001974eee3060 Exception <a 'java/lang/NoSuchMethodError'{0x000000062207f6e8}: 'void java.lang.invoke.DelegatingMethodHandle$Holder.delegate(java.lang.Object, java.lang.Object, int, java.lang.Object)'> (0x000000062207f6e8) 
thrown [s\src\hotspot\share\interpreter\linkResolver.cpp, line 759]
Event: 0.467 Thread 0x000001974eee3060 Exception <a 'sun/nio/fs/WindowsException'{0x00000006220c8958}> (0x00000006220c8958) 
thrown [s\src\hotspot\share\prims\jni.cpp, line 516]
Event: 0.467 Thread 0x000001974eee3060 Exception <a 'sun/nio/fs/WindowsException'{0x00000006220c8ea8}> (0x00000006220c8ea8) 
thrown [s\src\hotspot\share\prims\jni.cpp, line 516]
Event: 0.505 Thread 0x000001974eee3060 Exception <a 'java/lang/NoSuchMethodError'{0x000000062216f000}: 'int java.lang.invoke.DirectMethodHandle$Holder.invokeStaticInit(java.lang.Object, java.lang.Object, int, long)'> (0x000000062216f000) 
thrown [s\src\hotspot\share\interpreter\linkResolver.cpp, line 759]
Event: 0.506 Thread 0x000001974eee3060 Exception <a 'java/lang/NoSuchMethodError'{0x00000006221748c8}: 'java.lang.Object java.lang.invoke.DirectMethodHandle$Holder.newInvokeSpecial(java.lang.Object, java.lang.Object, int)'> (0x00000006221748c8) 
thrown [s\src\hotspot\share\interpreter\linkResolver.cpp, line 759]
Event: 0.510 Thread 0x000001974eee3060 Exception <a 'java/lang/NoSuchMethodError'{0x0000000622183bc0}: 'int java.lang.invoke.DirectMethodHandle$Holder.invokeStaticInit(java.lang.Object, java.lang.Object, long, long)'> (0x0000000622183bc0) 
thrown [s\src\hotspot\share\interpreter\linkResolver.cpp, line 759]
Event: 0.511 Thread 0x000001974eee3060 Exception <a 'java/lang/NoSuchMethodError'{0x0000000622189cd0}: 'java.lang.Object java.lang.invoke.DirectMethodHandle$Holder.newInvokeSpecial(java.lang.Object, java.lang.Object, long)'> (0x0000000622189cd0) 
thrown [s\src\hotspot\share\interpreter\linkResolver.cpp, line 759]
Event: 0.511 Thread 0x000001974eee3060 Exception <a 'java/lang/NoSuchMethodError'{0x000000062218dfc0}: 'java.lang.Object java.lang.invoke.Invokers$Holder.linkToTargetMethod(java.lang.Object, long, java.lang.Object)'> (0x000000062218dfc0) 
thrown [s\src\hotspot\share\interpreter\linkResolver.cpp, line 759]
Event: 0.512 Thread 0x000001974eee3060 Exception <a 'java/lang/NoSuchMethodError'{0x00000006221956d8}: 'int java.lang.invoke.DirectMethodHandle$Holder.invokeStaticInit(java.lang.Object, java.lang.Object, java.lang.Object, long)'> (0x00000006221956d8) 
thrown [s\src\hotspot\share\interpreter\linkResolver.cpp, line 759]
Event: 0.534 Thread 0x000001974eee3060 Exception <a 'sun/nio/fs/WindowsException'{0x000000062223ff70}> (0x000000062223ff70) 
thrown [s\src\hotspot\share\prims\jni.cpp, line 516]
Event: 0.534 Thread 0x000001974eee3060 Exception <a 'sun/nio/fs/WindowsException'{0x00000006222402d0}> (0x00000006222402d0) 
thrown [s\src\hotspot\share\prims\jni.cpp, line 516]
Event: 0.746 Thread 0x000001974eee3060 Exception <a 'java/lang/NoSuchMethodError'{0x00000006223789f0}: 'void java.lang.invoke.DirectMethodHandle$Holder.invokeSpecial(java.lang.Object, java.lang.Object, long)'> (0x00000006223789f0) 
thrown [s\src\hotspot\share\interpreter\linkResolver.cpp, line 759]
Event: 0.755 Thread 0x000001974eee3060 Exception <a 'java/lang/NoSuchMethodError'{0x00000006223aad78}: 'java.lang.Object java.lang.invoke.DirectMethodHandle$Holder.invokeSpecial(java.lang.Object, java.lang.Object, java.lang.Object, long, java.lang.Object)'> (0x00000006223aad78) 
thrown [s\src\hotspot\share\interpreter\linkResolver.cpp, line 759]
Event: 0.756 Thread 0x000001974eee3060 Exception <a 'java/lang/NoSuchMethodError'{0x00000006223ae6a0}: 'java.lang.Object java.lang.invoke.Invokers$Holder.linkToTargetMethod(java.lang.Object, long, java.lang.Object, java.lang.Object)'> (0x00000006223ae6a0) 
thrown [s\src\hotspot\share\interpreter\linkResolver.cpp, line 759]
Event: 0.779 Thread 0x000001974eee3060 Exception <a 'sun/nio/fs/WindowsException'{0x0000000623412bb8}> (0x0000000623412bb8) 
thrown [s\src\hotspot\share\prims\jni.cpp, line 516]
Event: 0.779 Thread 0x000001974eee3060 Exception <a 'sun/nio/fs/WindowsException'{0x0000000623412f60}> (0x0000000623412f60) 
thrown [s\src\hotspot\share\prims\jni.cpp, line 516]
Event: 0.783 Thread 0x000001974eee3060 Exception <a 'sun/nio/fs/WindowsException'{0x000000062341d4e8}> (0x000000062341d4e8) 
thrown [s\src\hotspot\share\prims\jni.cpp, line 516]
Event: 0.783 Thread 0x000001974eee3060 Exception <a 'sun/nio/fs/WindowsException'{0x000000062341d7c8}> (0x000000062341d7c8) 
thrown [s\src\hotspot\share\prims\jni.cpp, line 516]

VM Operations (20 events):
Event: 0.349 Executing VM operation: ChangeBreakpoints
Event: 0.349 Executing VM operation: ChangeBreakpoints done
Event: 0.461 Executing VM operation: HandshakeAllThreads
Event: 0.461 Executing VM operation: HandshakeAllThreads done
Event: 0.745 Executing VM operation: HandshakeAllThreads
Event: 0.745 Executing VM operation: HandshakeAllThreads done
Event: 0.771 Executing VM operation: G1CollectForAllocation
Event: 0.775 Executing VM operation: G1CollectForAllocation done
Event: 1.437 Executing VM operation: G1CollectForAllocation
Event: 1.440 Executing VM operation: G1CollectForAllocation done
Event: 2.442 Executing VM operation: G1CollectForAllocation
Event: 2.443 Executing VM operation: G1CollectForAllocation done
Event: 3.448 Executing VM operation: Cleanup
Event: 3.448 Executing VM operation: Cleanup done
Event: 4.455 Executing VM operation: Cleanup
Event: 4.455 Executing VM operation: Cleanup done
Event: 5.463 Executing VM operation: Cleanup
Event: 5.464 Executing VM operation: Cleanup done
Event: 7.293 Executing VM operation: G1CollectForAllocation
Event: 7.294 Executing VM operation: G1CollectForAllocation done

Events (20 events):
Event: 0.534 loading class java/lang/NoSuchFieldError
Event: 0.534 loading class java/lang/NoSuchFieldError done
Event: 0.540 Thread 0x000001977ce39aa0 Thread added: 0x000001977ce39aa0
Event: 0.542 loading class jdk/internal/reflect/UnsafeQualifiedStaticIntegerFieldAccessorImpl
Event: 0.542 loading class jdk/internal/reflect/UnsafeQualifiedStaticIntegerFieldAccessorImpl done
Event: 0.745 loading class java/lang/InheritableThreadLocal
Event: 0.745 loading class java/lang/InheritableThreadLocal done
Event: 0.747 Thread 0x000001977c36eda0 Thread exited: 0x000001977c36eda0
Event: 0.779 loading class jdk/internal/misc/ScopedMemoryAccess$Scope
Event: 0.779 loading class jdk/internal/misc/ScopedMemoryAccess$Scope done
Event: 0.792 Thread 0x000001977d6d7880 Thread added: 0x000001977d6d7880
Event: 0.792 Thread 0x000001977d7a38e0 Thread added: 0x000001977d7a38e0
Event: 1.413 Thread 0x000001977d7a38e0 Thread exited: 0x000001977d7a38e0
Event: 1.414 loading class java/lang/invoke/MethodHandle$1
Event: 1.414 loading class java/lang/invoke/MethodHandle$1 done
Event: 1.660 Thread 0x000001977d9bb8d0 Thread added: 0x000001977d9bb8d0
Event: 1.840 Thread 0x000001977d6d7880 Thread exited: 0x000001977d6d7880
Event: 2.952 Thread 0x000001977d9bb8d0 Thread exited: 0x000001977d9bb8d0
Event: 2.952 Thread 0x000001977ce39aa0 Thread exited: 0x000001977ce39aa0
Event: 2.954 Thread 0x000001977c0c0b90 Thread exited: 0x000001977c0c0b90


Dynamic libraries:
0x00007ff7e65c0000 - 0x00007ff7e65ce000 	C:\Program Files\Microsoft\jdk-17.0.7.7-hotspot\bin\java.exe
0x00007ff9f6370000 - 0x00007ff9f6584000 	C:\WINDOWS\SYSTEM32\ntdll.dll
0x00007ff9f5980000 - 0x00007ff9f5a42000 	C:\WINDOWS\System32\KERNEL32.DLL
0x00007ff9f3a90000 - 0x00007ff9f3e33000 	C:\WINDOWS\System32\KERNELBASE.dll
0x00007ff9f4050000 - 0x00007ff9f4161000 	C:\WINDOWS\System32\ucrtbase.dll
0x00007ff9e4150000 - 0x00007ff9e4167000 	C:\Program Files\Microsoft\jdk-17.0.7.7-hotspot\bin\jli.dll
0x00007ff9e63e0000 - 0x00007ff9e63fb000 	C:\Program Files\Microsoft\jdk-17.0.7.7-hotspot\bin\VCRUNTIME140.dll
0x00007ff9f4900000 - 0x00007ff9f4aab000 	C:\WINDOWS\System32\USER32.dll
0x00007ff9e45c0000 - 0x00007ff9e484e000 	C:\WINDOWS\WinSxS\amd64_microsoft.windows.common-controls_6595b64144ccf1df_6.0.22621.1635_none_270f70857386168e\COMCTL32.dll
0x00007ff9f3a60000 - 0x00007ff9f3a86000 	C:\WINDOWS\System32\win32u.dll
0x00007ff9f6300000 - 0x00007ff9f6329000 	C:\WINDOWS\System32\GDI32.dll
0x00007ff9f3f30000 - 0x00007ff9f4048000 	C:\WINDOWS\System32\gdi32full.dll
0x00007ff9f4ab0000 - 0x00007ff9f4b57000 	C:\WINDOWS\System32\msvcrt.dll
0x00007ff9f39c0000 - 0x00007ff9f3a5a000 	C:\WINDOWS\System32\msvcp_win.dll
0x00007ff9f46a0000 - 0x00007ff9f46d1000 	C:\WINDOWS\System32\IMM32.DLL
0x00007ff9efd80000 - 0x00007ff9efd8c000 	C:\Program Files\Microsoft\jdk-17.0.7.7-hotspot\bin\vcruntime140_1.dll
0x00007ff9db4d0000 - 0x00007ff9db55d000 	C:\Program Files\Microsoft\jdk-17.0.7.7-hotspot\bin\msvcp140.dll
0x00007ff986c10000 - 0x00007ff987873000 	C:\Program Files\Microsoft\jdk-17.0.7.7-hotspot\bin\server\jvm.dll
0x00007ff9f46f0000 - 0x00007ff9f479e000 	C:\WINDOWS\System32\ADVAPI32.dll
0x00007ff9f5820000 - 0x00007ff9f58c4000 	C:\WINDOWS\System32\sechost.dll
0x00007ff9f5ac0000 - 0x00007ff9f5bd7000 	C:\WINDOWS\System32\RPCRT4.dll
0x00007ff9ed100000 - 0x00007ff9ed10a000 	C:\WINDOWS\SYSTEM32\VERSION.dll
0x00007ff9e6990000 - 0x00007ff9e69c4000 	C:\WINDOWS\SYSTEM32\WINMM.dll
0x00007ff9ef210000 - 0x00007ff9ef219000 	C:\WINDOWS\SYSTEM32\WSOCK32.dll
0x00007ff9f57a0000 - 0x00007ff9f5811000 	C:\WINDOWS\System32\ws2_32.DLL
0x00007ff9f2840000 - 0x00007ff9f2858000 	C:\WINDOWS\SYSTEM32\kernel.appcore.dll
0x00007ff9e7120000 - 0x00007ff9e712a000 	C:\Program Files\Microsoft\jdk-17.0.7.7-hotspot\bin\jimage.dll
0x00007ff9f1190000 - 0x00007ff9f13be000 	C:\WINDOWS\SYSTEM32\DBGHELP.DLL
0x00007ff9f41d0000 - 0x00007ff9f4559000 	C:\WINDOWS\System32\combase.dll
0x00007ff9f45c0000 - 0x00007ff9f4697000 	C:\WINDOWS\System32\OLEAUT32.dll
0x00007ff9d71c0000 - 0x00007ff9d71f2000 	C:\WINDOWS\SYSTEM32\dbgcore.DLL
0x00007ff9f3e40000 - 0x00007ff9f3ebb000 	C:\WINDOWS\System32\bcryptPrimitives.dll
0x00007ff9e5cf0000 - 0x00007ff9e5d2b000 	C:\Program Files\Microsoft\jdk-17.0.7.7-hotspot\bin\jdwp.dll
0x00007ff9e4120000 - 0x00007ff9e4145000 	C:\Program Files\Microsoft\jdk-17.0.7.7-hotspot\bin\java.dll
0x00007ff9cf6f0000 - 0x00007ff9cf7c7000 	C:\Program Files\Microsoft\jdk-17.0.7.7-hotspot\bin\jsvml.dll
0x00007ff9f4b60000 - 0x00007ff9f535a000 	C:\WINDOWS\System32\SHELL32.dll
0x00007ff9f1750000 - 0x00007ff9f201e000 	C:\WINDOWS\SYSTEM32\windows.storage.dll
0x00007ff9f1610000 - 0x00007ff9f174e000 	C:\WINDOWS\SYSTEM32\wintypes.dll
0x00007ff9f4800000 - 0x00007ff9f48f1000 	C:\WINDOWS\System32\SHCORE.dll
0x00007ff9f4170000 - 0x00007ff9f41ce000 	C:\WINDOWS\System32\shlwapi.dll
0x00007ff9f36c0000 - 0x00007ff9f36e1000 	C:\WINDOWS\SYSTEM32\profapi.dll
0x00007ff9f04f0000 - 0x00007ff9f04fc000 	C:\Program Files\Microsoft\jdk-17.0.7.7-hotspot\bin\dt_socket.dll
0x00007ff9f22f0000 - 0x00007ff9f231d000 	C:\WINDOWS\SYSTEM32\IPHLPAPI.DLL
0x00007ff9b5540000 - 0x00007ff9b564d000 	C:\WINDOWS\SysWOW64\ierd_tgp_lsp64.dll
0x00007ff9f6160000 - 0x00007ff9f62fc000 	C:\WINDOWS\System32\ole32.dll
0x00007ff9f2cf0000 - 0x00007ff9f2d59000 	C:\WINDOWS\system32\mswsock.dll
0x00007ff9e3e20000 - 0x00007ff9e3e39000 	C:\Program Files\Microsoft\jdk-17.0.7.7-hotspot\bin\net.dll
0x00007ff9ed9b0000 - 0x00007ff9edae7000 	C:\WINDOWS\SYSTEM32\WINHTTP.dll
0x00007ff9e3e00000 - 0x00007ff9e3e16000 	C:\Program Files\Microsoft\jdk-17.0.7.7-hotspot\bin\nio.dll
0x00007ff9db4b0000 - 0x00007ff9db4c8000 	C:\Program Files\Microsoft\jdk-17.0.7.7-hotspot\bin\zip.dll
0x00007ff9b5cf0000 - 0x00007ff9b5d6a000 	C:\Users\weicl\AppData\Local\Temp\lwjgl_weicl\3.3.2+13\x64\lwjgl.dll
0x00007ff9a5510000 - 0x00007ff9a5592000 	C:\Users\weicl\AppData\Local\Temp\lwjgl_weicl\3.3.2+13\x64\glfw.dll
0x00007ff9c0300000 - 0x00007ff9c0346000 	C:\WINDOWS\SYSTEM32\dinput8.dll
0x00007ff9a29a0000 - 0x00007ff9a29b1000 	C:\WINDOWS\SYSTEM32\xinput1_4.dll
0x00007ff9f3450000 - 0x00007ff9f349e000 	C:\WINDOWS\SYSTEM32\cfgmgr32.dll
0x00007ff9f34a0000 - 0x00007ff9f34cc000 	C:\WINDOWS\SYSTEM32\DEVOBJ.dll
0x00007ff9f09d0000 - 0x00007ff9f09fb000 	C:\WINDOWS\SYSTEM32\dwmapi.dll
0x00007ff9cfde0000 - 0x00007ff9cffe1000 	C:\WINDOWS\SYSTEM32\inputhost.dll
0x00007ff9f01a0000 - 0x00007ff9f02d3000 	C:\WINDOWS\SYSTEM32\CoreMessaging.dll
0x00007ff9f06a0000 - 0x00007ff9f074b000 	C:\WINDOWS\system32\uxtheme.dll
0x00007ff9f55e0000 - 0x00007ff9f56fe000 	C:\WINDOWS\System32\MSCTF.dll
0x00007ff9f2ff0000 - 0x00007ff9f2ffc000 	C:\WINDOWS\SYSTEM32\CRYPTBASE.DLL
0x00007ff9c4c50000 - 0x00007ff9c4d50000 	C:\WINDOWS\SYSTEM32\opengl32.dll
0x00007ff9e5c70000 - 0x00007ff9e5c9d000 	C:\WINDOWS\SYSTEM32\GLU32.dll
0x00007ff9f0860000 - 0x00007ff9f0896000 	C:\WINDOWS\SYSTEM32\dxcore.dll
0x00007ff9f58d0000 - 0x00007ff9f5980000 	C:\WINDOWS\System32\clbcatq.dll
0x00007ff958a30000 - 0x00007ff95c687000 	C:\WINDOWS\System32\DriverStore\FileRepository\nv_dispi.inf_amd64_e34a87a86b660c23\nvoglv64.dll
0x00007ff9f5ce0000 - 0x00007ff9f6154000 	C:\WINDOWS\System32\SETUPAPI.dll
0x00007ff9f0610000 - 0x00007ff9f0624000 	C:\WINDOWS\SYSTEM32\WTSAPI32.dll
0x00007ff9f3140000 - 0x00007ff9f3168000 	C:\WINDOWS\SYSTEM32\bcrypt.dll
0x00007ff9f3430000 - 0x00007ff9f3442000 	C:\WINDOWS\SYSTEM32\msasn1.dll
0x00007ff9ea020000 - 0x00007ff9ea052000 	C:\WINDOWS\SYSTEM32\cryptnet.dll
0x00007ff9f3850000 - 0x00007ff9f39b7000 	C:\WINDOWS\System32\CRYPT32.dll
0x00007ff9e9e40000 - 0x00007ff9e9fa1000 	C:\WINDOWS\SYSTEM32\drvstore.dll
0x00007ff9f2f70000 - 0x00007ff9f2fb8000 	C:\WINDOWS\SYSTEM32\wldp.dll
0x00007ff9f3ec0000 - 0x00007ff9f3f2b000 	C:\WINDOWS\System32\WINTRUST.dll
0x00007ff9f28b0000 - 0x00007ff9f28e4000 	C:\WINDOWS\SYSTEM32\ntmarta.dll
0x00007ff99aa60000 - 0x00007ff99ad31000 	C:\WINDOWS\system32\nvspcap64.dll
0x00007ff9f2660000 - 0x00007ff9f26ad000 	C:\WINDOWS\SYSTEM32\powrprof.dll
0x00007ff9f2640000 - 0x00007ff9f2653000 	C:\WINDOWS\SYSTEM32\UMPDC.dll
0x00007ff9f2270000 - 0x00007ff9f22d6000 	C:\WINDOWS\SYSTEM32\WINSTA.dll
0x00007ff9c98a0000 - 0x00007ff9c99cd000 	C:\WINDOWS\SYSTEM32\textinputframework.dll
0x00007ff9db450000 - 0x00007ff9db4ae000 	C:\Users\weicl\AppData\Local\Temp\lwjgl_weicl\3.3.2+13\x64\lwjgl_opengl.dll
0x00007ff9ed150000 - 0x00007ff9ed4bc000 	C:\WINDOWS\SYSTEM32\CoreUIComponents.dll

dbghelp: loaded successfully - version: 4.0.5 - missing functions: none
symbol engine: initialized successfully - sym options: 0x614 - pdb path: .;C:\Program Files\Microsoft\jdk-17.0.7.7-hotspot\bin;C:\WINDOWS\SYSTEM32;C:\WINDOWS\WinSxS\amd64_microsoft.windows.common-controls_6595b64144ccf1df_6.0.22621.1635_none_270f70857386168e;C:\Program Files\Microsoft\jdk-17.0.7.7-hotspot\bin\server;C:\WINDOWS\SysWOW64;C:\Users\weicl\AppData\Local\Temp\lwjgl_weicl\3.3.2+13\x64;C:\WINDOWS\System32\DriverStore\FileRepository\nv_dispi.inf_amd64_e34a87a86b660c23

VM Arguments:
jvm_args: -Duser.dir=C:\Users\weicl\Desktop\kepler\compose -agentlib:jdwp=transport=dt_socket,server=y,suspend=y,quiet=n -Duser.dir=C:\Users\weicl\Desktop\kepler\compose 
java_command: main
java_class_path (initial): C:\Users\weicl\Desktop\kepler\.bloop\compose\bloop-bsp-clients-classes\classes-Metals-1ffyVRsCTduHUqNuoGIxjA==;C:\Users\weicl\AppData\Local\Coursier\Cache\v1\https\repo1.maven.org\maven2\org\scala-lang\scala3-library_3\3.2.2\scala3-library_3-3.2.2.jar;C:\Users\weicl\AppData\Local\Coursier\Cache\v1\https\repo1.maven.org\maven2\org\typelevel\cats-core_3\2.9.0\cats-core_3-2.9.0.jar;C:\Users\weicl\AppData\Local\Coursier\Cache\v1\https\repo1.maven.org\maven2\org\lwjgl\lwjgl\3.3.2\lwjgl-3.3.2.jar;C:\Users\weicl\AppData\Local\Coursier\Cache\v1\https\repo1.maven.org\maven2\org\lwjgl\lwjgl\3.3.2\lwjgl-3.3.2-natives-windows.jar;C:\Users\weicl\AppData\Local\Coursier\Cache\v1\https\repo1.maven.org\maven2\org\lwjgl\lwjgl-assimp\3.3.2\lwjgl-assimp-3.3.2.jar;C:\Users\weicl\AppData\Local\Coursier\Cache\v1\https\repo1.maven.org\maven2\org\lwjgl\lwjgl-assimp\3.3.2\lwjgl-assimp-3.3.2-natives-windows.jar;C:\Users\weicl\AppData\Local\Coursier\Cache\v1\https\repo1.maven.org\maven2\org\lwjgl\lwjgl-glfw\3.3.2\lwjgl-glfw-3.3.2.jar;C:\Users\weicl\AppData\Local\Coursier\Cache\v1\https\repo1.maven.org\maven2\org\lwjgl\lwjgl-glfw\3.3.2\lwjgl-glfw-3.3.2-natives-windows.jar;C:\Users\weicl\AppData\Local\Coursier\Cache\v1\https\repo1.maven.org\maven2\org\lwjgl\lwjgl-openal\3.3.2\lwjgl-openal-3.3.2.jar;C:\Users\weicl\AppData\Local\Coursier\Cache\v1\https\repo1.maven.org\maven2\org\lwjgl\lwjgl-openal\3.3.2\lwjgl-openal-3.3.2-natives-windows.jar;C:\Users\weicl\AppData\Local\Coursier\Cache\v1\https\repo1.maven.org\maven2\org\lwjgl\lwjgl-opengl\3.3.2\lwjgl-opengl-3.3.2.jar;C:\Users\weicl\AppData\Local\Coursier\Cache\v1\https\repo1.maven.org\maven2\org\lwjgl\lwjgl-opengl\3.3.2\lwjgl-opengl-3.3.2-natives-windows.jar;C:\Users\weicl\AppData\Local\Coursier\Cache\v1\https\repo1.maven.org\maven2\org\lwjgl\lwjgl-stb\3.3.2\lwjgl-stb-3.3.2.jar;C:\Users\weicl\AppData\Local\Coursier\Cache\v1\https\repo1.maven.org\maven2\org\lwjgl\lwjgl-stb\3.3.2\lwjgl-stb-3.3.2-natives-windows.jar;C:\Us
Launcher Type: SUN_STANDARD

[Global flags]
     intx CICompilerCount                          = 12                                        {product} {ergonomic}
     uint ConcGCThreads                            = 3                                         {product} {ergonomic}
     uint G1ConcRefinementThreads                  = 13                                        {product} {ergonomic}
   size_t G1HeapRegionSize                         = 4194304                                   {product} {ergonomic}
    uintx GCDrainStackTargetSize                   = 64                                        {product} {ergonomic}
   size_t InitialHeapSize                          = 536870912                                 {product} {ergonomic}
   size_t MarkStackSize                            = 4194304                                   {product} {ergonomic}
   size_t MaxHeapSize                              = 8531214336                                {product} {ergonomic}
   size_t MaxNewSize                               = 5117050880                                {product} {ergonomic}
   size_t MinHeapDeltaBytes                        = 4194304                                   {product} {ergonomic}
   size_t MinHeapSize                              = 8388608                                   {product} {ergonomic}
    uintx NonNMethodCodeHeapSize                   = 7602480                                {pd product} {ergonomic}
    uintx NonProfiledCodeHeapSize                  = 122027880                              {pd product} {ergonomic}
    uintx ProfiledCodeHeapSize                     = 122027880                              {pd product} {ergonomic}
    uintx ReservedCodeCacheSize                    = 251658240                              {pd product} {ergonomic}
     bool SegmentedCodeCache                       = true                                      {product} {ergonomic}
   size_t SoftMaxHeapSize                          = 8531214336                             {manageable} {ergonomic}
     bool UseCompressedClassPointers               = true                           {product lp64_product} {ergonomic}
     bool UseCompressedOops                        = true                           {product lp64_product} {ergonomic}
     bool UseG1GC                                  = true                                      {product} {ergonomic}
     bool UseLargePagesIndividualAllocation        = false                                  {pd product} {ergonomic}

Logging:
Log output configuration:
 #0: stdout all=warning uptime,level,tags
 #1: stderr all=off uptime,level,tags

Environment Variables:
JAVA_HOME=C:\Program Files\Microsoft\jdk-17.0.7.7-hotspot\
PATH=C:\Program Files\Microsoft\jdk-17.0.7.7-hotspot\bin;C:\WINDOWS\system32;C:\WINDOWS;C:\WINDOWS\System32\Wbem;C:\WINDOWS\System32\WindowsPowerShell\v1.0\;C:\WINDOWS\System32\OpenSSH\;C:\Program Files\dotnet\;C:\Program Files\NVIDIA Corporation\NVIDIA NvDLISR;C:\Program Files (x86)\NVIDIA Corporation\PhysX\Common;C:\Program Files\Git\cmd;C:\Program Files (x86)\sbt\bin;C:\Users\weicl\AppData\Local\Microsoft\WindowsApps;C:\Users\weicl\AppData\Local\Microsoft\WinGet\Packages\Kubernetes.kubectl_Microsoft.Winget.Source_8wekyb3d8bbwe;C:\Users\weicl\AppData\Local\Programs\Microsoft VS Code\bin;C:\ProgramData\chectl\chectl\bin;
USERNAME=weicl
OS=Windows_NT
PROCESSOR_IDENTIFIER=Intel64 Family 6 Model 154 Stepping 3, GenuineIntel
TMP=C:\Users\weicl\AppData\Local\Temp
TEMP=C:\Users\weicl\AppData\Local\Temp



---------------  S Y S T E M  ---------------

OS:
 Windows 11 , 64 bit Build 22621 (10.0.22621.1635)
OS uptime: 4 days 23:28 hours
Hyper-V role detected

CPU: total 16 (initial active 16) (8 cores per cpu, 2 threads per core) family 6 model 154 stepping 3 microcode 0x423, cx8, cmov, fxsr, ht, mmx, 3dnowpref, sse, sse2, sse3, ssse3, sse4.1, sse4.2, popcnt, lzcnt, tsc, tscinvbit, avx, avx2, aes, erms, clmul, bmi1, bmi2, adx, sha, fma, vzeroupper, clflush, clflushopt, clwb, hv

Memory: 4k page, system-wide physical 32533M (17832M free)
TotalPageFile size 34874M (AvailPageFile size 16332M)
current process WorkingSet (physical memory assigned to process): 403M, peak: 458M
current process commit charge ("private bytes"): 685M, peak: 742M

vm_info: OpenJDK 64-Bit Server VM (17.0.7+7-LTS) for windows-amd64 JRE (17.0.7+7-LTS), built on Apr 13 2023 20:59:12 by "MicrosoftCorporation" with MS VC++ 16.10 / 16.11 (VS2019)

END.
